@I [HLS-0] Workspace /home/michael/ecen5139_final_project/CAV_MidtermPriorityQueue_Verilog_Runner/solution1 opened at Sat Dec 05 16:05:22 MST 2015
@I [HLS-100] Command "config_clock -quiet -name default -period 10 -default=false "
@I [SYN-201] Setting up clock 'default' with a period of 10ns.
@I [HLS-100] Command 'config_clock' returned 0; elapsed 0.000131Total elapsed time: 0.452 sec.
@I [HLS-100] Command "open_platform DefaultPlatform "
@I [HLS-100] Command 'open_platform' returned 0; elapsed 0.000173Total elapsed time: 0.452 sec.
@I [HLS-100] Command "import_lib /Xilinx/Vivado_HLS/2014.1/common/technology/xilinx/zynq/zynq "
@I [HLS-100] Command "source /Xilinx/Vivado_HLS/2014.1/common/technology/xilinx/common/xilinx.lib "
@I [HLS-100] Command "source /Xilinx/Vivado_HLS/2014.1/common/technology/xilinx/interface/xilinx_interface.lib "
@I [HLS-100] Command "source /Xilinx/Vivado_HLS/2014.1/common/technology/xilinx/interface/plb46.lib "
@I [HLS-100] Command 'ap_source' returned 0; elapsed 0.000321Total elapsed time: 0.453 sec.
@I [HLS-100] Command "source /Xilinx/Vivado_HLS/2014.1/common/technology/xilinx/interface/fsl.lib "
@I [HLS-100] Command 'ap_source' returned 0; elapsed 0.000115Total elapsed time: 0.453 sec.
@I [HLS-100] Command "source /Xilinx/Vivado_HLS/2014.1/common/technology/xilinx/interface/axi4.lib "
@I [HLS-100] Command 'ap_source' returned 0; elapsed 0.000148Total elapsed time: 0.454 sec.
@I [HLS-100] Command 'ap_source' returned 0; elapsed 0.000791Total elapsed time: 0.454 sec.
@I [HLS-100] Command "source /Xilinx/Vivado_HLS/2014.1/common/technology/xilinx/common/dsp48.lib "
@I [HLS-100] Command 'ap_source' returned 0; elapsed 8.3e-05Total elapsed time: 0.454 sec.
@I [HLS-100] Command "source /Xilinx/Vivado_HLS/2014.1/common/technology/xilinx/ip/xfft.lib "
@I [HLS-100] Command 'ap_source' returned 0; elapsed 0.000125Total elapsed time: 0.454 sec.
@I [HLS-100] Command "source /Xilinx/Vivado_HLS/2014.1/common/technology/xilinx/ip/xfir.lib "
@I [HLS-100] Command 'ap_source' returned 0; elapsed 7.3e-05Total elapsed time: 0.454 sec.
@I [HLS-100] Command 'ap_source' returned 0; elapsed 0.002858Total elapsed time: 0.456 sec.
@I [HLS-100] Command "source /Xilinx/Vivado_HLS/2014.1/common/technology/xilinx/common/xilinx_old.lib "
@I [HLS-100] Command 'ap_source' returned 0; elapsed 0.000514Total elapsed time: 0.457 sec.
@I [HLS-100] Command "source /Xilinx/Vivado_HLS/2014.1/common/technology/xilinx/common/xilinx_vivado.lib "
@I [HLS-100] Command 'ap_source' returned 0; elapsed 0.000277Total elapsed time: 0.457 sec.
@I [HLS-100] Command "source /Xilinx/Vivado_HLS/2014.1/common/technology/xilinx/common/xilinx.hlp "
@I [HLS-100] Command "source /Xilinx/Vivado_HLS/2014.1/common/technology/xilinx/common/target_info.tcl "
@I [HLS-100] Command 'ap_source' returned 0; elapsed 7.9e-05Total elapsed time: 0.459 sec.
@I [HLS-100] Command "source /Xilinx/Vivado_HLS/2014.1/common/technology/xilinx/common/dsp48.hlp "
@I [HLS-100] Command 'ap_source' returned 0; elapsed 0.000286Total elapsed time: 0.459 sec.
@I [HLS-100] Command 'ap_source' returned 0; elapsed 0.000926Total elapsed time: 0.460 sec.
@I [HLS-100] Command "source /Xilinx/Vivado_HLS/2014.1/common/technology/xilinx/zynq/dsp48e1.hlp "
@I [HLS-100] Command 'ap_source' returned 0; elapsed 6.8e-05Total elapsed time: 0.460 sec.
@I [HLS-100] Command "get_default_platform "
@I [HLS-100] Command 'get_default_platform' returned 0; elapsed 2.9e-05Total elapsed time: 0.460 sec.
@I [HLS-100] Command "config_chip_info -quiet -resource  {SLICE 13300}  {LUT 53200}     {FF 106400} {DSP48E 220}   {BRAM 280}  "
@I [HLS-100] Command 'config_chip_info' returned 0; elapsed 1.5e-05Total elapsed time: 0.460 sec.
@I [HLS-100] Command "config_chip_info -quiet -speed medium "
@I [HLS-100] Command 'config_chip_info' returned 0; elapsed 4e-06Total elapsed time: 0.460 sec.
@I [HLS-100] Command 'import_lib' returned 0; elapsed 0.00826Total elapsed time: 0.461 sec.
@I [HLS-100] Command "source /Xilinx/Vivado_HLS/2014.1/common/technology/xilinx/zynq/zynq.gen "
@I [HLS-100] Command "source /Xilinx/Vivado_HLS/2014.1/common/technology/xilinx/common/virtex.gen "
@I [HLS-100] Command "source /Xilinx/Vivado_HLS/2014.1/common/technology/xilinx/common/xilinx.gen "
@I [HLS-100] Command "source /Xilinx/Vivado_HLS/2014.1/common/technology/xilinx/interface/plb46.gen "
@I [HLS-100] Command 'ap_source' returned 0; elapsed 0.000705Total elapsed time: 0.462 sec.
@I [HLS-100] Command "source /Xilinx/Vivado_HLS/2014.1/common/technology/xilinx/interface/fsl.gen "
@I [HLS-100] Command 'ap_source' returned 0; elapsed 0.000278Total elapsed time: 0.462 sec.
@I [HLS-100] Command "source /Xilinx/Vivado_HLS/2014.1/common/technology/xilinx/interface/axi4.gen "
@I [HLS-100] Command 'ap_source' returned 0; elapsed 0.001357Total elapsed time: 0.464 sec.
@I [HLS-100] Command "source /Xilinx/Vivado_HLS/2014.1/common/technology/xilinx/interface/nativeAXI4.gen "
@I [HLS-100] Command "source /Xilinx/Vivado_HLS/2014.1/common/technology/xilinx/interface/saxilite.gen "
@I [HLS-100] Command 'ap_source' returned 0; elapsed 0.001198Total elapsed time: 0.465 sec.
@I [HLS-100] Command "source /Xilinx/Vivado_HLS/2014.1/common/technology/xilinx/interface/maxi.gen "
@I [HLS-100] Command 'ap_source' returned 0; elapsed 0.001636Total elapsed time: 0.467 sec.
@I [HLS-100] Command 'ap_source' returned 0; elapsed 0.002948Total elapsed time: 0.467 sec.
@I [HLS-100] Command "source /Xilinx/Vivado_HLS/2014.1/common/technology/xilinx/scripts/xilinxcoregen.gen "
@I [HLS-100] Command 'ap_source' returned 0; elapsed 0.00457Total elapsed time: 0.471 sec.
@I [HLS-100] Command "source /Xilinx/Vivado_HLS/2014.1/common/technology/xilinx/interface/XilEDKCoreGen.gen "
@I [HLS-100] Command 'ap_source' returned 0; elapsed 0.006023Total elapsed time: 0.477 sec.
@I [HLS-100] Command "source /Xilinx/Vivado_HLS/2014.1/common/technology/xilinx/ip/util.gen "
@I [HLS-100] Command 'ap_source' returned 0; elapsed 9.1e-05Total elapsed time: 0.478 sec.
@I [HLS-100] Command "source /Xilinx/Vivado_HLS/2014.1/common/technology/xilinx/ip/xfir.gen "
@I [HLS-100] Command "source /Xilinx/Vivado_HLS/2014.1/tps/tcl/tcllib1.11.1/struct/list.tcl "
@I [HLS-100] Command "source /Xilinx/Vivado_HLS/2014.1/tps/tcl/tcllib1.11.1/cmdline/cmdline.tcl "
@I [HLS-100] Command 'ap_source' returned 0; elapsed 0.00049Total elapsed time: 0.488 sec.
@I [HLS-100] Command 'ap_source' returned 0; elapsed 0.001217Total elapsed time: 0.488 sec.
@I [HLS-100] Command "source /Xilinx/Vivado_HLS/2014.1/tps/tcl/tcllib1.11.1/math/bignum.tcl "
@I [HLS-100] Command 'ap_source' returned 0; elapsed 0.000305Total elapsed time: 0.491 sec.
@I [HLS-100] Command 'ap_source' returned 0; elapsed 0.018725Total elapsed time: 0.496 sec.
@I [HLS-100] Command "source /Xilinx/Vivado_HLS/2014.1/common/technology/xilinx/ip/xfft.gen "
@I [HLS-100] Command 'ap_source' returned 0; elapsed 0.072443Total elapsed time: 0.570 sec.
@I [HLS-100] Command 'ap_source' returned 0; elapsed 0.107579Total elapsed time: 0.570 sec.
@I [HLS-100] Command "source /Xilinx/Vivado_HLS/2014.1/common/technology/xilinx/common/dsp48.gen "
@I [HLS-100] Command 'ap_source' returned 0; elapsed 0.000203Total elapsed time: 0.571 sec.
@I [HLS-100] Command 'ap_source' returned 0; elapsed 0.108833Total elapsed time: 0.571 sec.
@I [HLS-100] Command 'ap_source' returned 0; elapsed 0.108928Total elapsed time: 0.571 sec.
@I [HLS-100] Command "open_platform DefaultPlatform "
@I [HLS-100] Command 'open_platform' returned 0; elapsed 6.5e-05Total elapsed time: 0.571 sec.
@I [HLS-100] Command "import_lib /Xilinx/Vivado_HLS/2014.1/common/technology/xilinx/zynq/zynq_fpv6 "
@I [HLS-100] Command "source /Xilinx/Vivado_HLS/2014.1/common/technology/xilinx/common/xilinx_fpv7.lib "
@I [HLS-100] Command "source /Xilinx/Vivado_HLS/2014.1/common/technology/xilinx/common/xilinx_fpv6.lib "
@I [HLS-100] Command 'ap_source' returned 0; elapsed 0.000746Total elapsed time: 0.572 sec.
@I [HLS-100] Command 'ap_source' returned 0; elapsed 0.001973Total elapsed time: 0.574 sec.
@I [HLS-100] Command 'import_lib' returned 0; elapsed 0.008316Total elapsed time: 0.580 sec.
@I [HLS-100] Command "source /Xilinx/Vivado_HLS/2014.1/common/technology/xilinx/zynq/zynq_fpv6.gen "
@I [HLS-100] Command "source /Xilinx/Vivado_HLS/2014.1/common/technology/xilinx/common/xilinx_fpv6.gen "
@I [HLS-100] Command 'ap_source' returned 0; elapsed 0.000809Total elapsed time: 0.581 sec.
@I [HLS-100] Command 'ap_source' returned 0; elapsed 0.000957Total elapsed time: 0.581 sec.
@I [HLS-100] Command "set_part xc7z020clg484-1 "
@I [HLS-100] Command "add_library xilinx/zynq/zynq:xc7z020:clg484:-1 "
@I [HLS-100] Command "get_default_platform "
@I [HLS-100] Command 'get_default_platform' returned 0; elapsed 1e-05Total elapsed time: 0.583 sec.
@I [HLS-100] Command "license_exists VIVADO_HLS "
@I [HLS-100] Command 'license_exists' returned 0; elapsed 7.2e-05Total elapsed time: 0.584 sec.
@I [HLS-100] Command "get_default_platform "
@I [HLS-100] Command 'get_default_platform' returned 0; elapsed 7e-06Total elapsed time: 0.584 sec.
@I [HLS-100] Command "config_chip_info -quiet -resource  {SLICE 13300}  {LUT 53200}     {FF 106400} {DSP48E 220}   {BRAM 280}  "
@I [HLS-100] Command 'config_chip_info' returned 0; elapsed 1.4e-05Total elapsed time: 0.584 sec.
@I [HLS-100] Command "config_chip_info -quiet -speed slow "
@I [HLS-100] Command 'config_chip_info' returned 0; elapsed 5e-06Total elapsed time: 0.584 sec.
@I [HLS-100] Command 'add_library' returned 0; elapsed 0.002222Total elapsed time: 0.585 sec.
@I [HLS-100] Command "add_library xilinx/zynq/zynq_fpv6 "
@I [HLS-100] Command "get_default_platform "
@I [HLS-100] Command 'get_default_platform' returned 0; elapsed 7e-06Total elapsed time: 0.586 sec.
@I [HLS-100] Command "license_exists VIVADO_HLS "
@I [HLS-100] Command 'license_exists' returned 0; elapsed 7e-06Total elapsed time: 0.586 sec.
@I [HLS-100] Command 'add_library' returned 0; elapsed 0.001162Total elapsed time: 0.586 sec.
@I [HLS-10] Setting target device to 'xc7z020clg484-1'
@I [HLS-100] Command 'set_part' returned 0; elapsed 0.00507Total elapsed time: 0.586 sec.
@I [HLS-100] Command "get_default_platform "
@I [HLS-100] Command 'get_default_platform' returned 0; elapsed 5e-06Total elapsed time: 0.586 sec.
@I [HLS-100] Command "config_chip_info -quiet -resource  {SLICE 13300}  {LUT 53200}     {FF 106400} {DSP48E 220}   {BRAM 280}  "
@I [HLS-100] Command 'config_chip_info' returned 0; elapsed 9e-06Total elapsed time: 0.586 sec.
@I [HLS-100] Command "config_chip_info -quiet -speed slow "
@I [HLS-100] Command 'config_chip_info' returned 0; elapsed 1.4e-05Total elapsed time: 0.586 sec.
@I [HLS-100] Command 'open_solution' returned 0; elapsed 0.136689Total elapsed time: 0.587 sec.
@I [HLS-100] Command "export_design -format ip_catalog "
@I [HLS-100] Command "source /home/michael/ecen5139_final_project/CAV_MidtermPriorityQueue_Verilog_Runner/solution1/.autopilot/db/global.setting.tcl "
@I [HLS-100] Command 'ap_source' returned 0; elapsed 0.000124Total elapsed time: 0.590 sec.
@I [HLS-100] Command "source /Xilinx/Vivado_HLS/2014.1/common/technology/generic/autopilot/common.gen "
@I [HLS-100] Command "source /Xilinx/Vivado_HLS/2014.1/common/technology/generic/autopilot/APCoreGen.gen "
@I [HLS-100] Command 'ap_source' returned 0; elapsed 0.00033Total elapsed time: 0.593 sec.
@I [HLS-100] Command 'ap_source' returned 0; elapsed 0.002197Total elapsed time: 0.594 sec.
@I [HLS-100] Command "source /Xilinx/Vivado_HLS/2014.1/common/technology/generic/autopilot/op.gen "
@I [HLS-100] Command 'ap_source' returned 0; elapsed 0.000177Total elapsed time: 0.594 sec.
@I [HLS-100] Command "source /Xilinx/Vivado_HLS/2014.1/common/technology/generic/autopilot/op_simcore.gen "
@I [HLS-100] Command 'ap_source' returned 0; elapsed 0.000468Total elapsed time: 0.594 sec.
@I [HLS-100] Command "source /Xilinx/Vivado_HLS/2014.1/common/technology/generic/autopilot/interface.gen "
@I [HLS-100] Command 'ap_source' returned 0; elapsed 6.2e-05Total elapsed time: 0.594 sec.
@I [HLS-100] Command "source /home/michael/ecen5139_final_project/CAV_MidtermPriorityQueue_Verilog_Runner/solution1/.autopilot/db/global.setting.tcl "
@I [HLS-100] Command 'ap_source' returned 0; elapsed 9.5e-05Total elapsed time: 0.594 sec.
@I [HLS-100] Command "source /Xilinx/Vivado_HLS/2014.1/common/technology/xilinx/zynq/zynq.gen "
@I [HLS-100] Command "source /Xilinx/Vivado_HLS/2014.1/common/technology/xilinx/common/virtex.gen "
@I [HLS-100] Command "source /Xilinx/Vivado_HLS/2014.1/common/technology/xilinx/common/xilinx.gen "
@I [HLS-100] Command "source /Xilinx/Vivado_HLS/2014.1/common/technology/xilinx/interface/plb46.gen "
@I [HLS-100] Command 'ap_source' returned 0; elapsed 0.000762Total elapsed time: 0.596 sec.
@I [HLS-100] Command "source /Xilinx/Vivado_HLS/2014.1/common/technology/xilinx/interface/fsl.gen "
@I [HLS-100] Command 'ap_source' returned 0; elapsed 0.00033Total elapsed time: 0.596 sec.
@I [HLS-100] Command "source /Xilinx/Vivado_HLS/2014.1/common/technology/xilinx/interface/axi4.gen "
@I [HLS-100] Command 'ap_source' returned 0; elapsed 0.001331Total elapsed time: 0.597 sec.
@I [HLS-100] Command "source /Xilinx/Vivado_HLS/2014.1/common/technology/xilinx/interface/nativeAXI4.gen "
@I [HLS-100] Command "source /Xilinx/Vivado_HLS/2014.1/common/technology/xilinx/interface/saxilite.gen "
@I [HLS-100] Command 'ap_source' returned 0; elapsed 0.001263Total elapsed time: 0.599 sec.
@I [HLS-100] Command "source /Xilinx/Vivado_HLS/2014.1/common/technology/xilinx/interface/maxi.gen "
@I [HLS-100] Command 'ap_source' returned 0; elapsed 0.001875Total elapsed time: 0.601 sec.
@I [HLS-100] Command 'ap_source' returned 0; elapsed 0.003258Total elapsed time: 0.601 sec.
@I [HLS-100] Command "source /Xilinx/Vivado_HLS/2014.1/common/technology/xilinx/scripts/xilinxcoregen.gen "
@I [HLS-100] Command 'ap_source' returned 0; elapsed 0.00531Total elapsed time: 0.606 sec.
@I [HLS-100] Command "source /Xilinx/Vivado_HLS/2014.1/common/technology/xilinx/interface/XilEDKCoreGen.gen "
@I [HLS-100] Command 'ap_source' returned 0; elapsed 0.00558Total elapsed time: 0.612 sec.
@I [HLS-100] Command "source /Xilinx/Vivado_HLS/2014.1/common/technology/xilinx/ip/util.gen "
@I [HLS-100] Command 'ap_source' returned 0; elapsed 0.000131Total elapsed time: 0.612 sec.
@I [HLS-100] Command "source /Xilinx/Vivado_HLS/2014.1/common/technology/xilinx/ip/xfir.gen "
@I [HLS-100] Command 'ap_source' returned 0; elapsed 0.017218Total elapsed time: 0.629 sec.
@I [HLS-100] Command "source /Xilinx/Vivado_HLS/2014.1/common/technology/xilinx/ip/xfft.gen "
@I [HLS-100] Command 'ap_source' returned 0; elapsed 0.070972Total elapsed time: 0.702 sec.
@I [HLS-100] Command 'ap_source' returned 0; elapsed 0.105507Total elapsed time: 0.702 sec.
@I [HLS-100] Command "source /Xilinx/Vivado_HLS/2014.1/common/technology/xilinx/common/dsp48.gen "
@I [HLS-100] Command 'ap_source' returned 0; elapsed 0.000326Total elapsed time: 0.703 sec.
@I [HLS-100] Command 'ap_source' returned 0; elapsed 0.107478Total elapsed time: 0.704 sec.
@I [HLS-100] Command 'ap_source' returned 0; elapsed 0.107591Total elapsed time: 0.704 sec.
@I [HLS-100] Command "source /Xilinx/Vivado_HLS/2014.1/common/technology/xilinx/zynq/zynq_fpv6.gen "
@I [HLS-100] Command "source /Xilinx/Vivado_HLS/2014.1/common/technology/xilinx/common/xilinx_fpv6.gen "
@I [HLS-100] Command 'ap_source' returned 0; elapsed 0.001069Total elapsed time: 0.705 sec.
@I [HLS-100] Command 'ap_source' returned 0; elapsed 0.001177Total elapsed time: 0.705 sec.
@I [HLS-100] Command "source /home/michael/ecen5139_final_project/CAV_MidtermPriorityQueue_Verilog_Runner/solution1/.autopilot/db/global.setting.tcl "
@I [HLS-100] Command 'ap_source' returned 0; elapsed 0.000121Total elapsed time: 0.705 sec.
@I [IMPL-8] Exporting RTL as an IP in IP-XACT.
@I [HLS-100] Command "source /home/michael/ecen5139_final_project/CAV_MidtermPriorityQueue_Verilog_Runner/solution1/.autopilot/db/global.setting.tcl "
@I [HLS-100] Command 'ap_source' returned 0; elapsed 0.000113Total elapsed time: 0.706 sec.
@I [HLS-100] Command "source /home/michael/ecen5139_final_project/CAV_MidtermPriorityQueue_Verilog_Runner/solution1/.autopilot/db/global.setting.tcl "
@I [HLS-100] Command 'ap_source' returned 0; elapsed 0.000144Total elapsed time: 0.710 sec.
@I [HLS-100] Command "source /Xilinx/Vivado_HLS/2014.1/common/technology/generic/autopilot/common.gen "
@I [HLS-100] Command "source /Xilinx/Vivado_HLS/2014.1/common/technology/generic/autopilot/APCoreGen.gen "
@I [HLS-100] Command 'ap_source' returned 0; elapsed 0.000457Total elapsed time: 0.711 sec.
@I [HLS-100] Command 'ap_source' returned 0; elapsed 0.001024Total elapsed time: 0.712 sec.
@I [HLS-100] Command "source /Xilinx/Vivado_HLS/2014.1/common/technology/generic/autopilot/op.gen "
@I [HLS-100] Command 'ap_source' returned 0; elapsed 0.000219Total elapsed time: 0.712 sec.
@I [HLS-100] Command "source /Xilinx/Vivado_HLS/2014.1/common/technology/generic/autopilot/op_simcore.gen "
@I [HLS-100] Command 'ap_source' returned 0; elapsed 0.000571Total elapsed time: 0.712 sec.
@I [HLS-100] Command "source /Xilinx/Vivado_HLS/2014.1/common/technology/generic/autopilot/interface.gen "
@I [HLS-100] Command 'ap_source' returned 0; elapsed 7.6e-05Total elapsed time: 0.713 sec.
@I [HLS-100] Command "source /home/michael/ecen5139_final_project/CAV_MidtermPriorityQueue_Verilog_Runner/solution1/.autopilot/db/global.setting.tcl "
@I [HLS-100] Command 'ap_source' returned 0; elapsed 0.000112Total elapsed time: 0.713 sec.
@I [HLS-100] Command "source /Xilinx/Vivado_HLS/2014.1/common/technology/xilinx/zynq/zynq.gen "
@I [HLS-100] Command "source /Xilinx/Vivado_HLS/2014.1/common/technology/xilinx/common/virtex.gen "
@I [HLS-100] Command "source /Xilinx/Vivado_HLS/2014.1/common/technology/xilinx/common/xilinx.gen "
@I [HLS-100] Command "source /Xilinx/Vivado_HLS/2014.1/common/technology/xilinx/interface/plb46.gen "
@I [HLS-100] Command 'ap_source' returned 0; elapsed 0.000719Total elapsed time: 0.714 sec.
@I [HLS-100] Command "source /Xilinx/Vivado_HLS/2014.1/common/technology/xilinx/interface/fsl.gen "
@I [HLS-100] Command 'ap_source' returned 0; elapsed 0.000393Total elapsed time: 0.714 sec.
@I [HLS-100] Command "source /Xilinx/Vivado_HLS/2014.1/common/technology/xilinx/interface/axi4.gen "
@I [HLS-100] Command 'ap_source' returned 0; elapsed 0.001415Total elapsed time: 0.716 sec.
@I [HLS-100] Command "source /Xilinx/Vivado_HLS/2014.1/common/technology/xilinx/interface/nativeAXI4.gen "
@I [HLS-100] Command "source /Xilinx/Vivado_HLS/2014.1/common/technology/xilinx/interface/saxilite.gen "
@I [HLS-100] Command 'ap_source' returned 0; elapsed 0.00132Total elapsed time: 0.717 sec.
@I [HLS-100] Command "source /Xilinx/Vivado_HLS/2014.1/common/technology/xilinx/interface/maxi.gen "
@I [HLS-100] Command 'ap_source' returned 0; elapsed 0.001577Total elapsed time: 0.719 sec.
@I [HLS-100] Command 'ap_source' returned 0; elapsed 0.003055Total elapsed time: 0.719 sec.
@I [HLS-100] Command "source /Xilinx/Vivado_HLS/2014.1/common/technology/xilinx/scripts/xilinxcoregen.gen "
@I [HLS-100] Command 'ap_source' returned 0; elapsed 0.005861Total elapsed time: 0.725 sec.
@I [HLS-100] Command "source /Xilinx/Vivado_HLS/2014.1/common/technology/xilinx/interface/XilEDKCoreGen.gen "
@I [HLS-100] Command 'ap_source' returned 0; elapsed 0.005301Total elapsed time: 0.730 sec.
@I [HLS-100] Command "source /Xilinx/Vivado_HLS/2014.1/common/technology/xilinx/ip/util.gen "
@I [HLS-100] Command 'ap_source' returned 0; elapsed 9.4e-05Total elapsed time: 0.730 sec.
@I [HLS-100] Command "source /Xilinx/Vivado_HLS/2014.1/common/technology/xilinx/ip/xfir.gen "
@I [HLS-100] Command 'ap_source' returned 0; elapsed 0.016761Total elapsed time: 0.747 sec.
@I [HLS-100] Command "source /Xilinx/Vivado_HLS/2014.1/common/technology/xilinx/ip/xfft.gen "
@I [HLS-100] Command 'ap_source' returned 0; elapsed 0.074377Total elapsed time: 0.834 sec.
@I [HLS-100] Command 'ap_source' returned 0; elapsed 0.10847Total elapsed time: 0.835 sec.
@I [HLS-100] Command "source /Xilinx/Vivado_HLS/2014.1/common/technology/xilinx/common/dsp48.gen "
@I [HLS-100] Command 'ap_source' returned 0; elapsed 0.000136Total elapsed time: 0.838 sec.
@I [HLS-100] Command 'ap_source' returned 0; elapsed 0.111674Total elapsed time: 0.838 sec.
@I [HLS-100] Command 'ap_source' returned 0; elapsed 0.111774Total elapsed time: 0.838 sec.
@I [HLS-100] Command "source /Xilinx/Vivado_HLS/2014.1/common/technology/xilinx/zynq/zynq_fpv6.gen "
@I [HLS-100] Command "source /Xilinx/Vivado_HLS/2014.1/common/technology/xilinx/common/xilinx_fpv6.gen "
@I [HLS-100] Command 'ap_source' returned 0; elapsed 0.001008Total elapsed time: 0.839 sec.
@I [HLS-100] Command 'ap_source' returned 0; elapsed 0.001148Total elapsed time: 0.839 sec.
@I [HLS-100] Command "source /home/michael/ecen5139_final_project/CAV_MidtermPriorityQueue_Verilog_Runner/solution1/.autopilot/db/runQueue.compgen.tcl "
@I [HLS-100] Command 'ap_source' returned 0; elapsed 0.000171Total elapsed time: 0.839 sec.
@I [HLS-100] Command "source /home/michael/ecen5139_final_project/CAV_MidtermPriorityQueue_Verilog_Runner/solution1/.autopilot/db/runQueue.compgen.tcl "
@I [HLS-100] Command "source /home/michael/ecen5139_final_project/CAV_MidtermPriorityQueue_Verilog_Runner/solution1/.autopilot/db/runQueue.rtl_wrap.cfg.tcl "
@I [HLS-100] Command 'ap_source' returned 0; elapsed 0.001034Total elapsed time: 0.843 sec.
@I [HLS-100] Command "source /home/michael/ecen5139_final_project/CAV_MidtermPriorityQueue_Verilog_Runner/solution1/.autopilot/db/runQueue.rtl_wrap.cfg.tcl "
@I [HLS-100] Command 'ap_source' returned 0; elapsed 0.000968Total elapsed time: 0.844 sec.
@I [HLS-100] Command "source /home/michael/ecen5139_final_project/CAV_MidtermPriorityQueue_Verilog_Runner/solution1/.autopilot/db/runQueue.tbgen.tcl "
@I [HLS-100] Command 'ap_source' returned 0; elapsed 0.000225Total elapsed time: 0.845 sec.
@I [HLS-100] Command "source /home/michael/ecen5139_final_project/CAV_MidtermPriorityQueue_Verilog_Runner/solution1/.autopilot/db/runQueue.tbgen.tcl "
@I [HLS-100] Command 'ap_source' returned 0; elapsed 0.000146Total elapsed time: 0.845 sec.
@I [HLS-100] Command 'ap_source' returned 0; elapsed 0.023797Total elapsed time: 0.865 sec.
@I [HLS-100] Command "source /home/michael/ecen5139_final_project/CAV_MidtermPriorityQueue_Verilog_Runner/solution1/.autopilot/db/runQueue.compgen.tcl "
@I [HLS-100] Command 'ap_source' returned 0; elapsed 0.000309Total elapsed time: 0.871 sec.
@I [HLS-100] Command "source /home/michael/ecen5139_final_project/CAV_MidtermPriorityQueue_Verilog_Runner/solution1/impl/.pcores/verilog/AXI4LiteS.slave.tcl "
@I [HLS-100] Command 'ap_source' returned 0; elapsed 9.1e-05Total elapsed time: 0.878 sec.
@I [HLS-100] Command "source /home/michael/ecen5139_final_project/CAV_MidtermPriorityQueue_Verilog_Runner/solution1/.autopilot/db/global.setting.tcl "
@I [HLS-100] Command 'ap_source' returned 0; elapsed 0Total elapsed time: 0.888 sec.
@I [HLS-100] Command "source /home/michael/ecen5139_final_project/CAV_MidtermPriorityQueue_Verilog_Runner/solution1/.autopilot/db/runQueue.constraint.tcl "
@I [HLS-100] Command 'ap_source' returned 0; elapsed 7e-05Total elapsed time: 0.893 sec.
@I [HLS-100] Command "source /home/michael/ecen5139_final_project/CAV_MidtermPriorityQueue_Verilog_Runner/solution1/.autopilot/db/runQueue.rtl_wrap.cfg.tcl "
@I [HLS-100] Command 'ap_source' returned 0; elapsed 0.000604Total elapsed time: 0.992 sec.
@I [HLS-100] Command "source /home/michael/ecen5139_final_project/CAV_MidtermPriorityQueue_Verilog_Runner/solution1/.autopilot/db/runQueue.rtl_wrap.cfg.tcl "
@I [HLS-100] Command 'ap_source' returned 0; elapsed 0.000617Total elapsed time: 0.993 sec.
@I [HLS-100] Command "source /home/michael/ecen5139_final_project/CAV_MidtermPriorityQueue_Verilog_Runner/solution1/.autopilot/db/runQueue.tbgen.tcl "
@I [HLS-100] Command 'ap_source' returned 0; elapsed 8.6e-05Total elapsed time: 0.993 sec.
@I [HLS-100] Command "source /home/michael/ecen5139_final_project/CAV_MidtermPriorityQueue_Verilog_Runner/solution1/.autopilot/db/runQueue.tbgen.tcl "
@I [HLS-100] Command 'ap_source' returned 0; elapsed 8.3e-05Total elapsed time: 0.993 sec.
@I [HLS-100] Command "source /home/michael/ecen5139_final_project/CAV_MidtermPriorityQueue_Verilog_Runner/solution1/.autopilot/db/global.setting.tcl "
@I [HLS-100] Command 'ap_source' returned 0; elapsed 0.000122Total elapsed time: 1.15 sec.
@I [HLS-100] Command "source /home/michael/ecen5139_final_project/CAV_MidtermPriorityQueue_Verilog_Runner/solution1/.autopilot/db/global.setting.tcl "
@I [HLS-100] Command 'ap_source' returned 0; elapsed 9.8e-05Total elapsed time: 1.21 sec.
@I [HLS-100] Command "source /home/michael/ecen5139_final_project/CAV_MidtermPriorityQueue_Verilog_Runner/solution1/.autopilot/db/runQueue.constraint.tcl "
@I [HLS-100] Command 'ap_source' returned 0; elapsed 6.1e-05Total elapsed time: 1.21 sec.
@I [HLS-100] Command "source /home/michael/ecen5139_final_project/CAV_MidtermPriorityQueue_Verilog_Runner/solution1/.autopilot/db/runQueue.constraint.tcl "
@I [HLS-100] Command 'ap_source' returned 0; elapsed 9.1e-05Total elapsed time: 1.22 sec.
@I [HLS-100] Command "source /Xilinx/Vivado_HLS/2014.1/common/technology/generic/autopilot/common.gen "
@I [HLS-100] Command "source /Xilinx/Vivado_HLS/2014.1/common/technology/generic/autopilot/APCoreGen.gen "
@I [HLS-100] Command 'ap_source' returned 0; elapsed 0.000457Total elapsed time: 1.24 sec.
@I [HLS-100] Command 'ap_source' returned 0; elapsed 0.000912Total elapsed time: 1.25 sec.
@I [HLS-100] Command "source /Xilinx/Vivado_HLS/2014.1/common/technology/generic/autopilot/op.gen "
@I [HLS-100] Command 'ap_source' returned 0; elapsed 0.000224Total elapsed time: 1.25 sec.
@I [HLS-100] Command "source /Xilinx/Vivado_HLS/2014.1/common/technology/generic/autopilot/op_simcore.gen "
@I [HLS-100] Command 'ap_source' returned 0; elapsed 0.000521Total elapsed time: 1.25 sec.
@I [HLS-100] Command "source /Xilinx/Vivado_HLS/2014.1/common/technology/generic/autopilot/interface.gen "
@I [HLS-100] Command 'ap_source' returned 0; elapsed 7.6e-05Total elapsed time: 1.26 sec.
@I [HLS-100] Command "source /home/michael/ecen5139_final_project/CAV_MidtermPriorityQueue_Verilog_Runner/solution1/.autopilot/db/global.setting.tcl "
@I [HLS-100] Command 'ap_source' returned 0; elapsed 0.0001Total elapsed time: 1.26 sec.
@I [HLS-100] Command "source /Xilinx/Vivado_HLS/2014.1/common/technology/xilinx/zynq/zynq.gen "
@I [HLS-100] Command "source /Xilinx/Vivado_HLS/2014.1/common/technology/xilinx/common/virtex.gen "
@I [HLS-100] Command "source /Xilinx/Vivado_HLS/2014.1/common/technology/xilinx/common/xilinx.gen "
@I [HLS-100] Command "source /Xilinx/Vivado_HLS/2014.1/common/technology/xilinx/interface/plb46.gen "
@I [HLS-100] Command 'ap_source' returned 0; elapsed 0.000665Total elapsed time: 1.27 sec.
@I [HLS-100] Command "source /Xilinx/Vivado_HLS/2014.1/common/technology/xilinx/interface/fsl.gen "
@I [HLS-100] Command 'ap_source' returned 0; elapsed 0.000302Total elapsed time: 1.27 sec.
@I [HLS-100] Command "source /Xilinx/Vivado_HLS/2014.1/common/technology/xilinx/interface/axi4.gen "
@I [HLS-100] Command 'ap_source' returned 0; elapsed 0.001126Total elapsed time: 1.28 sec.
@I [HLS-100] Command "source /Xilinx/Vivado_HLS/2014.1/common/technology/xilinx/interface/nativeAXI4.gen "
@I [HLS-100] Command "source /Xilinx/Vivado_HLS/2014.1/common/technology/xilinx/interface/saxilite.gen "
@I [HLS-100] Command 'ap_source' returned 0; elapsed 0.00227Total elapsed time: 1.31 sec.
@I [HLS-100] Command "source /Xilinx/Vivado_HLS/2014.1/common/technology/xilinx/interface/maxi.gen "
@I [HLS-100] Command 'ap_source' returned 0; elapsed 0.001967Total elapsed time: 1.33 sec.
@I [HLS-100] Command 'ap_source' returned 0; elapsed 0.004382Total elapsed time: 1.33 sec.
@I [HLS-100] Command "source /Xilinx/Vivado_HLS/2014.1/common/technology/xilinx/scripts/xilinxcoregen.gen "
@I [HLS-100] Command 'ap_source' returned 0; elapsed 0.005031Total elapsed time: 1.38 sec.
@I [HLS-100] Command "source /Xilinx/Vivado_HLS/2014.1/common/technology/xilinx/interface/XilEDKCoreGen.gen "
@I [HLS-100] Command 'ap_source' returned 0; elapsed 0.006355Total elapsed time: 1.44 sec.
@I [HLS-100] Command "source /Xilinx/Vivado_HLS/2014.1/common/technology/xilinx/ip/util.gen "
@I [HLS-100] Command 'ap_source' returned 0; elapsed 0.000115Total elapsed time: 1.44 sec.
@I [HLS-100] Command "source /Xilinx/Vivado_HLS/2014.1/common/technology/xilinx/ip/xfir.gen "
@I [HLS-100] Command 'ap_source' returned 0; elapsed 0.017125Total elapsed time: 1.62 sec.
@I [HLS-100] Command "source /Xilinx/Vivado_HLS/2014.1/common/technology/xilinx/ip/xfft.gen "
@I [HLS-100] Command 'ap_source' returned 0; elapsed 0.066904Total elapsed time: 1.130 sec.
@I [HLS-100] Command 'ap_source' returned 0; elapsed 0.10255Total elapsed time: 1.130 sec.
@I [HLS-100] Command "source /Xilinx/Vivado_HLS/2014.1/common/technology/xilinx/common/dsp48.gen "
@I [HLS-100] Command 'ap_source' returned 0; elapsed 0.000166Total elapsed time: 1.131 sec.
@I [HLS-100] Command 'ap_source' returned 0; elapsed 0.10385Total elapsed time: 1.131 sec.
@I [HLS-100] Command 'ap_source' returned 0; elapsed 0.10394Total elapsed time: 1.131 sec.
@I [HLS-100] Command "source /Xilinx/Vivado_HLS/2014.1/common/technology/xilinx/zynq/zynq_fpv6.gen "
@I [HLS-100] Command "source /Xilinx/Vivado_HLS/2014.1/common/technology/xilinx/common/xilinx_fpv6.gen "
@I [HLS-100] Command 'ap_source' returned 0; elapsed 0.00102Total elapsed time: 1.132 sec.
@I [HLS-100] Command 'ap_source' returned 0; elapsed 0.001133Total elapsed time: 1.132 sec.
@I [HLS-100] Command "source /home/michael/ecen5139_final_project/CAV_MidtermPriorityQueue_Verilog_Runner/solution1/.autopilot/db/global.setting.tcl "
@I [HLS-100] Command 'ap_source' returned 0; elapsed 0.000287Total elapsed time: 9.994 sec.
@I [HLS-100] Command "source /Xilinx/Vivado_HLS/2014.1/common/technology/generic/autopilot/common.gen "
@I [HLS-100] Command "source /Xilinx/Vivado_HLS/2014.1/common/technology/generic/autopilot/APCoreGen.gen "
@I [HLS-100] Command 'ap_source' returned 0; elapsed 0.000395Total elapsed time: 9.997 sec.
@I [HLS-100] Command 'ap_source' returned 0; elapsed 0.000863Total elapsed time: 9.998 sec.
@I [HLS-100] Command "source /Xilinx/Vivado_HLS/2014.1/common/technology/generic/autopilot/op.gen "
@I [HLS-100] Command 'ap_source' returned 0; elapsed 0.00022Total elapsed time: 9.998 sec.
@I [HLS-100] Command "source /Xilinx/Vivado_HLS/2014.1/common/technology/generic/autopilot/op_simcore.gen "
@I [HLS-100] Command 'ap_source' returned 0; elapsed 0.000597Total elapsed time: 9.999 sec.
@I [HLS-100] Command "source /Xilinx/Vivado_HLS/2014.1/common/technology/generic/autopilot/interface.gen "
@I [HLS-100] Command 'ap_source' returned 0; elapsed 9.8e-05Total elapsed time: 9.999 sec.
@I [HLS-100] Command "source /home/michael/ecen5139_final_project/CAV_MidtermPriorityQueue_Verilog_Runner/solution1/.autopilot/db/global.setting.tcl "
@I [HLS-100] Command 'ap_source' returned 0; elapsed 0.000103Total elapsed time: 9.999 sec.
@I [HLS-100] Command "source /Xilinx/Vivado_HLS/2014.1/common/technology/xilinx/zynq/zynq.gen "
@I [HLS-100] Command "source /Xilinx/Vivado_HLS/2014.1/common/technology/xilinx/common/virtex.gen "
@I [HLS-100] Command "source /Xilinx/Vivado_HLS/2014.1/common/technology/xilinx/common/xilinx.gen "
@I [HLS-100] Command "source /Xilinx/Vivado_HLS/2014.1/common/technology/xilinx/interface/plb46.gen "
@I [HLS-100] Command 'ap_source' returned 0; elapsed 0.000943Total elapsed time: 10.0 sec.
@I [HLS-100] Command "source /Xilinx/Vivado_HLS/2014.1/common/technology/xilinx/interface/fsl.gen "
@I [HLS-100] Command 'ap_source' returned 0; elapsed 0.000339Total elapsed time: 10.1 sec.
@I [HLS-100] Command "source /Xilinx/Vivado_HLS/2014.1/common/technology/xilinx/interface/axi4.gen "
@I [HLS-100] Command 'ap_source' returned 0; elapsed 0.001817Total elapsed time: 10.2 sec.
@I [HLS-100] Command "source /Xilinx/Vivado_HLS/2014.1/common/technology/xilinx/interface/nativeAXI4.gen "
@I [HLS-100] Command "source /Xilinx/Vivado_HLS/2014.1/common/technology/xilinx/interface/saxilite.gen "
@I [HLS-100] Command 'ap_source' returned 0; elapsed 0.001674Total elapsed time: 10.4 sec.
@I [HLS-100] Command "source /Xilinx/Vivado_HLS/2014.1/common/technology/xilinx/interface/maxi.gen "
@I [HLS-100] Command 'ap_source' returned 0; elapsed 0.001797Total elapsed time: 10.6 sec.
@I [HLS-100] Command 'ap_source' returned 0; elapsed 0.003644Total elapsed time: 10.6 sec.
@I [HLS-100] Command "source /Xilinx/Vivado_HLS/2014.1/common/technology/xilinx/scripts/xilinxcoregen.gen "
@I [HLS-100] Command 'ap_source' returned 0; elapsed 0.005124Total elapsed time: 10.11 sec.
@I [HLS-100] Command "source /Xilinx/Vivado_HLS/2014.1/common/technology/xilinx/interface/XilEDKCoreGen.gen "
@I [HLS-100] Command 'ap_source' returned 0; elapsed 0.005493Total elapsed time: 10.17 sec.
@I [HLS-100] Command "source /Xilinx/Vivado_HLS/2014.1/common/technology/xilinx/ip/util.gen "
@I [HLS-100] Command 'ap_source' returned 0; elapsed 0.000109Total elapsed time: 10.17 sec.
@I [HLS-100] Command "source /Xilinx/Vivado_HLS/2014.1/common/technology/xilinx/ip/xfir.gen "
@I [HLS-100] Command 'ap_source' returned 0; elapsed 0.019531Total elapsed time: 10.37 sec.
@I [HLS-100] Command "source /Xilinx/Vivado_HLS/2014.1/common/technology/xilinx/ip/xfft.gen "
@I [HLS-100] Command 'ap_source' returned 0; elapsed 0.06758Total elapsed time: 10.108 sec.
@I [HLS-100] Command 'ap_source' returned 0; elapsed 0.105078Total elapsed time: 10.108 sec.
@I [HLS-100] Command "source /Xilinx/Vivado_HLS/2014.1/common/technology/xilinx/common/dsp48.gen "
@I [HLS-100] Command 'ap_source' returned 0; elapsed 0.000117Total elapsed time: 10.109 sec.
@I [HLS-100] Command 'ap_source' returned 0; elapsed 0.106245Total elapsed time: 10.109 sec.
@I [HLS-100] Command 'ap_source' returned 0; elapsed 0.106332Total elapsed time: 10.109 sec.
@I [HLS-100] Command "source /Xilinx/Vivado_HLS/2014.1/common/technology/xilinx/zynq/zynq_fpv6.gen "
@I [HLS-100] Command "source /Xilinx/Vivado_HLS/2014.1/common/technology/xilinx/common/xilinx_fpv6.gen "
@I [HLS-100] Command 'ap_source' returned 0; elapsed 0.000837Total elapsed time: 10.110 sec.
@I [HLS-100] Command 'ap_source' returned 0; elapsed 0.000926Total elapsed time: 10.110 sec.
@I [HLS-100] Command "source /home/michael/ecen5139_final_project/CAV_MidtermPriorityQueue_Verilog_Runner/solution1/.autopilot/db/global.setting.tcl "
@I [HLS-100] Command 'ap_source' returned 0; elapsed 0.000881Total elapsed time: 10.111 sec.
@I [HLS-100] Command "source /home/michael/ecen5139_final_project/CAV_MidtermPriorityQueue_Verilog_Runner/solution1/.autopilot/db/global.setting.tcl "
@I [HLS-100] Command 'ap_source' returned 0; elapsed 0.000106Total elapsed time: 10.112 sec.
@I [HLS-100] Command "source /home/michael/ecen5139_final_project/CAV_MidtermPriorityQueue_Verilog_Runner/solution1/.autopilot/db/global.setting.tcl "
@I [HLS-100] Command 'ap_source' returned 0; elapsed 0.000108Total elapsed time: 10.113 sec.
@I [HLS-100] Command "source /Xilinx/Vivado_HLS/2014.1/common/technology/generic/autopilot/common.gen "
@I [HLS-100] Command "source /Xilinx/Vivado_HLS/2014.1/common/technology/generic/autopilot/APCoreGen.gen "
@I [HLS-100] Command 'ap_source' returned 0; elapsed 0.000334Total elapsed time: 10.114 sec.
@I [HLS-100] Command 'ap_source' returned 0; elapsed 0.00071Total elapsed time: 10.114 sec.
@I [HLS-100] Command "source /Xilinx/Vivado_HLS/2014.1/common/technology/generic/autopilot/op.gen "
@I [HLS-100] Command 'ap_source' returned 0; elapsed 0.00019Total elapsed time: 10.114 sec.
@I [HLS-100] Command "source /Xilinx/Vivado_HLS/2014.1/common/technology/generic/autopilot/op_simcore.gen "
@I [HLS-100] Command 'ap_source' returned 0; elapsed 0.000513Total elapsed time: 10.115 sec.
@I [HLS-100] Command "source /Xilinx/Vivado_HLS/2014.1/common/technology/generic/autopilot/interface.gen "
@I [HLS-100] Command 'ap_source' returned 0; elapsed 7.3e-05Total elapsed time: 10.115 sec.
@I [HLS-100] Command "source /home/michael/ecen5139_final_project/CAV_MidtermPriorityQueue_Verilog_Runner/solution1/.autopilot/db/global.setting.tcl "
@I [HLS-100] Command 'ap_source' returned 0; elapsed 9.7e-05Total elapsed time: 10.115 sec.
@I [HLS-100] Command "source /Xilinx/Vivado_HLS/2014.1/common/technology/xilinx/zynq/zynq.gen "
@I [HLS-100] Command "source /Xilinx/Vivado_HLS/2014.1/common/technology/xilinx/common/virtex.gen "
@I [HLS-100] Command "source /Xilinx/Vivado_HLS/2014.1/common/technology/xilinx/common/xilinx.gen "
@I [HLS-100] Command "source /Xilinx/Vivado_HLS/2014.1/common/technology/xilinx/interface/plb46.gen "
@I [HLS-100] Command 'ap_source' returned 0; elapsed 0.00077Total elapsed time: 10.116 sec.
@I [HLS-100] Command "source /Xilinx/Vivado_HLS/2014.1/common/technology/xilinx/interface/fsl.gen "
@I [HLS-100] Command 'ap_source' returned 0; elapsed 0.000354Total elapsed time: 10.117 sec.
@I [HLS-100] Command "source /Xilinx/Vivado_HLS/2014.1/common/technology/xilinx/interface/axi4.gen "
@I [HLS-100] Command 'ap_source' returned 0; elapsed 0.001363Total elapsed time: 10.118 sec.
@I [HLS-100] Command "source /Xilinx/Vivado_HLS/2014.1/common/technology/xilinx/interface/nativeAXI4.gen "
@I [HLS-100] Command "source /Xilinx/Vivado_HLS/2014.1/common/technology/xilinx/interface/saxilite.gen "
@I [HLS-100] Command 'ap_source' returned 0; elapsed 0.001411Total elapsed time: 10.120 sec.
@I [HLS-100] Command "source /Xilinx/Vivado_HLS/2014.1/common/technology/xilinx/interface/maxi.gen "
@I [HLS-100] Command 'ap_source' returned 0; elapsed 0.001603Total elapsed time: 10.121 sec.
@I [HLS-100] Command 'ap_source' returned 0; elapsed 0.003189Total elapsed time: 10.121 sec.
@I [HLS-100] Command "source /Xilinx/Vivado_HLS/2014.1/common/technology/xilinx/scripts/xilinxcoregen.gen "
@I [HLS-100] Command 'ap_source' returned 0; elapsed 0.005714Total elapsed time: 10.127 sec.
@I [HLS-100] Command "source /Xilinx/Vivado_HLS/2014.1/common/technology/xilinx/interface/XilEDKCoreGen.gen "
@I [HLS-100] Command 'ap_source' returned 0; elapsed 0.005605Total elapsed time: 10.133 sec.
@I [HLS-100] Command "source /Xilinx/Vivado_HLS/2014.1/common/technology/xilinx/ip/util.gen "
@I [HLS-100] Command 'ap_source' returned 0; elapsed 0.000107Total elapsed time: 10.133 sec.
@I [HLS-100] Command "source /Xilinx/Vivado_HLS/2014.1/common/technology/xilinx/ip/xfir.gen "
@I [HLS-100] Command 'ap_source' returned 0; elapsed 0.016695Total elapsed time: 10.150 sec.
@I [HLS-100] Command "source /Xilinx/Vivado_HLS/2014.1/common/technology/xilinx/ip/xfft.gen "
@I [HLS-100] Command 'ap_source' returned 0; elapsed 0.068854Total elapsed time: 10.223 sec.
@I [HLS-100] Command 'ap_source' returned 0; elapsed 0.103351Total elapsed time: 10.223 sec.
@I [HLS-100] Command "source /Xilinx/Vivado_HLS/2014.1/common/technology/xilinx/common/dsp48.gen "
@I [HLS-100] Command 'ap_source' returned 0; elapsed 0.000118Total elapsed time: 10.224 sec.
@I [HLS-100] Command 'ap_source' returned 0; elapsed 0.104758Total elapsed time: 10.225 sec.
@I [HLS-100] Command 'ap_source' returned 0; elapsed 0.104842Total elapsed time: 10.225 sec.
@I [HLS-100] Command "source /Xilinx/Vivado_HLS/2014.1/common/technology/xilinx/zynq/zynq_fpv6.gen "
@I [HLS-100] Command "source /Xilinx/Vivado_HLS/2014.1/common/technology/xilinx/common/xilinx_fpv6.gen "
@I [HLS-100] Command 'ap_source' returned 0; elapsed 0.000829Total elapsed time: 10.226 sec.
@I [HLS-100] Command 'ap_source' returned 0; elapsed 0.00092Total elapsed time: 10.226 sec.
@I [HLS-100] Command "source /home/michael/ecen5139_final_project/CAV_MidtermPriorityQueue_Verilog_Runner/solution1/.autopilot/db/runQueue.compgen.tcl "
@I [HLS-100] Command 'ap_source' returned 0; elapsed 0.000164Total elapsed time: 10.226 sec.
@I [HLS-100] Command "source /home/michael/ecen5139_final_project/CAV_MidtermPriorityQueue_Verilog_Runner/solution1/.autopilot/db/global.setting.tcl "
@I [HLS-100] Command 'ap_source' returned 0; elapsed 0.000121Total elapsed time: 10.237 sec.
@I [HLS-100] Command "source /home/michael/ecen5139_final_project/CAV_MidtermPriorityQueue_Verilog_Runner/solution1/.autopilot/db/runQueue.constraint.tcl "
@I [HLS-100] Command 'ap_source' returned 0; elapsed 6.2e-05Total elapsed time: 10.237 sec.
@I [HLS-100] Command "source /Xilinx/Vivado_HLS/2014.1/common/technology/generic/autopilot/common.gen "
@I [HLS-100] Command "source /Xilinx/Vivado_HLS/2014.1/common/technology/generic/autopilot/APCoreGen.gen "
@I [HLS-100] Command 'ap_source' returned 0; elapsed 0.000359Total elapsed time: 10.238 sec.
@I [HLS-100] Command 'ap_source' returned 0; elapsed 0.000769Total elapsed time: 10.238 sec.
@I [HLS-100] Command "source /Xilinx/Vivado_HLS/2014.1/common/technology/generic/autopilot/op.gen "
@I [HLS-100] Command 'ap_source' returned 0; elapsed 0.000207Total elapsed time: 10.238 sec.
@I [HLS-100] Command "source /Xilinx/Vivado_HLS/2014.1/common/technology/generic/autopilot/op_simcore.gen "
@I [HLS-100] Command 'ap_source' returned 0; elapsed 0.0005Total elapsed time: 10.239 sec.
@I [HLS-100] Command "source /Xilinx/Vivado_HLS/2014.1/common/technology/generic/autopilot/interface.gen "
@I [HLS-100] Command 'ap_source' returned 0; elapsed 7.5e-05Total elapsed time: 10.239 sec.
@I [HLS-100] Command "source /home/michael/ecen5139_final_project/CAV_MidtermPriorityQueue_Verilog_Runner/solution1/.autopilot/db/global.setting.tcl "
@I [HLS-100] Command 'ap_source' returned 0; elapsed 0.000106Total elapsed time: 10.239 sec.
@I [HLS-100] Command "source /Xilinx/Vivado_HLS/2014.1/common/technology/xilinx/zynq/zynq.gen "
@I [HLS-100] Command "source /Xilinx/Vivado_HLS/2014.1/common/technology/xilinx/common/virtex.gen "
@I [HLS-100] Command "source /Xilinx/Vivado_HLS/2014.1/common/technology/xilinx/common/xilinx.gen "
@I [HLS-100] Command "source /Xilinx/Vivado_HLS/2014.1/common/technology/xilinx/interface/plb46.gen "
@I [HLS-100] Command 'ap_source' returned 0; elapsed 0.00071Total elapsed time: 10.240 sec.
@I [HLS-100] Command "source /Xilinx/Vivado_HLS/2014.1/common/technology/xilinx/interface/fsl.gen "
@I [HLS-100] Command 'ap_source' returned 0; elapsed 0.000323Total elapsed time: 10.241 sec.
@I [HLS-100] Command "source /Xilinx/Vivado_HLS/2014.1/common/technology/xilinx/interface/axi4.gen "
@I [HLS-100] Command 'ap_source' returned 0; elapsed 0.001374Total elapsed time: 10.242 sec.
@I [HLS-100] Command "source /Xilinx/Vivado_HLS/2014.1/common/technology/xilinx/interface/nativeAXI4.gen "
@I [HLS-100] Command "source /Xilinx/Vivado_HLS/2014.1/common/technology/xilinx/interface/saxilite.gen "
@I [HLS-100] Command 'ap_source' returned 0; elapsed 0.001158Total elapsed time: 10.243 sec.
@I [HLS-100] Command "source /Xilinx/Vivado_HLS/2014.1/common/technology/xilinx/interface/maxi.gen "
@I [HLS-100] Command 'ap_source' returned 0; elapsed 0.001625Total elapsed time: 10.245 sec.
@I [HLS-100] Command 'ap_source' returned 0; elapsed 0.002905Total elapsed time: 10.245 sec.
@I [HLS-100] Command "source /Xilinx/Vivado_HLS/2014.1/common/technology/xilinx/scripts/xilinxcoregen.gen "
@I [HLS-100] Command 'ap_source' returned 0; elapsed 0.004776Total elapsed time: 10.250 sec.
@I [HLS-100] Command "source /Xilinx/Vivado_HLS/2014.1/common/technology/xilinx/interface/XilEDKCoreGen.gen "
@I [HLS-100] Command 'ap_source' returned 0; elapsed 0.005997Total elapsed time: 10.256 sec.
@I [HLS-100] Command "source /Xilinx/Vivado_HLS/2014.1/common/technology/xilinx/ip/util.gen "
@I [HLS-100] Command 'ap_source' returned 0; elapsed 9.9e-05Total elapsed time: 10.256 sec.
@I [HLS-100] Command "source /Xilinx/Vivado_HLS/2014.1/common/technology/xilinx/ip/xfir.gen "
@I [HLS-100] Command 'ap_source' returned 0; elapsed 0.016847Total elapsed time: 10.273 sec.
@I [HLS-100] Command "source /Xilinx/Vivado_HLS/2014.1/common/technology/xilinx/ip/xfft.gen "
@I [HLS-100] Command 'ap_source' returned 0; elapsed 0.068455Total elapsed time: 10.342 sec.
@I [HLS-100] Command 'ap_source' returned 0; elapsed 0.102003Total elapsed time: 10.342 sec.
@I [HLS-100] Command "source /Xilinx/Vivado_HLS/2014.1/common/technology/xilinx/common/dsp48.gen "
@I [HLS-100] Command 'ap_source' returned 0; elapsed 0.000115Total elapsed time: 10.343 sec.
@I [HLS-100] Command 'ap_source' returned 0; elapsed 0.103111Total elapsed time: 10.343 sec.
@I [HLS-100] Command 'ap_source' returned 0; elapsed 0.103224Total elapsed time: 10.343 sec.
@I [HLS-100] Command "source /Xilinx/Vivado_HLS/2014.1/common/technology/xilinx/zynq/zynq_fpv6.gen "
@I [HLS-100] Command "source /Xilinx/Vivado_HLS/2014.1/common/technology/xilinx/common/xilinx_fpv6.gen "
@I [HLS-100] Command 'ap_source' returned 0; elapsed 0.00103Total elapsed time: 10.344 sec.
@I [HLS-100] Command 'ap_source' returned 0; elapsed 0.001125Total elapsed time: 10.344 sec.
@I [HLS-100] Command "source /home/michael/ecen5139_final_project/CAV_MidtermPriorityQueue_Verilog_Runner/solution1/.autopilot/db/global.setting.tcl "
@I [HLS-100] Command 'ap_source' returned 0; elapsed 0.000152Total elapsed time: 15.762 sec.
@I [HLS-100] Command "source /Xilinx/Vivado_HLS/2014.1/common/technology/generic/autopilot/common.gen "
@I [HLS-100] Command "source /Xilinx/Vivado_HLS/2014.1/common/technology/generic/autopilot/APCoreGen.gen "
@I [HLS-100] Command 'ap_source' returned 0; elapsed 0.000421Total elapsed time: 15.765 sec.
@I [HLS-100] Command 'ap_source' returned 0; elapsed 0.000897Total elapsed time: 15.766 sec.
@I [HLS-100] Command "source /Xilinx/Vivado_HLS/2014.1/common/technology/generic/autopilot/op.gen "
@I [HLS-100] Command 'ap_source' returned 0; elapsed 0.000231Total elapsed time: 15.766 sec.
@I [HLS-100] Command "source /Xilinx/Vivado_HLS/2014.1/common/technology/generic/autopilot/op_simcore.gen "
@I [HLS-100] Command 'ap_source' returned 0; elapsed 0.000611Total elapsed time: 15.767 sec.
@I [HLS-100] Command "source /Xilinx/Vivado_HLS/2014.1/common/technology/generic/autopilot/interface.gen "
@I [HLS-100] Command 'ap_source' returned 0; elapsed 8.2e-05Total elapsed time: 15.767 sec.
@I [HLS-100] Command "source /home/michael/ecen5139_final_project/CAV_MidtermPriorityQueue_Verilog_Runner/solution1/.autopilot/db/global.setting.tcl "
@I [HLS-100] Command 'ap_source' returned 0; elapsed 0.000109Total elapsed time: 15.767 sec.
@I [HLS-100] Command "source /Xilinx/Vivado_HLS/2014.1/common/technology/xilinx/zynq/zynq.gen "
@I [HLS-100] Command "source /Xilinx/Vivado_HLS/2014.1/common/technology/xilinx/common/virtex.gen "
@I [HLS-100] Command "source /Xilinx/Vivado_HLS/2014.1/common/technology/xilinx/common/xilinx.gen "
@I [HLS-100] Command "source /Xilinx/Vivado_HLS/2014.1/common/technology/xilinx/interface/plb46.gen "
@I [HLS-100] Command 'ap_source' returned 0; elapsed 0.000871Total elapsed time: 15.768 sec.
@I [HLS-100] Command "source /Xilinx/Vivado_HLS/2014.1/common/technology/xilinx/interface/fsl.gen "
@I [HLS-100] Command 'ap_source' returned 0; elapsed 0.000354Total elapsed time: 15.768 sec.
@I [HLS-100] Command "source /Xilinx/Vivado_HLS/2014.1/common/technology/xilinx/interface/axi4.gen "
@I [HLS-100] Command 'ap_source' returned 0; elapsed 0.001585Total elapsed time: 15.770 sec.
@I [HLS-100] Command "source /Xilinx/Vivado_HLS/2014.1/common/technology/xilinx/interface/nativeAXI4.gen "
@I [HLS-100] Command "source /Xilinx/Vivado_HLS/2014.1/common/technology/xilinx/interface/saxilite.gen "
@I [HLS-100] Command 'ap_source' returned 0; elapsed 0.00136Total elapsed time: 15.771 sec.
@I [HLS-100] Command "source /Xilinx/Vivado_HLS/2014.1/common/technology/xilinx/interface/maxi.gen "
@I [HLS-100] Command 'ap_source' returned 0; elapsed 0.001738Total elapsed time: 15.773 sec.
@I [HLS-100] Command 'ap_source' returned 0; elapsed 0.00323Total elapsed time: 15.773 sec.
@I [HLS-100] Command "source /Xilinx/Vivado_HLS/2014.1/common/technology/xilinx/scripts/xilinxcoregen.gen "
@I [HLS-100] Command 'ap_source' returned 0; elapsed 0.006065Total elapsed time: 15.779 sec.
@I [HLS-100] Command "source /Xilinx/Vivado_HLS/2014.1/common/technology/xilinx/interface/XilEDKCoreGen.gen "
@I [HLS-100] Command 'ap_source' returned 0; elapsed 0.00669Total elapsed time: 15.786 sec.
@I [HLS-100] Command "source /Xilinx/Vivado_HLS/2014.1/common/technology/xilinx/ip/util.gen "
@I [HLS-100] Command 'ap_source' returned 0; elapsed 0.000123Total elapsed time: 15.787 sec.
@I [HLS-100] Command "source /Xilinx/Vivado_HLS/2014.1/common/technology/xilinx/ip/xfir.gen "
@I [HLS-100] Command 'ap_source' returned 0; elapsed 0.020267Total elapsed time: 15.807 sec.
@I [HLS-100] Command "source /Xilinx/Vivado_HLS/2014.1/common/technology/xilinx/ip/xfft.gen "
@I [HLS-100] Command 'ap_source' returned 0; elapsed 0.070517Total elapsed time: 15.878 sec.
@I [HLS-100] Command 'ap_source' returned 0; elapsed 0.110326Total elapsed time: 15.878 sec.
@I [HLS-100] Command "source /Xilinx/Vivado_HLS/2014.1/common/technology/xilinx/common/dsp48.gen "
@I [HLS-100] Command 'ap_source' returned 0; elapsed 0.000147Total elapsed time: 15.879 sec.
@I [HLS-100] Command 'ap_source' returned 0; elapsed 0.111556Total elapsed time: 15.879 sec.
@I [HLS-100] Command 'ap_source' returned 0; elapsed 0.11168Total elapsed time: 15.879 sec.
@I [HLS-100] Command "source /Xilinx/Vivado_HLS/2014.1/common/technology/xilinx/zynq/zynq_fpv6.gen "
@I [HLS-100] Command "source /Xilinx/Vivado_HLS/2014.1/common/technology/xilinx/common/xilinx_fpv6.gen "
@I [HLS-100] Command 'ap_source' returned 0; elapsed 0.001608Total elapsed time: 15.880 sec.
@I [HLS-100] Command 'ap_source' returned 0; elapsed 0.00176Total elapsed time: 15.881 sec.
@I [HLS-100] Command "source /home/michael/ecen5139_final_project/CAV_MidtermPriorityQueue_Verilog_Runner/solution1/.autopilot/db/global.setting.tcl "
@I [HLS-100] Command 'ap_source' returned 0; elapsed 0.000237Total elapsed time: 15.881 sec.
@I [HLS-100] Command "source /home/michael/ecen5139_final_project/CAV_MidtermPriorityQueue_Verilog_Runner/solution1/.autopilot/db/global.setting.tcl "
@I [HLS-100] Command 'ap_source' returned 0; elapsed 0.000132Total elapsed time: 15.882 sec.
@I [HLS-100] Command "source /home/michael/ecen5139_final_project/CAV_MidtermPriorityQueue_Verilog_Runner/solution1/.autopilot/db/global.setting.tcl "
@I [HLS-100] Command 'ap_source' returned 0; elapsed 0.000144Total elapsed time: 15.883 sec.
@I [HLS-100] Command "source /Xilinx/Vivado_HLS/2014.1/common/technology/generic/autopilot/common.gen "
@I [HLS-100] Command "source /Xilinx/Vivado_HLS/2014.1/common/technology/generic/autopilot/APCoreGen.gen "
@I [HLS-100] Command 'ap_source' returned 0; elapsed 0.00037Total elapsed time: 15.884 sec.
@I [HLS-100] Command 'ap_source' returned 0; elapsed 0.00078Total elapsed time: 15.884 sec.
@I [HLS-100] Command "source /Xilinx/Vivado_HLS/2014.1/common/technology/generic/autopilot/op.gen "
@I [HLS-100] Command 'ap_source' returned 0; elapsed 0.000208Total elapsed time: 15.885 sec.
@I [HLS-100] Command "source /Xilinx/Vivado_HLS/2014.1/common/technology/generic/autopilot/op_simcore.gen "
@I [HLS-100] Command 'ap_source' returned 0; elapsed 0.000529Total elapsed time: 15.885 sec.
@I [HLS-100] Command "source /Xilinx/Vivado_HLS/2014.1/common/technology/generic/autopilot/interface.gen "
@I [HLS-100] Command 'ap_source' returned 0; elapsed 7.4e-05Total elapsed time: 15.885 sec.
@I [HLS-100] Command "source /home/michael/ecen5139_final_project/CAV_MidtermPriorityQueue_Verilog_Runner/solution1/.autopilot/db/global.setting.tcl "
@I [HLS-100] Command 'ap_source' returned 0; elapsed 0.000106Total elapsed time: 15.885 sec.
@I [HLS-100] Command "source /Xilinx/Vivado_HLS/2014.1/common/technology/xilinx/zynq/zynq.gen "
@I [HLS-100] Command "source /Xilinx/Vivado_HLS/2014.1/common/technology/xilinx/common/virtex.gen "
@I [HLS-100] Command "source /Xilinx/Vivado_HLS/2014.1/common/technology/xilinx/common/xilinx.gen "
@I [HLS-100] Command "source /Xilinx/Vivado_HLS/2014.1/common/technology/xilinx/interface/plb46.gen "
@I [HLS-100] Command 'ap_source' returned 0; elapsed 0.000693Total elapsed time: 15.886 sec.
@I [HLS-100] Command "source /Xilinx/Vivado_HLS/2014.1/common/technology/xilinx/interface/fsl.gen "
@I [HLS-100] Command 'ap_source' returned 0; elapsed 0.000328Total elapsed time: 15.887 sec.
@I [HLS-100] Command "source /Xilinx/Vivado_HLS/2014.1/common/technology/xilinx/interface/axi4.gen "
@I [HLS-100] Command 'ap_source' returned 0; elapsed 0.001525Total elapsed time: 15.888 sec.
@I [HLS-100] Command "source /Xilinx/Vivado_HLS/2014.1/common/technology/xilinx/interface/nativeAXI4.gen "
@I [HLS-100] Command "source /Xilinx/Vivado_HLS/2014.1/common/technology/xilinx/interface/saxilite.gen "
@I [HLS-100] Command 'ap_source' returned 0; elapsed 0.001252Total elapsed time: 15.890 sec.
@I [HLS-100] Command "source /Xilinx/Vivado_HLS/2014.1/common/technology/xilinx/interface/maxi.gen "
@I [HLS-100] Command 'ap_source' returned 0; elapsed 0.00168Total elapsed time: 15.892 sec.
@I [HLS-100] Command 'ap_source' returned 0; elapsed 0.003063Total elapsed time: 15.892 sec.
@I [HLS-100] Command "source /Xilinx/Vivado_HLS/2014.1/common/technology/xilinx/scripts/xilinxcoregen.gen "
@I [HLS-100] Command 'ap_source' returned 0; elapsed 0.005097Total elapsed time: 15.897 sec.
@I [HLS-100] Command "source /Xilinx/Vivado_HLS/2014.1/common/technology/xilinx/interface/XilEDKCoreGen.gen "
@I [HLS-100] Command 'ap_source' returned 0; elapsed 0.006967Total elapsed time: 15.904 sec.
@I [HLS-100] Command "source /Xilinx/Vivado_HLS/2014.1/common/technology/xilinx/ip/util.gen "
@I [HLS-100] Command 'ap_source' returned 0; elapsed 0.00013Total elapsed time: 15.904 sec.
@I [HLS-100] Command "source /Xilinx/Vivado_HLS/2014.1/common/technology/xilinx/ip/xfir.gen "
@I [HLS-100] Command 'ap_source' returned 0; elapsed 0.018915Total elapsed time: 15.923 sec.
@I [HLS-100] Command "source /Xilinx/Vivado_HLS/2014.1/common/technology/xilinx/ip/xfft.gen "
@I [HLS-100] Command 'ap_source' returned 0; elapsed 0.069148Total elapsed time: 15.992 sec.
@I [HLS-100] Command 'ap_source' returned 0; elapsed 0.106455Total elapsed time: 15.992 sec.
@I [HLS-100] Command "source /Xilinx/Vivado_HLS/2014.1/common/technology/xilinx/common/dsp48.gen "
@I [HLS-100] Command 'ap_source' returned 0; elapsed 0.000133Total elapsed time: 15.993 sec.
@I [HLS-100] Command 'ap_source' returned 0; elapsed 0.107672Total elapsed time: 15.993 sec.
@I [HLS-100] Command 'ap_source' returned 0; elapsed 0.107763Total elapsed time: 15.994 sec.
@I [HLS-100] Command "source /Xilinx/Vivado_HLS/2014.1/common/technology/xilinx/zynq/zynq_fpv6.gen "
@I [HLS-100] Command "source /Xilinx/Vivado_HLS/2014.1/common/technology/xilinx/common/xilinx_fpv6.gen "
@I [HLS-100] Command 'ap_source' returned 0; elapsed 0.000881Total elapsed time: 15.995 sec.
@I [HLS-100] Command 'ap_source' returned 0; elapsed 0.000979Total elapsed time: 15.995 sec.
@I [HLS-100] Command "source /home/michael/ecen5139_final_project/CAV_MidtermPriorityQueue_Verilog_Runner/solution1/.autopilot/db/runQueue.compgen.tcl "
@I [HLS-100] Command 'ap_source' returned 0; elapsed 0.00017Total elapsed time: 15.995 sec.
@I [HLS-100] Command "source /home/michael/ecen5139_final_project/CAV_MidtermPriorityQueue_Verilog_Runner/solution1/.autopilot/db/global.setting.tcl "
@I [HLS-100] Command 'ap_source' returned 0; elapsed 0.000148Total elapsed time: 16.6 sec.
@I [HLS-100] Command "source /home/michael/ecen5139_final_project/CAV_MidtermPriorityQueue_Verilog_Runner/solution1/.autopilot/db/runQueue.constraint.tcl "
@I [HLS-100] Command 'ap_source' returned 0; elapsed 7.1e-05Total elapsed time: 16.6 sec.
@I [HLS-100] Command "source /Xilinx/Vivado_HLS/2014.1/common/technology/generic/autopilot/common.gen "
@I [HLS-100] Command "source /Xilinx/Vivado_HLS/2014.1/common/technology/generic/autopilot/APCoreGen.gen "
@I [HLS-100] Command 'ap_source' returned 0; elapsed 0.000366Total elapsed time: 16.7 sec.
@I [HLS-100] Command 'ap_source' returned 0; elapsed 0.00082Total elapsed time: 16.7 sec.
@I [HLS-100] Command "source /Xilinx/Vivado_HLS/2014.1/common/technology/generic/autopilot/op.gen "
@I [HLS-100] Command 'ap_source' returned 0; elapsed 0.00021Total elapsed time: 16.8 sec.
@I [HLS-100] Command "source /Xilinx/Vivado_HLS/2014.1/common/technology/generic/autopilot/op_simcore.gen "
@I [HLS-100] Command 'ap_source' returned 0; elapsed 0.000596Total elapsed time: 16.8 sec.
@I [HLS-100] Command "source /Xilinx/Vivado_HLS/2014.1/common/technology/generic/autopilot/interface.gen "
@I [HLS-100] Command 'ap_source' returned 0; elapsed 7.8e-05Total elapsed time: 16.8 sec.
@I [HLS-100] Command "source /home/michael/ecen5139_final_project/CAV_MidtermPriorityQueue_Verilog_Runner/solution1/.autopilot/db/global.setting.tcl "
@I [HLS-100] Command 'ap_source' returned 0; elapsed 9.8e-05Total elapsed time: 16.9 sec.
@I [HLS-100] Command "source /Xilinx/Vivado_HLS/2014.1/common/technology/xilinx/zynq/zynq.gen "
@I [HLS-100] Command "source /Xilinx/Vivado_HLS/2014.1/common/technology/xilinx/common/virtex.gen "
@I [HLS-100] Command "source /Xilinx/Vivado_HLS/2014.1/common/technology/xilinx/common/xilinx.gen "
@I [HLS-100] Command "source /Xilinx/Vivado_HLS/2014.1/common/technology/xilinx/interface/plb46.gen "
@I [HLS-100] Command 'ap_source' returned 0; elapsed 0.000706Total elapsed time: 16.10 sec.
@I [HLS-100] Command "source /Xilinx/Vivado_HLS/2014.1/common/technology/xilinx/interface/fsl.gen "
@I [HLS-100] Command 'ap_source' returned 0; elapsed 0.000334Total elapsed time: 16.10 sec.
@I [HLS-100] Command "source /Xilinx/Vivado_HLS/2014.1/common/technology/xilinx/interface/axi4.gen "
@I [HLS-100] Command 'ap_source' returned 0; elapsed 0.001765Total elapsed time: 16.12 sec.
@I [HLS-100] Command "source /Xilinx/Vivado_HLS/2014.1/common/technology/xilinx/interface/nativeAXI4.gen "
@I [HLS-100] Command "source /Xilinx/Vivado_HLS/2014.1/common/technology/xilinx/interface/saxilite.gen "
@I [HLS-100] Command 'ap_source' returned 0; elapsed 0.001517Total elapsed time: 16.14 sec.
@I [HLS-100] Command "source /Xilinx/Vivado_HLS/2014.1/common/technology/xilinx/interface/maxi.gen "
@I [HLS-100] Command 'ap_source' returned 0; elapsed 0.001811Total elapsed time: 16.16 sec.
@I [HLS-100] Command 'ap_source' returned 0; elapsed 0.003578Total elapsed time: 16.16 sec.
@I [HLS-100] Command "source /Xilinx/Vivado_HLS/2014.1/common/technology/xilinx/scripts/xilinxcoregen.gen "
@I [HLS-100] Command 'ap_source' returned 0; elapsed 0.006141Total elapsed time: 16.22 sec.
@I [HLS-100] Command "source /Xilinx/Vivado_HLS/2014.1/common/technology/xilinx/interface/XilEDKCoreGen.gen "
@I [HLS-100] Command 'ap_source' returned 0; elapsed 0.006391Total elapsed time: 16.28 sec.
@I [HLS-100] Command "source /Xilinx/Vivado_HLS/2014.1/common/technology/xilinx/ip/util.gen "
@I [HLS-100] Command 'ap_source' returned 0; elapsed 0.00015Total elapsed time: 16.29 sec.
@I [HLS-100] Command "source /Xilinx/Vivado_HLS/2014.1/common/technology/xilinx/ip/xfir.gen "
@I [HLS-100] Command 'ap_source' returned 0; elapsed 0.021733Total elapsed time: 16.51 sec.
@I [HLS-100] Command "source /Xilinx/Vivado_HLS/2014.1/common/technology/xilinx/ip/xfft.gen "
@I [HLS-100] Command 'ap_source' returned 0; elapsed 0.077524Total elapsed time: 16.129 sec.
@I [HLS-100] Command 'ap_source' returned 0; elapsed 0.119175Total elapsed time: 16.129 sec.
@I [HLS-100] Command "source /Xilinx/Vivado_HLS/2014.1/common/technology/xilinx/common/dsp48.gen "
@I [HLS-100] Command 'ap_source' returned 0; elapsed 0.00015Total elapsed time: 16.129 sec.
@I [HLS-100] Command 'ap_source' returned 0; elapsed 0.120353Total elapsed time: 16.130 sec.
@I [HLS-100] Command 'ap_source' returned 0; elapsed 0.120451Total elapsed time: 16.130 sec.
@I [HLS-100] Command "source /Xilinx/Vivado_HLS/2014.1/common/technology/xilinx/zynq/zynq_fpv6.gen "
@I [HLS-100] Command "source /Xilinx/Vivado_HLS/2014.1/common/technology/xilinx/common/xilinx_fpv6.gen "
@I [HLS-100] Command 'ap_source' returned 0; elapsed 0.000914Total elapsed time: 16.131 sec.
@I [HLS-100] Command 'ap_source' returned 0; elapsed 0.001018Total elapsed time: 16.131 sec.
@I [HLS-100] Command 'export_design' returned 0; elapsed 1.1661Total elapsed time: 22.3 sec.
@I [HLS-100] Command "cleanup_all "
@I [HLS-100] Command 'cleanup_all' returned 0; elapsed 0.000863Total elapsed time: 22.4 sec.
