

================================================================
== Vivado HLS Report for 'min_heapify'
================================================================
* Date:           Tue Dec  1 22:55:28 2015

* Version:        2014.1 (build date: Fri Apr 04 13:20:25 PM 2014)
* Project:        CAV_MinHeap
* Solution:       solution1
* Product family: zynq zynq_fpv6 
* Target device:  xc7z020clg484-1


================================================================
== Performance Estimates
================================================================
+ Timing (ns): 
    * Summary: 
    +---------+-------+----------+------------+
    |  Clock  | Target| Estimated| Uncertainty|
    +---------+-------+----------+------------+
    |default  |  10.00|      8.64|        1.25|
    +---------+-------+----------+------------+

+ Latency (clock cycles): 
    * Summary: 
    +-----+-----+-----+-----+---------+
    |  Latency  |  Interval | Pipeline|
    | min | max | min | max |   Type  |
    +-----+-----+-----+-----+---------+
    |    ?|    ?|    ?|    ?|   none  |
    +-----+-----+-----+-----+---------+

    + Detail: 
        * Instance: 
        N/A

        * Loop: 
        +----------+-----+-----+----------+-----------+-----------+------+----------+
        |          |  Latency  | Iteration|  Initiation Interval  | Trip |          |
        | Loop Name| min | max |  Latency |  achieved |   target  | Count| Pipelined|
        +----------+-----+-----+----------+-----------+-----------+------+----------+
        |- Loop 1  |    ?|    ?|         5|          -|          -|     ?|    no    |
        +----------+-----+-----+----------+-----------+-----------+------+----------+



================================================================
== Utilization Estimates
================================================================
* Summary: 
+-----------------+---------+-------+--------+-------+
|       Name      | BRAM_18K| DSP48E|   FF   |  LUT  |
+-----------------+---------+-------+--------+-------+
|Expression       |        -|      -|       0|    416|
|FIFO             |        -|      -|       -|      -|
|Instance         |        -|      -|       -|      -|
|Memory           |        -|      -|       -|      -|
|Multiplexer      |        -|      -|       -|    120|
|Register         |        -|      -|     322|      -|
+-----------------+---------+-------+--------+-------+
|Total            |        0|      0|     322|    536|
+-----------------+---------+-------+--------+-------+
|Available        |      280|    220|  106400|  53200|
+-----------------+---------+-------+--------+-------+
|Utilization (%)  |        0|      0|   ~0   |      1|
+-----------------+---------+-------+--------+-------+

+ Detail: 
    * Instance: 
    N/A

    * Memory: 
    N/A

    * FIFO: 
    N/A

    * Expression: 
    +--------------------+----------+-------+---+----+------------+------------+
    |    Variable Name   | Operation| DSP48E| FF| LUT| Bitwidth P0| Bitwidth P1|
    +--------------------+----------+-------+---+----+------------+------------+
    |p_neg1_fu_287_p2    |     -    |      0|  0|  32|           1|          32|
    |p_neg_fu_227_p2     |     -    |      0|  0|  32|           1|          32|
    |p_neg_t1_fu_307_p2  |     -    |      0|  0|  32|           1|          32|
    |p_neg_t_fu_246_p2   |     -    |      0|  0|  32|           1|          32|
    |j_1_fu_205_p3       |  Select  |      0|  0|  32|           1|          32|
    |p_j_fu_199_p3       |  Select  |      0|  0|  32|           1|          32|
    |tmp_7_fu_327_p3     |  Select  |      0|  0|  32|           1|          32|
    |tmp_9_fu_265_p3     |  Select  |      0|  0|  32|           1|          32|
    |tmp_1_fu_170_p2     |   icmp   |      0|  0|  40|          32|          32|
    |tmp_4_fu_193_p2     |   icmp   |      0|  0|  40|          32|          32|
    |tmp_6_fu_215_p2     |   icmp   |      0|  0|  40|          32|          32|
    |tmp_s_fu_165_p2     |   icmp   |      0|  0|  40|          32|          32|
    +--------------------+----------+-------+---+----+------------+------------+
    |Total               |          |      0|  0| 416|         136|         384|
    +--------------------+----------+-------+---+----+------------+------------+

    * Multiplexer: 
    +---------------------+----+-----------+-----+-----------+
    |         Name        | LUT| Input Size| Bits| Total Bits|
    +---------------------+----+-----------+-----+-----------+
    |a_data_address0      |   8|          5|    8|         40|
    |a_data_d0            |  32|          3|   32|         96|
    |a_priority_address0  |   8|          4|    8|         32|
    |a_priority_address1  |   8|          4|    8|         32|
    |j_0_in_reg_130       |  32|          2|   32|         64|
    |j_3_reg_139          |  32|          2|   32|         64|
    +---------------------+----+-----------+-----+-----------+
    |Total                | 120|         20|  120|        328|
    +---------------------+----+-----------+-----+-----------+

    * Register: 
    +---------------------------+----+----+-----+-----------+
    |            Name           | FF | LUT| Bits| Const Bits|
    +---------------------------+----+----+-----+-----------+
    |a_priority_load_2_reg_423  |  32|   0|   32|          0|
    |ap_CS_fsm                  |   3|   0|    3|          0|
    |j_0_in_reg_130             |  32|   0|   32|          0|
    |j_1_reg_403                |  32|   0|   32|          0|
    |j_2_reg_388                |  31|   0|   32|          1|
    |j_3_reg_139                |  32|   0|   32|          0|
    |j_reg_373                  |  31|   0|   32|          1|
    |temp_data_reg_368          |  32|   0|   32|          0|
    |temp_priority_reg_362      |  32|   0|   32|          0|
    |tmp_1_reg_383              |   1|   0|    1|          0|
    |tmp_5_reg_413              |  64|   0|   64|          0|
    +---------------------------+----+----+-----+-----------+
    |Total                      | 322|   0|  324|          2|
    +---------------------------+----+----+-----+-----------+



================================================================
== Interface
================================================================
* Summary: 
+---------------------+-----+-----+------------+--------------+--------------+
|      RTL Ports      | Dir | Bits|  Protocol  | Source Object|    C Type    |
+---------------------+-----+-----+------------+--------------+--------------+
|ap_clk               |  in |    1| ap_ctrl_hs |  min_heapify | return value |
|ap_rst               |  in |    1| ap_ctrl_hs |  min_heapify | return value |
|ap_start             |  in |    1| ap_ctrl_hs |  min_heapify | return value |
|ap_done              | out |    1| ap_ctrl_hs |  min_heapify | return value |
|ap_idle              | out |    1| ap_ctrl_hs |  min_heapify | return value |
|ap_ready             | out |    1| ap_ctrl_hs |  min_heapify | return value |
|a_priority_address0  | out |    8|  ap_memory |  a_priority  |     array    |
|a_priority_ce0       | out |    1|  ap_memory |  a_priority  |     array    |
|a_priority_we0       | out |    1|  ap_memory |  a_priority  |     array    |
|a_priority_d0        | out |   32|  ap_memory |  a_priority  |     array    |
|a_priority_q0        |  in |   32|  ap_memory |  a_priority  |     array    |
|a_priority_address1  | out |    8|  ap_memory |  a_priority  |     array    |
|a_priority_ce1       | out |    1|  ap_memory |  a_priority  |     array    |
|a_priority_we1       | out |    1|  ap_memory |  a_priority  |     array    |
|a_priority_d1        | out |   32|  ap_memory |  a_priority  |     array    |
|a_priority_q1        |  in |   32|  ap_memory |  a_priority  |     array    |
|a_data_address0      | out |    8|  ap_memory |    a_data    |     array    |
|a_data_ce0           | out |    1|  ap_memory |    a_data    |     array    |
|a_data_we0           | out |    1|  ap_memory |    a_data    |     array    |
|a_data_d0            | out |   32|  ap_memory |    a_data    |     array    |
|a_data_q0            |  in |   32|  ap_memory |    a_data    |     array    |
|i                    |  in |   32|   ap_none  |       i      |    scalar    |
|n                    |  in |   32|   ap_none  |       n      |    scalar    |
+---------------------+-----+-----+------------+--------------+--------------+

