

================================================================
== Vivado HLS Report for 'min_heapify'
================================================================
* Date:           Tue Dec  1 22:55:27 2015

* Version:        2014.1 (build date: Fri Apr 04 13:20:25 PM 2014)
* Project:        CAV_MinHeap
* Solution:       solution1
* Product family: zynq zynq_fpv6 
* Target device:  xc7z020clg484-1


================================================================
== Performance Estimates
================================================================
+ Timing (ns): 
    * Summary: 
    +---------+-------+----------+------------+
    |  Clock  | Target| Estimated| Uncertainty|
    +---------+-------+----------+------------+
    |default  |  10.00|      8.64|        1.25|
    +---------+-------+----------+------------+

+ Latency (clock cycles): 
    * Summary: 
    +-----+-----+-----+-----+---------+
    |  Latency  |  Interval | Pipeline|
    | min | max | min | max |   Type  |
    +-----+-----+-----+-----+---------+
    |    ?|    ?|    ?|    ?|   none  |
    +-----+-----+-----+-----+---------+

    + Detail: 
        * Instance: 
        N/A

        * Loop: 
        +----------+-----+-----+----------+-----------+-----------+------+----------+
        |          |  Latency  | Iteration|  Initiation Interval  | Trip |          |
        | Loop Name| min | max |  Latency |  achieved |   target  | Count| Pipelined|
        +----------+-----+-----+----------+-----------+-----------+------+----------+
        |- Loop 1  |    ?|    ?|         5|          -|          -|     ?|    no    |
        +----------+-----+-----+----------+-----------+-----------+------+----------+



================================================================
== Utilization Estimates
================================================================
* Summary: 
+-----------------+---------+-------+--------+-------+
|       Name      | BRAM_18K| DSP48E|   FF   |  LUT  |
+-----------------+---------+-------+--------+-------+
|Expression       |        -|      -|       -|      -|
|FIFO             |        -|      -|       -|      -|
|Instance         |        -|      -|       -|      -|
|Memory           |        -|      -|       -|      -|
|Multiplexer      |        -|      -|       -|      -|
|Register         |        -|      -|       -|      -|
+-----------------+---------+-------+--------+-------+
|Total            |        0|      0|       0|      0|
+-----------------+---------+-------+--------+-------+
|Available        |      280|    220|  106400|  53200|
+-----------------+---------+-------+--------+-------+
|Utilization (%)  |        0|      0|       0|      0|
+-----------------+---------+-------+--------+-------+

+ Detail: 
    * Instance: 
    N/A

    * Memory: 
    N/A

    * FIFO: 
    N/A

    * Expression: 
    N/A

    * Multiplexer: 
    N/A

    * Register: 
    N/A



================================================================
== Interface
================================================================
* Summary: 
N/A

============================================================
+ Verbose Summary: Synthesis Manager
============================================================
InlineROM: 1
ExposeGlobal: 0
============================================================
+ Verbose Summary: CDFG Model
============================================================
IsTopModel: 0
ResetActiveHigh: 1
IsCombinational: 0
IsDatapathOnly: 0
HasWiredReturn: 1
HasMFsm: 0
HasVarLatency: 1
IsPipeline: 0
IsRtlPipelined: 0
IsInstanceOverlapped: 0
IsDontTouch: 0
HasImplIP: 0
IsGatedGlobalClock: 0


============================================================
+ Verbose Summary: Schedule
============================================================
* Number of FSM states: 8
* Pipeline: 0
* Dataflow Pipeline: 0

* FSM state transitions: 
1 --> 
	2  / true
2 --> 
	3  / true
3 --> 
	4  / (!tmp_s)
	8  / (tmp_s)
4 --> 
	5  / true
5 --> 
	6  / true
6 --> 
	7  / (!tmp_6)
	8  / (tmp_6)
7 --> 
	3  / true
8 --> 
* FSM state operations: 

 <State 1>: 3.25ns
ST_1: i_read [1/1] 0.86ns
:1  %i_read = call i32 @_ssdm_op_Read.ap_auto.i32(i32 %i)

ST_1: tmp [1/1] 0.00ns
:2  %tmp = sext i32 %i_read to i64

ST_1: a_priority_addr [1/1] 0.00ns
:3  %a_priority_addr = getelementptr [201 x i32]* %a_priority, i64 0, i64 %tmp

ST_1: temp_priority [2/2] 2.39ns
:4  %temp_priority = load i32* %a_priority_addr, align 4

ST_1: a_data_addr [1/1] 0.00ns
:5  %a_data_addr = getelementptr [201 x i32]* %a_data, i64 0, i64 %tmp

ST_1: temp_data [2/2] 2.39ns
:6  %temp_data = load i32* %a_data_addr, align 4


 <State 2>: 2.39ns
ST_2: n_read [1/1] 0.86ns
:0  %n_read = call i32 @_ssdm_op_Read.ap_auto.i32(i32 %n)

ST_2: temp_priority [1/2] 2.39ns
:4  %temp_priority = load i32* %a_priority_addr, align 4

ST_2: temp_data [1/2] 2.39ns
:6  %temp_data = load i32* %a_data_addr, align 4

ST_2: stg_18 [1/1] 1.57ns
:7  br label %.backedge


 <State 3>: 4.09ns
ST_3: j_0_in [1/1] 0.00ns
.backedge:0  %j_0_in = phi i32 [ %i_read, %0 ], [ %j_1, %.backedge.backedge ]

ST_3: tmp_11 [1/1] 0.00ns
.backedge:1  %tmp_11 = trunc i32 %j_0_in to i31

ST_3: j [1/1] 0.00ns
.backedge:2  %j = shl i32 %j_0_in, 1

ST_3: tmp_s [1/1] 2.52ns
.backedge:3  %tmp_s = icmp sgt i32 %j, %n_read

ST_3: stg_23 [1/1] 1.57ns
.backedge:4  br i1 %tmp_s, label %.loopexit, label %_ifconv

ST_3: tmp_1 [1/1] 2.52ns
_ifconv:0  %tmp_1 = icmp slt i32 %j, %n_read

ST_3: j_2 [1/1] 0.00ns
_ifconv:1  %j_2 = call i32 @_ssdm_op_BitConcatenate.i32.i31.i1(i31 %tmp_11, i1 true)

ST_3: tmp_2 [1/1] 0.00ns
_ifconv:2  %tmp_2 = sext i32 %j_2 to i64

ST_3: a_priority_addr_1 [1/1] 0.00ns
_ifconv:3  %a_priority_addr_1 = getelementptr [201 x i32]* %a_priority, i64 0, i64 %tmp_2

ST_3: a_priority_load [2/2] 2.39ns
_ifconv:4  %a_priority_load = load i32* %a_priority_addr_1, align 4

ST_3: tmp_3 [1/1] 0.00ns
_ifconv:5  %tmp_3 = sext i32 %j to i64

ST_3: a_priority_addr_2 [1/1] 0.00ns
_ifconv:6  %a_priority_addr_2 = getelementptr [201 x i32]* %a_priority, i64 0, i64 %tmp_3

ST_3: a_priority_load_1 [2/2] 2.39ns
_ifconv:7  %a_priority_load_1 = load i32* %a_priority_addr_2, align 4


 <State 4>: 7.65ns
ST_4: a_priority_load [1/2] 2.39ns
_ifconv:4  %a_priority_load = load i32* %a_priority_addr_1, align 4

ST_4: a_priority_load_1 [1/2] 2.39ns
_ifconv:7  %a_priority_load_1 = load i32* %a_priority_addr_2, align 4

ST_4: tmp_4 [1/1] 2.52ns
_ifconv:8  %tmp_4 = icmp slt i32 %a_priority_load, %a_priority_load_1

ST_4: p_j [1/1] 1.37ns
_ifconv:9  %p_j = select i1 %tmp_4, i32 %j_2, i32 %j

ST_4: j_1 [1/1] 1.37ns
_ifconv:10  %j_1 = select i1 %tmp_1, i32 %p_j, i32 %j


 <State 5>: 2.39ns
ST_5: tmp_5 [1/1] 0.00ns
_ifconv:11  %tmp_5 = sext i32 %j_1 to i64

ST_5: a_priority_addr_3 [1/1] 0.00ns
_ifconv:12  %a_priority_addr_3 = getelementptr [201 x i32]* %a_priority, i64 0, i64 %tmp_5

ST_5: a_priority_load_2 [2/2] 2.39ns
_ifconv:13  %a_priority_load_2 = load i32* %a_priority_addr_3, align 4


 <State 6>: 6.48ns
ST_6: a_priority_load_2 [1/2] 2.39ns
_ifconv:13  %a_priority_load_2 = load i32* %a_priority_addr_3, align 4

ST_6: tmp_6 [1/1] 2.52ns
_ifconv:14  %tmp_6 = icmp slt i32 %temp_priority, %a_priority_load_2

ST_6: stg_42 [1/1] 1.57ns
_ifconv:15  br i1 %tmp_6, label %.loopexit, label %.backedge.backedge

ST_6: a_data_addr_3 [1/1] 0.00ns
.backedge.backedge:12  %a_data_addr_3 = getelementptr [201 x i32]* %a_data, i64 0, i64 %tmp_5

ST_6: a_data_load [2/2] 2.39ns
.backedge.backedge:13  %a_data_load = load i32* %a_data_addr_3, align 4


 <State 7>: 8.64ns
ST_7: tmp_18 [1/1] 0.00ns
.backedge.backedge:0  %tmp_18 = call i1 @_ssdm_op_BitSelect.i1.i32.i32(i32 %j_1, i32 31)

ST_7: p_neg [1/1] 2.44ns
.backedge.backedge:1  %p_neg = sub i32 0, %j_1

ST_7: p_lshr [1/1] 0.00ns
.backedge.backedge:2  %p_lshr = call i31 @_ssdm_op_PartSelect.i31.i32.i32.i32(i32 %p_neg, i32 1, i32 31)

ST_7: tmp_14 [1/1] 0.00ns
.backedge.backedge:3  %tmp_14 = zext i31 %p_lshr to i32

ST_7: p_neg_t [1/1] 2.44ns
.backedge.backedge:4  %p_neg_t = sub i32 0, %tmp_14

ST_7: p_lshr_f [1/1] 0.00ns
.backedge.backedge:5  %p_lshr_f = call i31 @_ssdm_op_PartSelect.i31.i32.i32.i32(i32 %j_1, i32 1, i32 31)

ST_7: tmp_15 [1/1] 0.00ns
.backedge.backedge:6  %tmp_15 = zext i31 %p_lshr_f to i32

ST_7: tmp_9 [1/1] 1.37ns
.backedge.backedge:7  %tmp_9 = select i1 %tmp_18, i32 %p_neg_t, i32 %tmp_15

ST_7: tmp_10 [1/1] 0.00ns
.backedge.backedge:8  %tmp_10 = sext i32 %tmp_9 to i64

ST_7: a_priority_addr_5 [1/1] 0.00ns
.backedge.backedge:9  %a_priority_addr_5 = getelementptr [201 x i32]* %a_priority, i64 0, i64 %tmp_10

ST_7: stg_55 [1/1] 2.39ns
.backedge.backedge:10  store i32 %a_priority_load_2, i32* %a_priority_addr_5, align 4

ST_7: a_data_addr_2 [1/1] 0.00ns
.backedge.backedge:11  %a_data_addr_2 = getelementptr [201 x i32]* %a_data, i64 0, i64 %tmp_10

ST_7: a_data_load [1/2] 2.39ns
.backedge.backedge:13  %a_data_load = load i32* %a_data_addr_3, align 4

ST_7: stg_58 [1/1] 2.39ns
.backedge.backedge:14  store i32 %a_data_load, i32* %a_data_addr_2, align 4

ST_7: stg_59 [1/1] 0.00ns
.backedge.backedge:15  br label %.backedge


 <State 8>: 8.64ns
ST_8: j_3 [1/1] 0.00ns
.loopexit:0  %j_3 = phi i32 [ %j, %.backedge ], [ %j_1, %_ifconv ]

ST_8: tmp_17 [1/1] 0.00ns
.loopexit:1  %tmp_17 = call i1 @_ssdm_op_BitSelect.i1.i32.i32(i32 %j_3, i32 31)

ST_8: p_neg1 [1/1] 2.44ns
.loopexit:2  %p_neg1 = sub i32 0, %j_3

ST_8: p_lshr1 [1/1] 0.00ns
.loopexit:3  %p_lshr1 = call i31 @_ssdm_op_PartSelect.i31.i32.i32.i32(i32 %p_neg1, i32 1, i32 31)

ST_8: tmp_12 [1/1] 0.00ns
.loopexit:4  %tmp_12 = zext i31 %p_lshr1 to i32

ST_8: p_neg_t1 [1/1] 2.44ns
.loopexit:5  %p_neg_t1 = sub i32 0, %tmp_12

ST_8: p_lshr_f1 [1/1] 0.00ns
.loopexit:6  %p_lshr_f1 = call i31 @_ssdm_op_PartSelect.i31.i32.i32.i32(i32 %j_3, i32 1, i32 31)

ST_8: tmp_13 [1/1] 0.00ns
.loopexit:7  %tmp_13 = zext i31 %p_lshr_f1 to i32

ST_8: tmp_7 [1/1] 1.37ns
.loopexit:8  %tmp_7 = select i1 %tmp_17, i32 %p_neg_t1, i32 %tmp_13

ST_8: tmp_8 [1/1] 0.00ns
.loopexit:9  %tmp_8 = sext i32 %tmp_7 to i64

ST_8: a_priority_addr_4 [1/1] 0.00ns
.loopexit:10  %a_priority_addr_4 = getelementptr [201 x i32]* %a_priority, i64 0, i64 %tmp_8

ST_8: stg_71 [1/1] 2.39ns
.loopexit:11  store i32 %temp_priority, i32* %a_priority_addr_4, align 4

ST_8: a_data_addr_1 [1/1] 0.00ns
.loopexit:12  %a_data_addr_1 = getelementptr [201 x i32]* %a_data, i64 0, i64 %tmp_8

ST_8: stg_73 [1/1] 2.39ns
.loopexit:13  store i32 %temp_data, i32* %a_data_addr_1, align 4

ST_8: stg_74 [1/1] 0.00ns
.loopexit:14  ret void



============================================================
+ Verbose Summary: Binding
============================================================
STG Binding: 
---------------- STG Properties BEGIN ----------------
- Is combinational: 0
- Is one-state seq: 0
- Is datapath-only: 0
- Is clock enabled: 0
- Is pipelined: 0
- Is top level: 0
Port [ Return ] is wired: 1; IO mode=ap_ctrl_hs:ce=0
Port [ a_priority]:  wired=1; compound=1; hidden=0; nouse=0; global=0; static=0; extern=0; dir=2; type=1; mode=0x4c1a400; pingpong=0; private_global=0; MemPort=[22]; IO mode=ap_memory:ce=0
Port [ a_data]:  wired=1; compound=1; hidden=0; nouse=0; global=0; static=0; extern=0; dir=2; type=1; mode=0x4bd98e0; pingpong=0; private_global=0; MemPort=[23]; IO mode=ap_memory:ce=0
Port [ i]:  wired=1; compound=0; hidden=0; nouse=0; global=0; static=0; extern=0; dir=0; type=0; mode=0x4ae7ee0; pingpong=0; private_global=0; IO mode=ap_none:ce=0
Port [ n]:  wired=1; compound=0; hidden=0; nouse=0; global=0; static=0; extern=0; dir=0; type=0; mode=0x4bfd3e0; pingpong=0; private_global=0; IO mode=ap_none:ce=0
---------------- STG Properties END ------------------

---------------- Datapath Model BEGIN ----------------

<LifeTime>
<method=bitvector/>
i_read            (read          ) [ 001111110]
tmp               (sext          ) [ 000000000]
a_priority_addr   (getelementptr ) [ 001000000]
a_data_addr       (getelementptr ) [ 001000000]
n_read            (read          ) [ 000111110]
temp_priority     (load          ) [ 000111111]
temp_data         (load          ) [ 000111111]
stg_18            (br            ) [ 001111110]
j_0_in            (phi           ) [ 000100000]
tmp_11            (trunc         ) [ 000000000]
j                 (shl           ) [ 000111111]
tmp_s             (icmp          ) [ 000111110]
stg_23            (br            ) [ 000111111]
tmp_1             (icmp          ) [ 000010000]
j_2               (bitconcatenate) [ 000010000]
tmp_2             (sext          ) [ 000000000]
a_priority_addr_1 (getelementptr ) [ 000010000]
tmp_3             (sext          ) [ 000000000]
a_priority_addr_2 (getelementptr ) [ 000010000]
a_priority_load   (load          ) [ 000000000]
a_priority_load_1 (load          ) [ 000000000]
tmp_4             (icmp          ) [ 000000000]
p_j               (select        ) [ 000000000]
j_1               (select        ) [ 001101111]
tmp_5             (sext          ) [ 000000100]
a_priority_addr_3 (getelementptr ) [ 000000100]
a_priority_load_2 (load          ) [ 000000010]
tmp_6             (icmp          ) [ 000111110]
stg_42            (br            ) [ 000111111]
a_data_addr_3     (getelementptr ) [ 000000010]
tmp_18            (bitselect     ) [ 000000000]
p_neg             (sub           ) [ 000000000]
p_lshr            (partselect    ) [ 000000000]
tmp_14            (zext          ) [ 000000000]
p_neg_t           (sub           ) [ 000000000]
p_lshr_f          (partselect    ) [ 000000000]
tmp_15            (zext          ) [ 000000000]
tmp_9             (select        ) [ 000000000]
tmp_10            (sext          ) [ 000000000]
a_priority_addr_5 (getelementptr ) [ 000000000]
stg_55            (store         ) [ 000000000]
a_data_addr_2     (getelementptr ) [ 000000000]
a_data_load       (load          ) [ 000000000]
stg_58            (store         ) [ 000000000]
stg_59            (br            ) [ 001111110]
j_3               (phi           ) [ 000000001]
tmp_17            (bitselect     ) [ 000000000]
p_neg1            (sub           ) [ 000000000]
p_lshr1           (partselect    ) [ 000000000]
tmp_12            (zext          ) [ 000000000]
p_neg_t1          (sub           ) [ 000000000]
p_lshr_f1         (partselect    ) [ 000000000]
tmp_13            (zext          ) [ 000000000]
tmp_7             (select        ) [ 000000000]
tmp_8             (sext          ) [ 000000000]
a_priority_addr_4 (getelementptr ) [ 000000000]
stg_71            (store         ) [ 000000000]
a_data_addr_1     (getelementptr ) [ 000000000]
stg_73            (store         ) [ 000000000]
stg_74            (ret           ) [ 000000000]
</LifeTime>

<model>

<comp_list>
<comp id="0" class="1000" name="a_priority">
<pin_list>
<pin id="1" dir="1" index="0" bw="1" slack="0"/>
</pin_list>
<bind>
<StgValue><ssdm name="a_priority"/><MemPortTyVec>2 2 </MemPortTyVec>
</StgValue>
</bind>
</comp>

<comp id="2" class="1000" name="a_data">
<pin_list>
<pin id="3" dir="1" index="0" bw="1" slack="0"/>
</pin_list>
<bind>
<StgValue><ssdm name="a_data"/><MemPortTyVec>2 3 </MemPortTyVec>
</StgValue>
</bind>
</comp>

<comp id="4" class="1000" name="i">
<pin_list>
<pin id="5" dir="1" index="0" bw="1" slack="0"/>
</pin_list>
<bind>
<StgValue><ssdm name="i"/></StgValue>
</bind>
</comp>

<comp id="6" class="1000" name="n">
<pin_list>
<pin id="7" dir="1" index="0" bw="1" slack="0"/>
</pin_list>
<bind>
<StgValue><ssdm name="n"/></StgValue>
</bind>
</comp>

<comp id="8" class="1001" name="const_8">
<pin_list>
<pin id="9" dir="1" index="0" bw="1" slack="0"/>
</pin_list>
<bind>
<StgValue><ssdm name="_ssdm_op_Read.ap_auto.i32"/></StgValue>
</bind>
</comp>

<comp id="10" class="1001" name="const_10">
<pin_list>
<pin id="11" dir="1" index="0" bw="1" slack="0"/>
</pin_list>
<bind>
<StgValue><ssdm name=""/></StgValue>
</bind>
</comp>

<comp id="12" class="1001" name="const_12">
<pin_list>
<pin id="13" dir="1" index="0" bw="1" slack="0"/>
</pin_list>
<bind>
<StgValue><ssdm name=""/></StgValue>
</bind>
</comp>

<comp id="14" class="1001" name="const_14">
<pin_list>
<pin id="15" dir="1" index="0" bw="1" slack="0"/>
</pin_list>
<bind>
<StgValue><ssdm name="_ssdm_op_BitConcatenate.i32.i31.i1"/></StgValue>
</bind>
</comp>

<comp id="16" class="1001" name="const_16">
<pin_list>
<pin id="17" dir="1" index="0" bw="1" slack="0"/>
</pin_list>
<bind>
<StgValue><ssdm name=""/></StgValue>
</bind>
</comp>

<comp id="18" class="1001" name="const_18">
<pin_list>
<pin id="19" dir="1" index="0" bw="1" slack="0"/>
</pin_list>
<bind>
<StgValue><ssdm name="_ssdm_op_BitSelect.i1.i32.i32"/></StgValue>
</bind>
</comp>

<comp id="20" class="1001" name="const_20">
<pin_list>
<pin id="21" dir="1" index="0" bw="1" slack="0"/>
</pin_list>
<bind>
<StgValue><ssdm name=""/></StgValue>
</bind>
</comp>

<comp id="22" class="1001" name="const_22">
<pin_list>
<pin id="23" dir="1" index="0" bw="1" slack="0"/>
</pin_list>
<bind>
<StgValue><ssdm name=""/></StgValue>
</bind>
</comp>

<comp id="24" class="1001" name="const_24">
<pin_list>
<pin id="25" dir="1" index="0" bw="1" slack="0"/>
</pin_list>
<bind>
<StgValue><ssdm name="_ssdm_op_PartSelect.i31.i32.i32.i32"/></StgValue>
</bind>
</comp>

<comp id="26" class="1004" name="i_read_read_fu_26">
<pin_list>
<pin id="27" dir="0" index="0" bw="32" slack="0"/>
<pin id="28" dir="0" index="1" bw="32" slack="0"/>
<pin id="29" dir="1" index="2" bw="32" slack="0"/>
</pin_list>
<bind>
<opcode="read(1150) " fcode="read"/>
<opset="i_read/1 "/>
</bind>
</comp>

<comp id="32" class="1004" name="n_read_read_fu_32">
<pin_list>
<pin id="33" dir="0" index="0" bw="32" slack="0"/>
<pin id="34" dir="0" index="1" bw="32" slack="0"/>
<pin id="35" dir="1" index="2" bw="32" slack="1"/>
</pin_list>
<bind>
<opcode="read(1150) " fcode="read"/>
<opset="n_read/2 "/>
</bind>
</comp>

<comp id="38" class="1004" name="a_priority_addr_gep_fu_38">
<pin_list>
<pin id="39" dir="0" index="0" bw="32" slack="0"/>
<pin id="40" dir="0" index="1" bw="1" slack="0"/>
<pin id="41" dir="0" index="2" bw="32" slack="0"/>
<pin id="42" dir="1" index="3" bw="8" slack="0"/>
</pin_list>
<bind>
<opcode="getelementptr(29) " fcode="getelementptr"/>
<opset="a_priority_addr/1 "/>
</bind>
</comp>

<comp id="45" class="1004" name="grp_access_fu_45">
<pin_list>
<pin id="46" dir="0" index="0" bw="8" slack="0"/>
<pin id="47" dir="0" index="1" bw="32" slack="1"/>
<pin id="77" dir="0" index="3" bw="8" slack="0"/>
<pin id="78" dir="0" index="4" bw="32" slack="5"/>
<pin id="48" dir="1" index="2" bw="32" slack="0"/>
<pin id="79" dir="1" index="5" bw="32" slack="0"/>
</pin_list>
<bind>
<opcode="load(27) store(28) " fcode="store"/>
<opset="temp_priority/1 a_priority_load/3 a_priority_load_1/3 a_priority_load_2/5 stg_55/7 stg_71/8 "/>
</bind>
</comp>

<comp id="50" class="1004" name="a_data_addr_gep_fu_50">
<pin_list>
<pin id="51" dir="0" index="0" bw="32" slack="0"/>
<pin id="52" dir="0" index="1" bw="1" slack="0"/>
<pin id="53" dir="0" index="2" bw="32" slack="0"/>
<pin id="54" dir="1" index="3" bw="8" slack="0"/>
</pin_list>
<bind>
<opcode="getelementptr(29) " fcode="getelementptr"/>
<opset="a_data_addr/1 "/>
</bind>
</comp>

<comp id="57" class="1004" name="grp_access_fu_57">
<pin_list>
<pin id="58" dir="0" index="0" bw="8" slack="0"/>
<pin id="59" dir="0" index="1" bw="32" slack="0"/>
<pin id="60" dir="1" index="2" bw="32" slack="0"/>
</pin_list>
<bind>
<opcode="load(27) store(28) " fcode="store"/>
<opset="temp_data/1 a_data_load/6 stg_58/7 stg_73/8 "/>
</bind>
</comp>

<comp id="62" class="1004" name="a_priority_addr_1_gep_fu_62">
<pin_list>
<pin id="63" dir="0" index="0" bw="32" slack="0"/>
<pin id="64" dir="0" index="1" bw="1" slack="0"/>
<pin id="65" dir="0" index="2" bw="32" slack="0"/>
<pin id="66" dir="1" index="3" bw="8" slack="0"/>
</pin_list>
<bind>
<opcode="getelementptr(29) " fcode="getelementptr"/>
<opset="a_priority_addr_1/3 "/>
</bind>
</comp>

<comp id="70" class="1004" name="a_priority_addr_2_gep_fu_70">
<pin_list>
<pin id="71" dir="0" index="0" bw="32" slack="0"/>
<pin id="72" dir="0" index="1" bw="1" slack="0"/>
<pin id="73" dir="0" index="2" bw="32" slack="0"/>
<pin id="74" dir="1" index="3" bw="8" slack="0"/>
</pin_list>
<bind>
<opcode="getelementptr(29) " fcode="getelementptr"/>
<opset="a_priority_addr_2/3 "/>
</bind>
</comp>

<comp id="81" class="1004" name="a_priority_addr_3_gep_fu_81">
<pin_list>
<pin id="82" dir="0" index="0" bw="32" slack="0"/>
<pin id="83" dir="0" index="1" bw="1" slack="0"/>
<pin id="84" dir="0" index="2" bw="32" slack="0"/>
<pin id="85" dir="1" index="3" bw="8" slack="0"/>
</pin_list>
<bind>
<opcode="getelementptr(29) " fcode="getelementptr"/>
<opset="a_priority_addr_3/5 "/>
</bind>
</comp>

<comp id="89" class="1004" name="a_data_addr_3_gep_fu_89">
<pin_list>
<pin id="90" dir="0" index="0" bw="32" slack="0"/>
<pin id="91" dir="0" index="1" bw="1" slack="0"/>
<pin id="92" dir="0" index="2" bw="32" slack="1"/>
<pin id="93" dir="1" index="3" bw="8" slack="0"/>
</pin_list>
<bind>
<opcode="getelementptr(29) " fcode="getelementptr"/>
<opset="a_data_addr_3/6 "/>
</bind>
</comp>

<comp id="97" class="1004" name="a_priority_addr_5_gep_fu_97">
<pin_list>
<pin id="98" dir="0" index="0" bw="32" slack="0"/>
<pin id="99" dir="0" index="1" bw="1" slack="0"/>
<pin id="100" dir="0" index="2" bw="32" slack="0"/>
<pin id="101" dir="1" index="3" bw="8" slack="0"/>
</pin_list>
<bind>
<opcode="getelementptr(29) " fcode="getelementptr"/>
<opset="a_priority_addr_5/7 "/>
</bind>
</comp>

<comp id="105" class="1004" name="a_data_addr_2_gep_fu_105">
<pin_list>
<pin id="106" dir="0" index="0" bw="32" slack="0"/>
<pin id="107" dir="0" index="1" bw="1" slack="0"/>
<pin id="108" dir="0" index="2" bw="32" slack="0"/>
<pin id="109" dir="1" index="3" bw="8" slack="0"/>
</pin_list>
<bind>
<opcode="getelementptr(29) " fcode="getelementptr"/>
<opset="a_data_addr_2/7 "/>
</bind>
</comp>

<comp id="114" class="1004" name="a_priority_addr_4_gep_fu_114">
<pin_list>
<pin id="115" dir="0" index="0" bw="32" slack="0"/>
<pin id="116" dir="0" index="1" bw="1" slack="0"/>
<pin id="117" dir="0" index="2" bw="32" slack="0"/>
<pin id="118" dir="1" index="3" bw="8" slack="0"/>
</pin_list>
<bind>
<opcode="getelementptr(29) " fcode="getelementptr"/>
<opset="a_priority_addr_4/8 "/>
</bind>
</comp>

<comp id="122" class="1004" name="a_data_addr_1_gep_fu_122">
<pin_list>
<pin id="123" dir="0" index="0" bw="32" slack="0"/>
<pin id="124" dir="0" index="1" bw="1" slack="0"/>
<pin id="125" dir="0" index="2" bw="32" slack="0"/>
<pin id="126" dir="1" index="3" bw="8" slack="0"/>
</pin_list>
<bind>
<opcode="getelementptr(29) " fcode="getelementptr"/>
<opset="a_data_addr_1/8 "/>
</bind>
</comp>

<comp id="130" class="1005" name="j_0_in_reg_130">
<pin_list>
<pin id="131" dir="0" index="0" bw="32" slack="2147483647"/>
<pin id="132" dir="1" index="1" bw="32" slack="2147483647"/>
</pin_list>
<bind>
<opset="j_0_in (phireg) "/>
</bind>
</comp>

<comp id="133" class="1004" name="j_0_in_phi_fu_133">
<pin_list>
<pin id="134" dir="0" index="0" bw="32" slack="2"/>
<pin id="135" dir="0" index="1" bw="0" slack="2147483647"/>
<pin id="136" dir="0" index="2" bw="32" slack="1"/>
<pin id="137" dir="0" index="3" bw="0" slack="2147483647"/>
<pin id="138" dir="1" index="4" bw="32" slack="0"/>
</pin_list>
<bind>
<opcode="phi(47) " fcode="phi"/>
<opset="j_0_in/3 "/>
</bind>
</comp>

<comp id="139" class="1005" name="j_3_reg_139">
<pin_list>
<pin id="140" dir="0" index="0" bw="32" slack="2147483647"/>
<pin id="141" dir="1" index="1" bw="32" slack="2147483647"/>
</pin_list>
<bind>
<opset="j_3 (phireg) "/>
</bind>
</comp>

<comp id="142" class="1004" name="j_3_phi_fu_142">
<pin_list>
<pin id="143" dir="0" index="0" bw="32" slack="4"/>
<pin id="144" dir="0" index="1" bw="0" slack="2147483647"/>
<pin id="145" dir="0" index="2" bw="32" slack="3"/>
<pin id="146" dir="0" index="3" bw="0" slack="2147483647"/>
<pin id="147" dir="1" index="4" bw="32" slack="0"/>
</pin_list>
<bind>
<opcode="phi(47) " fcode="phi"/>
<opset="j_3/8 "/>
</bind>
</comp>

<comp id="149" class="1004" name="tmp_fu_149">
<pin_list>
<pin id="150" dir="0" index="0" bw="32" slack="0"/>
<pin id="151" dir="1" index="1" bw="64" slack="0"/>
</pin_list>
<bind>
<opcode="sext(35) " fcode="sext"/>
<opset="tmp/1 "/>
</bind>
</comp>

<comp id="155" class="1004" name="tmp_11_fu_155">
<pin_list>
<pin id="156" dir="0" index="0" bw="32" slack="0"/>
<pin id="157" dir="1" index="1" bw="31" slack="0"/>
</pin_list>
<bind>
<opcode="trunc(33) " fcode="trunc"/>
<opset="tmp_11/3 "/>
</bind>
</comp>

<comp id="159" class="1004" name="j_fu_159">
<pin_list>
<pin id="160" dir="0" index="0" bw="32" slack="0"/>
<pin id="161" dir="0" index="1" bw="1" slack="0"/>
<pin id="162" dir="1" index="2" bw="32" slack="0"/>
</pin_list>
<bind>
<opcode="shl(20) " fcode="shl"/>
<opset="j/3 "/>
</bind>
</comp>

<comp id="165" class="1004" name="tmp_s_fu_165">
<pin_list>
<pin id="166" dir="0" index="0" bw="32" slack="0"/>
<pin id="167" dir="0" index="1" bw="32" slack="1"/>
<pin id="168" dir="1" index="2" bw="1" slack="2147483647"/>
</pin_list>
<bind>
<opcode="icmp(45) " fcode="icmp"/>
<opset="tmp_s/3 "/>
</bind>
</comp>

<comp id="170" class="1004" name="tmp_1_fu_170">
<pin_list>
<pin id="171" dir="0" index="0" bw="32" slack="0"/>
<pin id="172" dir="0" index="1" bw="32" slack="1"/>
<pin id="173" dir="1" index="2" bw="1" slack="1"/>
</pin_list>
<bind>
<opcode="icmp(45) " fcode="icmp"/>
<opset="tmp_1/3 "/>
</bind>
</comp>

<comp id="175" class="1004" name="j_2_fu_175">
<pin_list>
<pin id="176" dir="0" index="0" bw="32" slack="0"/>
<pin id="177" dir="0" index="1" bw="31" slack="0"/>
<pin id="178" dir="0" index="2" bw="1" slack="0"/>
<pin id="179" dir="1" index="3" bw="32" slack="0"/>
</pin_list>
<bind>
<opcode="bitconcatenate(1004) " fcode="bitconcatenate"/>
<opset="j_2/3 "/>
</bind>
</comp>

<comp id="183" class="1004" name="tmp_2_fu_183">
<pin_list>
<pin id="184" dir="0" index="0" bw="32" slack="0"/>
<pin id="185" dir="1" index="1" bw="64" slack="0"/>
</pin_list>
<bind>
<opcode="sext(35) " fcode="sext"/>
<opset="tmp_2/3 "/>
</bind>
</comp>

<comp id="188" class="1004" name="tmp_3_fu_188">
<pin_list>
<pin id="189" dir="0" index="0" bw="32" slack="0"/>
<pin id="190" dir="1" index="1" bw="64" slack="0"/>
</pin_list>
<bind>
<opcode="sext(35) " fcode="sext"/>
<opset="tmp_3/3 "/>
</bind>
</comp>

<comp id="193" class="1004" name="tmp_4_fu_193">
<pin_list>
<pin id="194" dir="0" index="0" bw="32" slack="0"/>
<pin id="195" dir="0" index="1" bw="32" slack="0"/>
<pin id="196" dir="1" index="2" bw="1" slack="0"/>
</pin_list>
<bind>
<opcode="icmp(45) " fcode="icmp"/>
<opset="tmp_4/4 "/>
</bind>
</comp>

<comp id="199" class="1004" name="p_j_fu_199">
<pin_list>
<pin id="200" dir="0" index="0" bw="1" slack="0"/>
<pin id="201" dir="0" index="1" bw="32" slack="1"/>
<pin id="202" dir="0" index="2" bw="32" slack="1"/>
<pin id="203" dir="1" index="3" bw="32" slack="0"/>
</pin_list>
<bind>
<opcode="select(49) " fcode="select"/>
<opset="p_j/4 "/>
</bind>
</comp>

<comp id="205" class="1004" name="j_1_fu_205">
<pin_list>
<pin id="206" dir="0" index="0" bw="1" slack="1"/>
<pin id="207" dir="0" index="1" bw="32" slack="0"/>
<pin id="208" dir="0" index="2" bw="32" slack="1"/>
<pin id="209" dir="1" index="3" bw="32" slack="1"/>
</pin_list>
<bind>
<opcode="select(49) " fcode="select"/>
<opset="j_1/4 "/>
</bind>
</comp>

<comp id="211" class="1004" name="tmp_5_fu_211">
<pin_list>
<pin id="212" dir="0" index="0" bw="32" slack="1"/>
<pin id="213" dir="1" index="1" bw="64" slack="0"/>
</pin_list>
<bind>
<opcode="sext(35) " fcode="sext"/>
<opset="tmp_5/5 "/>
</bind>
</comp>

<comp id="215" class="1004" name="tmp_6_fu_215">
<pin_list>
<pin id="216" dir="0" index="0" bw="32" slack="4"/>
<pin id="217" dir="0" index="1" bw="32" slack="0"/>
<pin id="218" dir="1" index="2" bw="1" slack="2147483647"/>
</pin_list>
<bind>
<opcode="icmp(45) " fcode="icmp"/>
<opset="tmp_6/6 "/>
</bind>
</comp>

<comp id="220" class="1004" name="tmp_18_fu_220">
<pin_list>
<pin id="221" dir="0" index="0" bw="1" slack="0"/>
<pin id="222" dir="0" index="1" bw="32" slack="3"/>
<pin id="223" dir="0" index="2" bw="6" slack="0"/>
<pin id="224" dir="1" index="3" bw="1" slack="0"/>
</pin_list>
<bind>
<opcode="bitselect(1000) " fcode="bitselect"/>
<opset="tmp_18/7 "/>
</bind>
</comp>

<comp id="227" class="1004" name="p_neg_fu_227">
<pin_list>
<pin id="228" dir="0" index="0" bw="1" slack="0"/>
<pin id="229" dir="0" index="1" bw="32" slack="3"/>
<pin id="230" dir="1" index="2" bw="32" slack="0"/>
</pin_list>
<bind>
<opcode="sub(10) " fcode="sub"/>
<opset="p_neg/7 "/>
</bind>
</comp>

<comp id="232" class="1004" name="p_lshr_fu_232">
<pin_list>
<pin id="233" dir="0" index="0" bw="31" slack="0"/>
<pin id="234" dir="0" index="1" bw="32" slack="0"/>
<pin id="235" dir="0" index="2" bw="1" slack="0"/>
<pin id="236" dir="0" index="3" bw="6" slack="0"/>
<pin id="237" dir="1" index="4" bw="31" slack="0"/>
</pin_list>
<bind>
<opcode="partselect(1002) " fcode="partselect"/>
<opset="p_lshr/7 "/>
</bind>
</comp>

<comp id="242" class="1004" name="tmp_14_fu_242">
<pin_list>
<pin id="243" dir="0" index="0" bw="31" slack="0"/>
<pin id="244" dir="1" index="1" bw="32" slack="0"/>
</pin_list>
<bind>
<opcode="zext(34) " fcode="zext"/>
<opset="tmp_14/7 "/>
</bind>
</comp>

<comp id="246" class="1004" name="p_neg_t_fu_246">
<pin_list>
<pin id="247" dir="0" index="0" bw="1" slack="0"/>
<pin id="248" dir="0" index="1" bw="31" slack="0"/>
<pin id="249" dir="1" index="2" bw="32" slack="0"/>
</pin_list>
<bind>
<opcode="sub(10) " fcode="sub"/>
<opset="p_neg_t/7 "/>
</bind>
</comp>

<comp id="252" class="1004" name="p_lshr_f_fu_252">
<pin_list>
<pin id="253" dir="0" index="0" bw="31" slack="0"/>
<pin id="254" dir="0" index="1" bw="32" slack="3"/>
<pin id="255" dir="0" index="2" bw="1" slack="0"/>
<pin id="256" dir="0" index="3" bw="6" slack="0"/>
<pin id="257" dir="1" index="4" bw="31" slack="0"/>
</pin_list>
<bind>
<opcode="partselect(1002) " fcode="partselect"/>
<opset="p_lshr_f/7 "/>
</bind>
</comp>

<comp id="261" class="1004" name="tmp_15_fu_261">
<pin_list>
<pin id="262" dir="0" index="0" bw="31" slack="0"/>
<pin id="263" dir="1" index="1" bw="32" slack="0"/>
</pin_list>
<bind>
<opcode="zext(34) " fcode="zext"/>
<opset="tmp_15/7 "/>
</bind>
</comp>

<comp id="265" class="1004" name="tmp_9_fu_265">
<pin_list>
<pin id="266" dir="0" index="0" bw="1" slack="0"/>
<pin id="267" dir="0" index="1" bw="32" slack="0"/>
<pin id="268" dir="0" index="2" bw="31" slack="0"/>
<pin id="269" dir="1" index="3" bw="32" slack="0"/>
</pin_list>
<bind>
<opcode="select(49) " fcode="select"/>
<opset="tmp_9/7 "/>
</bind>
</comp>

<comp id="273" class="1004" name="tmp_10_fu_273">
<pin_list>
<pin id="274" dir="0" index="0" bw="32" slack="0"/>
<pin id="275" dir="1" index="1" bw="64" slack="0"/>
</pin_list>
<bind>
<opcode="sext(35) " fcode="sext"/>
<opset="tmp_10/7 "/>
</bind>
</comp>

<comp id="279" class="1004" name="tmp_17_fu_279">
<pin_list>
<pin id="280" dir="0" index="0" bw="1" slack="0"/>
<pin id="281" dir="0" index="1" bw="32" slack="0"/>
<pin id="282" dir="0" index="2" bw="6" slack="0"/>
<pin id="283" dir="1" index="3" bw="1" slack="0"/>
</pin_list>
<bind>
<opcode="bitselect(1000) " fcode="bitselect"/>
<opset="tmp_17/8 "/>
</bind>
</comp>

<comp id="287" class="1004" name="p_neg1_fu_287">
<pin_list>
<pin id="288" dir="0" index="0" bw="1" slack="0"/>
<pin id="289" dir="0" index="1" bw="32" slack="0"/>
<pin id="290" dir="1" index="2" bw="32" slack="0"/>
</pin_list>
<bind>
<opcode="sub(10) " fcode="sub"/>
<opset="p_neg1/8 "/>
</bind>
</comp>

<comp id="293" class="1004" name="p_lshr1_fu_293">
<pin_list>
<pin id="294" dir="0" index="0" bw="31" slack="0"/>
<pin id="295" dir="0" index="1" bw="32" slack="0"/>
<pin id="296" dir="0" index="2" bw="1" slack="0"/>
<pin id="297" dir="0" index="3" bw="6" slack="0"/>
<pin id="298" dir="1" index="4" bw="31" slack="0"/>
</pin_list>
<bind>
<opcode="partselect(1002) " fcode="partselect"/>
<opset="p_lshr1/8 "/>
</bind>
</comp>

<comp id="303" class="1004" name="tmp_12_fu_303">
<pin_list>
<pin id="304" dir="0" index="0" bw="31" slack="0"/>
<pin id="305" dir="1" index="1" bw="32" slack="0"/>
</pin_list>
<bind>
<opcode="zext(34) " fcode="zext"/>
<opset="tmp_12/8 "/>
</bind>
</comp>

<comp id="307" class="1004" name="p_neg_t1_fu_307">
<pin_list>
<pin id="308" dir="0" index="0" bw="1" slack="0"/>
<pin id="309" dir="0" index="1" bw="31" slack="0"/>
<pin id="310" dir="1" index="2" bw="32" slack="0"/>
</pin_list>
<bind>
<opcode="sub(10) " fcode="sub"/>
<opset="p_neg_t1/8 "/>
</bind>
</comp>

<comp id="313" class="1004" name="p_lshr_f1_fu_313">
<pin_list>
<pin id="314" dir="0" index="0" bw="31" slack="0"/>
<pin id="315" dir="0" index="1" bw="32" slack="0"/>
<pin id="316" dir="0" index="2" bw="1" slack="0"/>
<pin id="317" dir="0" index="3" bw="6" slack="0"/>
<pin id="318" dir="1" index="4" bw="31" slack="0"/>
</pin_list>
<bind>
<opcode="partselect(1002) " fcode="partselect"/>
<opset="p_lshr_f1/8 "/>
</bind>
</comp>

<comp id="323" class="1004" name="tmp_13_fu_323">
<pin_list>
<pin id="324" dir="0" index="0" bw="31" slack="0"/>
<pin id="325" dir="1" index="1" bw="32" slack="0"/>
</pin_list>
<bind>
<opcode="zext(34) " fcode="zext"/>
<opset="tmp_13/8 "/>
</bind>
</comp>

<comp id="327" class="1004" name="tmp_7_fu_327">
<pin_list>
<pin id="328" dir="0" index="0" bw="1" slack="0"/>
<pin id="329" dir="0" index="1" bw="32" slack="0"/>
<pin id="330" dir="0" index="2" bw="31" slack="0"/>
<pin id="331" dir="1" index="3" bw="32" slack="0"/>
</pin_list>
<bind>
<opcode="select(49) " fcode="select"/>
<opset="tmp_7/8 "/>
</bind>
</comp>

<comp id="335" class="1004" name="tmp_8_fu_335">
<pin_list>
<pin id="336" dir="0" index="0" bw="32" slack="0"/>
<pin id="337" dir="1" index="1" bw="64" slack="0"/>
</pin_list>
<bind>
<opcode="sext(35) " fcode="sext"/>
<opset="tmp_8/8 "/>
</bind>
</comp>

<comp id="341" class="1005" name="i_read_reg_341">
<pin_list>
<pin id="342" dir="0" index="0" bw="32" slack="2"/>
<pin id="343" dir="1" index="1" bw="32" slack="2"/>
</pin_list>
<bind>
<opset="i_read "/>
</bind>
</comp>

<comp id="346" class="1005" name="a_priority_addr_reg_346">
<pin_list>
<pin id="347" dir="0" index="0" bw="8" slack="1"/>
<pin id="348" dir="1" index="1" bw="8" slack="1"/>
</pin_list>
<bind>
<opset="a_priority_addr "/>
</bind>
</comp>

<comp id="351" class="1005" name="a_data_addr_reg_351">
<pin_list>
<pin id="352" dir="0" index="0" bw="8" slack="1"/>
<pin id="353" dir="1" index="1" bw="8" slack="1"/>
</pin_list>
<bind>
<opset="a_data_addr "/>
</bind>
</comp>

<comp id="356" class="1005" name="n_read_reg_356">
<pin_list>
<pin id="357" dir="0" index="0" bw="32" slack="1"/>
<pin id="358" dir="1" index="1" bw="32" slack="1"/>
</pin_list>
<bind>
<opset="n_read "/>
</bind>
</comp>

<comp id="362" class="1005" name="temp_priority_reg_362">
<pin_list>
<pin id="363" dir="0" index="0" bw="32" slack="4"/>
<pin id="364" dir="1" index="1" bw="32" slack="4"/>
</pin_list>
<bind>
<opset="temp_priority "/>
</bind>
</comp>

<comp id="368" class="1005" name="temp_data_reg_368">
<pin_list>
<pin id="369" dir="0" index="0" bw="32" slack="5"/>
<pin id="370" dir="1" index="1" bw="32" slack="5"/>
</pin_list>
<bind>
<opset="temp_data "/>
</bind>
</comp>

<comp id="373" class="1005" name="j_reg_373">
<pin_list>
<pin id="374" dir="0" index="0" bw="32" slack="1"/>
<pin id="375" dir="1" index="1" bw="32" slack="1"/>
</pin_list>
<bind>
<opset="j "/>
</bind>
</comp>

<comp id="383" class="1005" name="tmp_1_reg_383">
<pin_list>
<pin id="384" dir="0" index="0" bw="1" slack="1"/>
<pin id="385" dir="1" index="1" bw="1" slack="1"/>
</pin_list>
<bind>
<opset="tmp_1 "/>
</bind>
</comp>

<comp id="388" class="1005" name="j_2_reg_388">
<pin_list>
<pin id="389" dir="0" index="0" bw="32" slack="1"/>
<pin id="390" dir="1" index="1" bw="32" slack="1"/>
</pin_list>
<bind>
<opset="j_2 "/>
</bind>
</comp>

<comp id="393" class="1005" name="a_priority_addr_1_reg_393">
<pin_list>
<pin id="394" dir="0" index="0" bw="8" slack="1"/>
<pin id="395" dir="1" index="1" bw="8" slack="1"/>
</pin_list>
<bind>
<opset="a_priority_addr_1 "/>
</bind>
</comp>

<comp id="398" class="1005" name="a_priority_addr_2_reg_398">
<pin_list>
<pin id="399" dir="0" index="0" bw="8" slack="1"/>
<pin id="400" dir="1" index="1" bw="8" slack="1"/>
</pin_list>
<bind>
<opset="a_priority_addr_2 "/>
</bind>
</comp>

<comp id="403" class="1005" name="j_1_reg_403">
<pin_list>
<pin id="404" dir="0" index="0" bw="32" slack="1"/>
<pin id="405" dir="1" index="1" bw="32" slack="1"/>
</pin_list>
<bind>
<opset="j_1 "/>
</bind>
</comp>

<comp id="413" class="1005" name="tmp_5_reg_413">
<pin_list>
<pin id="414" dir="0" index="0" bw="64" slack="1"/>
<pin id="415" dir="1" index="1" bw="64" slack="1"/>
</pin_list>
<bind>
<opset="tmp_5 "/>
</bind>
</comp>

<comp id="418" class="1005" name="a_priority_addr_3_reg_418">
<pin_list>
<pin id="419" dir="0" index="0" bw="8" slack="1"/>
<pin id="420" dir="1" index="1" bw="8" slack="1"/>
</pin_list>
<bind>
<opset="a_priority_addr_3 "/>
</bind>
</comp>

<comp id="423" class="1005" name="a_priority_load_2_reg_423">
<pin_list>
<pin id="424" dir="0" index="0" bw="32" slack="1"/>
<pin id="425" dir="1" index="1" bw="32" slack="1"/>
</pin_list>
<bind>
<opset="a_priority_load_2 "/>
</bind>
</comp>

<comp id="431" class="1005" name="a_data_addr_3_reg_431">
<pin_list>
<pin id="432" dir="0" index="0" bw="8" slack="1"/>
<pin id="433" dir="1" index="1" bw="8" slack="1"/>
</pin_list>
<bind>
<opset="a_data_addr_3 "/>
</bind>
</comp>

</comp_list>

<net_list>
<net id="30"><net_src comp="8" pin="0"/><net_sink comp="26" pin=0"/></net>

<net id="31"><net_src comp="4" pin="0"/><net_sink comp="26" pin=1"/></net>

<net id="36"><net_src comp="8" pin="0"/><net_sink comp="32" pin=0"/></net>

<net id="37"><net_src comp="6" pin="0"/><net_sink comp="32" pin=1"/></net>

<net id="43"><net_src comp="0" pin="0"/><net_sink comp="38" pin=0"/></net>

<net id="44"><net_src comp="10" pin="0"/><net_sink comp="38" pin=1"/></net>

<net id="49"><net_src comp="38" pin="3"/><net_sink comp="45" pin=0"/></net>

<net id="55"><net_src comp="2" pin="0"/><net_sink comp="50" pin=0"/></net>

<net id="56"><net_src comp="10" pin="0"/><net_sink comp="50" pin=1"/></net>

<net id="61"><net_src comp="50" pin="3"/><net_sink comp="57" pin=0"/></net>

<net id="67"><net_src comp="0" pin="0"/><net_sink comp="62" pin=0"/></net>

<net id="68"><net_src comp="10" pin="0"/><net_sink comp="62" pin=1"/></net>

<net id="69"><net_src comp="62" pin="3"/><net_sink comp="45" pin=0"/></net>

<net id="75"><net_src comp="0" pin="0"/><net_sink comp="70" pin=0"/></net>

<net id="76"><net_src comp="10" pin="0"/><net_sink comp="70" pin=1"/></net>

<net id="80"><net_src comp="70" pin="3"/><net_sink comp="45" pin=3"/></net>

<net id="86"><net_src comp="0" pin="0"/><net_sink comp="81" pin=0"/></net>

<net id="87"><net_src comp="10" pin="0"/><net_sink comp="81" pin=1"/></net>

<net id="88"><net_src comp="81" pin="3"/><net_sink comp="45" pin=3"/></net>

<net id="94"><net_src comp="2" pin="0"/><net_sink comp="89" pin=0"/></net>

<net id="95"><net_src comp="10" pin="0"/><net_sink comp="89" pin=1"/></net>

<net id="96"><net_src comp="89" pin="3"/><net_sink comp="57" pin=0"/></net>

<net id="102"><net_src comp="0" pin="0"/><net_sink comp="97" pin=0"/></net>

<net id="103"><net_src comp="10" pin="0"/><net_sink comp="97" pin=1"/></net>

<net id="104"><net_src comp="97" pin="3"/><net_sink comp="45" pin=0"/></net>

<net id="110"><net_src comp="2" pin="0"/><net_sink comp="105" pin=0"/></net>

<net id="111"><net_src comp="10" pin="0"/><net_sink comp="105" pin=1"/></net>

<net id="112"><net_src comp="57" pin="2"/><net_sink comp="57" pin=1"/></net>

<net id="113"><net_src comp="105" pin="3"/><net_sink comp="57" pin=0"/></net>

<net id="119"><net_src comp="0" pin="0"/><net_sink comp="114" pin=0"/></net>

<net id="120"><net_src comp="10" pin="0"/><net_sink comp="114" pin=1"/></net>

<net id="121"><net_src comp="114" pin="3"/><net_sink comp="45" pin=3"/></net>

<net id="127"><net_src comp="2" pin="0"/><net_sink comp="122" pin=0"/></net>

<net id="128"><net_src comp="10" pin="0"/><net_sink comp="122" pin=1"/></net>

<net id="129"><net_src comp="122" pin="3"/><net_sink comp="57" pin=0"/></net>

<net id="152"><net_src comp="26" pin="2"/><net_sink comp="149" pin=0"/></net>

<net id="153"><net_src comp="149" pin="1"/><net_sink comp="38" pin=2"/></net>

<net id="154"><net_src comp="149" pin="1"/><net_sink comp="50" pin=2"/></net>

<net id="158"><net_src comp="133" pin="4"/><net_sink comp="155" pin=0"/></net>

<net id="163"><net_src comp="133" pin="4"/><net_sink comp="159" pin=0"/></net>

<net id="164"><net_src comp="12" pin="0"/><net_sink comp="159" pin=1"/></net>

<net id="169"><net_src comp="159" pin="2"/><net_sink comp="165" pin=0"/></net>

<net id="174"><net_src comp="159" pin="2"/><net_sink comp="170" pin=0"/></net>

<net id="180"><net_src comp="14" pin="0"/><net_sink comp="175" pin=0"/></net>

<net id="181"><net_src comp="155" pin="1"/><net_sink comp="175" pin=1"/></net>

<net id="182"><net_src comp="16" pin="0"/><net_sink comp="175" pin=2"/></net>

<net id="186"><net_src comp="175" pin="3"/><net_sink comp="183" pin=0"/></net>

<net id="187"><net_src comp="183" pin="1"/><net_sink comp="62" pin=2"/></net>

<net id="191"><net_src comp="159" pin="2"/><net_sink comp="188" pin=0"/></net>

<net id="192"><net_src comp="188" pin="1"/><net_sink comp="70" pin=2"/></net>

<net id="197"><net_src comp="45" pin="2"/><net_sink comp="193" pin=0"/></net>

<net id="198"><net_src comp="45" pin="5"/><net_sink comp="193" pin=1"/></net>

<net id="204"><net_src comp="193" pin="2"/><net_sink comp="199" pin=0"/></net>

<net id="210"><net_src comp="199" pin="3"/><net_sink comp="205" pin=1"/></net>

<net id="214"><net_src comp="211" pin="1"/><net_sink comp="81" pin=2"/></net>

<net id="219"><net_src comp="45" pin="5"/><net_sink comp="215" pin=1"/></net>

<net id="225"><net_src comp="18" pin="0"/><net_sink comp="220" pin=0"/></net>

<net id="226"><net_src comp="20" pin="0"/><net_sink comp="220" pin=2"/></net>

<net id="231"><net_src comp="22" pin="0"/><net_sink comp="227" pin=0"/></net>

<net id="238"><net_src comp="24" pin="0"/><net_sink comp="232" pin=0"/></net>

<net id="239"><net_src comp="227" pin="2"/><net_sink comp="232" pin=1"/></net>

<net id="240"><net_src comp="12" pin="0"/><net_sink comp="232" pin=2"/></net>

<net id="241"><net_src comp="20" pin="0"/><net_sink comp="232" pin=3"/></net>

<net id="245"><net_src comp="232" pin="4"/><net_sink comp="242" pin=0"/></net>

<net id="250"><net_src comp="22" pin="0"/><net_sink comp="246" pin=0"/></net>

<net id="251"><net_src comp="242" pin="1"/><net_sink comp="246" pin=1"/></net>

<net id="258"><net_src comp="24" pin="0"/><net_sink comp="252" pin=0"/></net>

<net id="259"><net_src comp="12" pin="0"/><net_sink comp="252" pin=2"/></net>

<net id="260"><net_src comp="20" pin="0"/><net_sink comp="252" pin=3"/></net>

<net id="264"><net_src comp="252" pin="4"/><net_sink comp="261" pin=0"/></net>

<net id="270"><net_src comp="220" pin="3"/><net_sink comp="265" pin=0"/></net>

<net id="271"><net_src comp="246" pin="2"/><net_sink comp="265" pin=1"/></net>

<net id="272"><net_src comp="261" pin="1"/><net_sink comp="265" pin=2"/></net>

<net id="276"><net_src comp="265" pin="3"/><net_sink comp="273" pin=0"/></net>

<net id="277"><net_src comp="273" pin="1"/><net_sink comp="97" pin=2"/></net>

<net id="278"><net_src comp="273" pin="1"/><net_sink comp="105" pin=2"/></net>

<net id="284"><net_src comp="18" pin="0"/><net_sink comp="279" pin=0"/></net>

<net id="285"><net_src comp="142" pin="4"/><net_sink comp="279" pin=1"/></net>

<net id="286"><net_src comp="20" pin="0"/><net_sink comp="279" pin=2"/></net>

<net id="291"><net_src comp="22" pin="0"/><net_sink comp="287" pin=0"/></net>

<net id="292"><net_src comp="142" pin="4"/><net_sink comp="287" pin=1"/></net>

<net id="299"><net_src comp="24" pin="0"/><net_sink comp="293" pin=0"/></net>

<net id="300"><net_src comp="287" pin="2"/><net_sink comp="293" pin=1"/></net>

<net id="301"><net_src comp="12" pin="0"/><net_sink comp="293" pin=2"/></net>

<net id="302"><net_src comp="20" pin="0"/><net_sink comp="293" pin=3"/></net>

<net id="306"><net_src comp="293" pin="4"/><net_sink comp="303" pin=0"/></net>

<net id="311"><net_src comp="22" pin="0"/><net_sink comp="307" pin=0"/></net>

<net id="312"><net_src comp="303" pin="1"/><net_sink comp="307" pin=1"/></net>

<net id="319"><net_src comp="24" pin="0"/><net_sink comp="313" pin=0"/></net>

<net id="320"><net_src comp="142" pin="4"/><net_sink comp="313" pin=1"/></net>

<net id="321"><net_src comp="12" pin="0"/><net_sink comp="313" pin=2"/></net>

<net id="322"><net_src comp="20" pin="0"/><net_sink comp="313" pin=3"/></net>

<net id="326"><net_src comp="313" pin="4"/><net_sink comp="323" pin=0"/></net>

<net id="332"><net_src comp="279" pin="3"/><net_sink comp="327" pin=0"/></net>

<net id="333"><net_src comp="307" pin="2"/><net_sink comp="327" pin=1"/></net>

<net id="334"><net_src comp="323" pin="1"/><net_sink comp="327" pin=2"/></net>

<net id="338"><net_src comp="327" pin="3"/><net_sink comp="335" pin=0"/></net>

<net id="339"><net_src comp="335" pin="1"/><net_sink comp="114" pin=2"/></net>

<net id="340"><net_src comp="335" pin="1"/><net_sink comp="122" pin=2"/></net>

<net id="344"><net_src comp="26" pin="2"/><net_sink comp="341" pin=0"/></net>

<net id="345"><net_src comp="341" pin="1"/><net_sink comp="133" pin=0"/></net>

<net id="349"><net_src comp="38" pin="3"/><net_sink comp="346" pin=0"/></net>

<net id="350"><net_src comp="346" pin="1"/><net_sink comp="45" pin=0"/></net>

<net id="354"><net_src comp="50" pin="3"/><net_sink comp="351" pin=0"/></net>

<net id="355"><net_src comp="351" pin="1"/><net_sink comp="57" pin=0"/></net>

<net id="359"><net_src comp="32" pin="2"/><net_sink comp="356" pin=0"/></net>

<net id="360"><net_src comp="356" pin="1"/><net_sink comp="165" pin=1"/></net>

<net id="361"><net_src comp="356" pin="1"/><net_sink comp="170" pin=1"/></net>

<net id="365"><net_src comp="45" pin="2"/><net_sink comp="362" pin=0"/></net>

<net id="366"><net_src comp="362" pin="1"/><net_sink comp="215" pin=0"/></net>

<net id="367"><net_src comp="362" pin="1"/><net_sink comp="45" pin=4"/></net>

<net id="371"><net_src comp="57" pin="2"/><net_sink comp="368" pin=0"/></net>

<net id="372"><net_src comp="368" pin="1"/><net_sink comp="57" pin=1"/></net>

<net id="376"><net_src comp="159" pin="2"/><net_sink comp="373" pin=0"/></net>

<net id="377"><net_src comp="373" pin="1"/><net_sink comp="199" pin=2"/></net>

<net id="378"><net_src comp="373" pin="1"/><net_sink comp="205" pin=2"/></net>

<net id="379"><net_src comp="373" pin="1"/><net_sink comp="142" pin=0"/></net>

<net id="386"><net_src comp="170" pin="2"/><net_sink comp="383" pin=0"/></net>

<net id="387"><net_src comp="383" pin="1"/><net_sink comp="205" pin=0"/></net>

<net id="391"><net_src comp="175" pin="3"/><net_sink comp="388" pin=0"/></net>

<net id="392"><net_src comp="388" pin="1"/><net_sink comp="199" pin=1"/></net>

<net id="396"><net_src comp="62" pin="3"/><net_sink comp="393" pin=0"/></net>

<net id="397"><net_src comp="393" pin="1"/><net_sink comp="45" pin=0"/></net>

<net id="401"><net_src comp="70" pin="3"/><net_sink comp="398" pin=0"/></net>

<net id="402"><net_src comp="398" pin="1"/><net_sink comp="45" pin=3"/></net>

<net id="406"><net_src comp="205" pin="3"/><net_sink comp="403" pin=0"/></net>

<net id="407"><net_src comp="403" pin="1"/><net_sink comp="133" pin=2"/></net>

<net id="408"><net_src comp="403" pin="1"/><net_sink comp="211" pin=0"/></net>

<net id="409"><net_src comp="403" pin="1"/><net_sink comp="220" pin=1"/></net>

<net id="410"><net_src comp="403" pin="1"/><net_sink comp="227" pin=1"/></net>

<net id="411"><net_src comp="403" pin="1"/><net_sink comp="252" pin=1"/></net>

<net id="412"><net_src comp="403" pin="1"/><net_sink comp="142" pin=2"/></net>

<net id="416"><net_src comp="211" pin="1"/><net_sink comp="413" pin=0"/></net>

<net id="417"><net_src comp="413" pin="1"/><net_sink comp="89" pin=2"/></net>

<net id="421"><net_src comp="81" pin="3"/><net_sink comp="418" pin=0"/></net>

<net id="422"><net_src comp="418" pin="1"/><net_sink comp="45" pin=3"/></net>

<net id="426"><net_src comp="45" pin="5"/><net_sink comp="423" pin=0"/></net>

<net id="427"><net_src comp="423" pin="1"/><net_sink comp="45" pin=1"/></net>

<net id="434"><net_src comp="89" pin="3"/><net_sink comp="431" pin=0"/></net>

<net id="435"><net_src comp="431" pin="1"/><net_sink comp="57" pin=0"/></net>

</net_list>

</model> 
---------------- Datapath Model END ------------------

* FSMD analyzer results:
  - Output states:
  - Chain level:
	State 1
		a_priority_addr : 1
		temp_priority : 2
		a_data_addr : 1
		temp_data : 2
	State 2
	State 3
		tmp_11 : 1
		j : 1
		tmp_s : 1
		stg_23 : 2
		tmp_1 : 1
		j_2 : 2
		tmp_2 : 3
		a_priority_addr_1 : 4
		a_priority_load : 5
		tmp_3 : 1
		a_priority_addr_2 : 2
		a_priority_load_1 : 3
	State 4
		tmp_4 : 1
		p_j : 2
		j_1 : 3
	State 5
		a_priority_addr_3 : 1
		a_priority_load_2 : 2
	State 6
		tmp_6 : 1
		stg_42 : 2
		a_data_load : 1
	State 7
		p_lshr : 1
		tmp_14 : 2
		p_neg_t : 3
		tmp_15 : 1
		tmp_9 : 4
		tmp_10 : 5
		a_priority_addr_5 : 6
		stg_55 : 7
		a_data_addr_2 : 6
		stg_58 : 7
	State 8
		tmp_17 : 1
		p_neg1 : 1
		p_lshr1 : 2
		tmp_12 : 3
		p_neg_t1 : 4
		p_lshr_f1 : 1
		tmp_13 : 2
		tmp_7 : 5
		tmp_8 : 6
		a_priority_addr_4 : 7
		stg_71 : 8
		a_data_addr_1 : 7
		stg_73 : 8


============================================================
+ Verbose Summary: Datapath Resource usage 
============================================================

* Functional unit list:
|----------|-------------------|---------|---------|
| Operation|  Functional Unit  |    FF   |   LUT   |
|----------|-------------------|---------|---------|
|          |    tmp_s_fu_165   |    0    |    40   |
|   icmp   |    tmp_1_fu_170   |    0    |    40   |
|          |    tmp_4_fu_193   |    0    |    40   |
|          |    tmp_6_fu_215   |    0    |    40   |
|----------|-------------------|---------|---------|
|          |     p_j_fu_199    |    0    |    32   |
|  select  |     j_1_fu_205    |    0    |    32   |
|          |    tmp_9_fu_265   |    0    |    32   |
|          |    tmp_7_fu_327   |    0    |    32   |
|----------|-------------------|---------|---------|
|          |    p_neg_fu_227   |    0    |    32   |
|    sub   |   p_neg_t_fu_246  |    0    |    31   |
|          |   p_neg1_fu_287   |    0    |    32   |
|          |  p_neg_t1_fu_307  |    0    |    31   |
|----------|-------------------|---------|---------|
|   read   | i_read_read_fu_26 |    0    |    0    |
|          | n_read_read_fu_32 |    0    |    0    |
|----------|-------------------|---------|---------|
|          |     tmp_fu_149    |    0    |    0    |
|          |    tmp_2_fu_183   |    0    |    0    |
|   sext   |    tmp_3_fu_188   |    0    |    0    |
|          |    tmp_5_fu_211   |    0    |    0    |
|          |   tmp_10_fu_273   |    0    |    0    |
|          |    tmp_8_fu_335   |    0    |    0    |
|----------|-------------------|---------|---------|
|   trunc  |   tmp_11_fu_155   |    0    |    0    |
|----------|-------------------|---------|---------|
|    shl   |      j_fu_159     |    0    |    0    |
|----------|-------------------|---------|---------|
|bitconcatenate|     j_2_fu_175    |    0    |    0    |
|----------|-------------------|---------|---------|
| bitselect|   tmp_18_fu_220   |    0    |    0    |
|          |   tmp_17_fu_279   |    0    |    0    |
|----------|-------------------|---------|---------|
|          |   p_lshr_fu_232   |    0    |    0    |
|partselect|  p_lshr_f_fu_252  |    0    |    0    |
|          |   p_lshr1_fu_293  |    0    |    0    |
|          |  p_lshr_f1_fu_313 |    0    |    0    |
|----------|-------------------|---------|---------|
|          |   tmp_14_fu_242   |    0    |    0    |
|   zext   |   tmp_15_fu_261   |    0    |    0    |
|          |   tmp_12_fu_303   |    0    |    0    |
|          |   tmp_13_fu_323   |    0    |    0    |
|----------|-------------------|---------|---------|
|   Total  |                   |    0    |   414   |
|----------|-------------------|---------|---------|

Memories:
N/A

* Register list:
+-------------------------+--------+
|                         |   FF   |
+-------------------------+--------+
|  a_data_addr_3_reg_431  |    8   |
|   a_data_addr_reg_351   |    8   |
|a_priority_addr_1_reg_393|    8   |
|a_priority_addr_2_reg_398|    8   |
|a_priority_addr_3_reg_418|    8   |
| a_priority_addr_reg_346 |    8   |
|a_priority_load_2_reg_423|   32   |
|      i_read_reg_341     |   32   |
|      j_0_in_reg_130     |   32   |
|       j_1_reg_403       |   32   |
|       j_2_reg_388       |   32   |
|       j_3_reg_139       |   32   |
|        j_reg_373        |   32   |
|      n_read_reg_356     |   32   |
|    temp_data_reg_368    |   32   |
|  temp_priority_reg_362  |   32   |
|      tmp_1_reg_383      |    1   |
|      tmp_5_reg_413      |   64   |
+-------------------------+--------+
|          Total          |   433  |
+-------------------------+--------+

* Multiplexer (MUX) list: 
|------------------|------|------|------|--------||---------||---------|
|       Comp       |  Pin | Size |  BW  | S x BW ||  Delay  ||   LUT   |
|------------------|------|------|------|--------||---------||---------|
| grp_access_fu_45 |  p0  |   5  |   8  |   40   ||    8    |
| grp_access_fu_45 |  p3  |   5  |   8  |   40   ||    8    |
| grp_access_fu_57 |  p0  |   6  |   8  |   48   ||    8    |
| grp_access_fu_57 |  p1  |   2  |  32  |   64   ||    32   |
|------------------|------|------|------|--------||---------||---------|
|       Total      |      |      |      |   192  ||  6.762  ||    56   |
|------------------|------|------|------|--------||---------||---------|



* Summary:
+-----------+--------+--------+--------+
|           |  Delay |   FF   |   LUT  |
+-----------+--------+--------+--------+
|  Function |    -   |    0   |   414  |
|   Memory  |    -   |    -   |    -   |
|Multiplexer|    6   |    -   |   56   |
|  Register |    -   |   433  |    -   |
+-----------+--------+--------+--------+
|   Total   |    6   |   433  |   470  |
+-----------+--------+--------+--------+
