

================================================================
== Vivado HLS Report for 'runQueue'
================================================================
* Date:           Tue Dec  1 22:55:27 2015

* Version:        2014.1 (build date: Fri Apr 04 13:20:25 PM 2014)
* Project:        CAV_MinHeap
* Solution:       solution1
* Product family: zynq zynq_fpv6 
* Target device:  xc7z020clg484-1


================================================================
== Performance Estimates
================================================================
+ Timing (ns): 
    * Summary: 
    +---------+-------+----------+------------+
    |  Clock  | Target| Estimated| Uncertainty|
    +---------+-------+----------+------------+
    |default  |  10.00|      8.64|        1.25|
    +---------+-------+----------+------------+

+ Latency (clock cycles): 
    * Summary: 
    +-----+-----+-----+-----+---------+
    |  Latency  |  Interval | Pipeline|
    | min | max | min | max |   Type  |
    +-----+-----+-----+-----+---------+
    |    ?|    ?|    ?|    ?|   none  |
    +-----+-----+-----+-----+---------+

    + Detail: 
        * Instance: 
        N/A

        * Loop: 
        +----------+-----+-----+----------+-----------+-----------+-------+----------+
        |          |  Latency  | Iteration|  Initiation Interval  |  Trip |          |
        | Loop Name| min | max |  Latency |  achieved |   target  | Count | Pipelined|
        +----------+-----+-----+----------+-----------+-----------+-------+----------+
        |- Loop 1  |    ?|    ?|         ?|          -|          -|  10000|    no    |
        +----------+-----+-----+----------+-----------+-----------+-------+----------+



================================================================
== Utilization Estimates
================================================================
* Summary: 
+-----------------+---------+-------+--------+-------+
|       Name      | BRAM_18K| DSP48E|   FF   |  LUT  |
+-----------------+---------+-------+--------+-------+
|Expression       |        -|      -|       -|      -|
|FIFO             |        -|      -|       -|      -|
|Instance         |        -|      -|       -|      -|
|Memory           |        -|      -|       -|      -|
|Multiplexer      |        -|      -|       -|      -|
|Register         |        -|      -|       -|      -|
+-----------------+---------+-------+--------+-------+
|Total            |        0|      0|       0|      0|
+-----------------+---------+-------+--------+-------+
|Available        |      280|    220|  106400|  53200|
+-----------------+---------+-------+--------+-------+
|Utilization (%)  |        0|      0|       0|      0|
+-----------------+---------+-------+--------+-------+

+ Detail: 
    * Instance: 
    N/A

    * Memory: 
    N/A

    * FIFO: 
    N/A

    * Expression: 
    N/A

    * Multiplexer: 
    N/A

    * Register: 
    N/A



================================================================
== Interface
================================================================
* Summary: 
N/A

============================================================
+ Verbose Summary: Synthesis Manager
============================================================
InlineROM: 1
ExposeGlobal: 0
============================================================
+ Verbose Summary: CDFG Model
============================================================
IsTopModel: 1
ResetActiveHigh: 1
IsCombinational: 0
IsDatapathOnly: 0
HasWiredReturn: 1
HasMFsm: 0
HasVarLatency: 1
IsPipeline: 0
IsRtlPipelined: 0
IsInstanceOverlapped: 0
IsDontTouch: 0
HasImplIP: 0
IsGatedGlobalClock: 0


============================================================
+ Verbose Summary: Schedule
============================================================
* Number of FSM states: 3
* Pipeline: 0
* Dataflow Pipeline: 0

* FSM state transitions: 
1 --> 
	2  / true
2 --> 
	3  / (!exitcond)
3 --> 
	2  / true
* FSM state operations: 

 <State 1>: 1.39ns
ST_1: stg_4 [1/1] 0.00ns
:0  call void (...)* @_ssdm_op_SpecBitsMap(i1 false) nounwind, !map !7

ST_1: stg_5 [1/1] 0.00ns
:1  call void (...)* @_ssdm_op_SpecTopModule([9 x i8]* @str) nounwind

ST_1: stg_6 [1/1] 0.00ns
:2  call void (...)* @_ssdm_op_SpecWire(i32 0, [11 x i8]* @p_str, i32 0, i32 0, i32 0, i32 0, [1 x i8]* @p_str1, [1 x i8]* @p_str1, [1 x i8]* @p_str1) nounwind

ST_1: stg_7 [1/1] 0.00ns
:3  call void (...)* @_ssdm_op_SpecIFCore(i32 0, [1 x i8]* @p_str1, [10 x i8]* @p_str2, [1 x i8]* @p_str1, [1 x i8]* @p_str1, [1 x i8]* @p_str1, [1 x i8]* @p_str1) nounwind

ST_1: stg_8 [1/1] 1.39ns
:4  br label %1


 <State 2>: 2.21ns
ST_2: result [1/1] 0.00ns
:0  %result = phi i1 [ true, %0 ], [ %result_1, %2 ]

ST_2: i [1/1] 0.00ns
:1  %i = phi i14 [ 0, %0 ], [ %i_1, %2 ]

ST_2: exitcond [1/1] 2.21ns
:2  %exitcond = icmp eq i14 %i, -6384

ST_2: empty [1/1] 0.00ns
:3  %empty = call i32 (...)* @_ssdm_op_SpecLoopTripCount(i64 10000, i64 10000, i64 10000) nounwind

ST_2: i_1 [1/1] 1.96ns
:4  %i_1 = add i14 %i, 1

ST_2: stg_14 [1/1] 0.00ns
:5  br i1 %exitcond, label %3, label %2

ST_2: tmp [2/2] 0.00ns
:0  %tmp = call fastcc zeroext i1 @runTest()

ST_2: stg_16 [1/1] 0.00ns
:0  ret i1 %result


 <State 3>: 1.37ns
ST_3: tmp [1/2] 0.00ns
:0  %tmp = call fastcc zeroext i1 @runTest()

ST_3: result_1 [1/1] 1.37ns
:1  %result_1 = and i1 %tmp, %result

ST_3: stg_19 [1/1] 0.00ns
:2  br label %1



============================================================
+ Verbose Summary: Binding
============================================================
STG Binding: 
---------------- STG Properties BEGIN ----------------
- Is combinational: 0
- Is one-state seq: 0
- Is datapath-only: 0
- Is clock enabled: 0
- Is pipelined: 0
- Is top level: 1
Port [ Return ] is wired: 1; IO mode=ap_ctrl_hs:ce=0
Port [ size]:  wired=0; compound=0; hidden=1; nouse=1; global=1; static=1; extern=0; dir=2; type=0; mode=0x4c25330; pingpong=0; private_global=0; linkage=7; visibility=0; IO mode=ap_ovld:ce=0
Port [ queueDataHeap_priority]:  wired=0; compound=1; hidden=1; nouse=1; global=1; static=1; extern=0; dir=2; type=1; mode=0x4bdf8a0; pingpong=0; private_global=0; linkage=7; visibility=0; MemPort=[22]; IO mode=ap_memory:ce=0
Port [ queueDataHeap_data]:  wired=0; compound=1; hidden=1; nouse=1; global=1; static=1; extern=0; dir=2; type=1; mode=0x4c19110; pingpong=0; private_global=0; linkage=7; visibility=0; MemPort=[22]; IO mode=ap_memory:ce=0
Port [ random_priorities]:  wired=0; compound=1; hidden=1; nouse=1; global=1; static=0; extern=0; dir=0; type=1; mode=0x4bea5f0; pingpong=0; private_global=0; linkage=0; visibility=0; MemPort=[1]; IO mode=ap_memory:ce=0
---------------- STG Properties END ------------------

---------------- Datapath Model BEGIN ----------------

<LifeTime>
<method=bitvector/>
stg_4    (specbitsmap      ) [ 0000]
stg_5    (spectopmodule    ) [ 0000]
stg_6    (specwire         ) [ 0000]
stg_7    (specifcore       ) [ 0000]
stg_8    (br               ) [ 0111]
result   (phi              ) [ 0011]
i        (phi              ) [ 0010]
exitcond (icmp             ) [ 0011]
empty    (speclooptripcount) [ 0000]
i_1      (add              ) [ 0111]
stg_14   (br               ) [ 0000]
stg_16   (ret              ) [ 0000]
tmp      (call             ) [ 0000]
result_1 (and              ) [ 0111]
stg_19   (br               ) [ 0111]
</LifeTime>

<model>

<comp_list>
<comp id="0" class="1000" name="size">
<pin_list>
<pin id="1" dir="1" index="0" bw="1" slack="0"/>
</pin_list>
<bind>
<StgValue><ssdm name="size"/></StgValue>
</bind>
</comp>

<comp id="2" class="1000" name="queueDataHeap_priority">
<pin_list>
<pin id="3" dir="1" index="0" bw="1" slack="0"/>
</pin_list>
<bind>
<StgValue><ssdm name="queueDataHeap_priority"/><MemPortTyVec>2 2 </MemPortTyVec>
</StgValue>
</bind>
</comp>

<comp id="4" class="1000" name="queueDataHeap_data">
<pin_list>
<pin id="5" dir="1" index="0" bw="1" slack="0"/>
</pin_list>
<bind>
<StgValue><ssdm name="queueDataHeap_data"/><MemPortTyVec>2 2 </MemPortTyVec>
</StgValue>
</bind>
</comp>

<comp id="6" class="1000" name="random_priorities">
<pin_list>
<pin id="7" dir="1" index="0" bw="1" slack="0"/>
</pin_list>
<bind>
<StgValue><ssdm name="random_priorities"/><MemPortTyVec>1 </MemPortTyVec>
</StgValue>
</bind>
</comp>

<comp id="8" class="1001" name="const_8">
<pin_list>
<pin id="9" dir="1" index="0" bw="1" slack="2147483647"/>
</pin_list>
<bind>
<StgValue><ssdm name="_ssdm_op_SpecBitsMap"/></StgValue>
</bind>
</comp>

<comp id="10" class="1001" name="const_10">
<pin_list>
<pin id="11" dir="1" index="0" bw="1" slack="2147483647"/>
</pin_list>
<bind>
<StgValue><ssdm name=""/></StgValue>
</bind>
</comp>

<comp id="12" class="1001" name="const_12">
<pin_list>
<pin id="13" dir="1" index="0" bw="1" slack="2147483647"/>
</pin_list>
<bind>
<StgValue><ssdm name="_ssdm_op_SpecTopModule"/></StgValue>
</bind>
</comp>

<comp id="14" class="1001" name="const_14">
<pin_list>
<pin id="15" dir="1" index="0" bw="1" slack="2147483647"/>
</pin_list>
<bind>
<StgValue><ssdm name="str"/></StgValue>
</bind>
</comp>

<comp id="16" class="1001" name="const_16">
<pin_list>
<pin id="17" dir="1" index="0" bw="1" slack="2147483647"/>
</pin_list>
<bind>
<StgValue><ssdm name="_ssdm_op_SpecWire"/></StgValue>
</bind>
</comp>

<comp id="18" class="1001" name="const_18">
<pin_list>
<pin id="19" dir="1" index="0" bw="1" slack="2147483647"/>
</pin_list>
<bind>
<StgValue><ssdm name=""/></StgValue>
</bind>
</comp>

<comp id="20" class="1001" name="const_20">
<pin_list>
<pin id="21" dir="1" index="0" bw="1" slack="2147483647"/>
</pin_list>
<bind>
<StgValue><ssdm name="p_str"/></StgValue>
</bind>
</comp>

<comp id="22" class="1001" name="const_22">
<pin_list>
<pin id="23" dir="1" index="0" bw="1" slack="2147483647"/>
</pin_list>
<bind>
<StgValue><ssdm name="p_str1"/></StgValue>
</bind>
</comp>

<comp id="24" class="1001" name="const_24">
<pin_list>
<pin id="25" dir="1" index="0" bw="1" slack="2147483647"/>
</pin_list>
<bind>
<StgValue><ssdm name="_ssdm_op_SpecIFCore"/></StgValue>
</bind>
</comp>

<comp id="26" class="1001" name="const_26">
<pin_list>
<pin id="27" dir="1" index="0" bw="1" slack="2147483647"/>
</pin_list>
<bind>
<StgValue><ssdm name="p_str2"/></StgValue>
</bind>
</comp>

<comp id="28" class="1001" name="const_28">
<pin_list>
<pin id="29" dir="1" index="0" bw="1" slack="1"/>
</pin_list>
<bind>
<StgValue><ssdm name=""/></StgValue>
</bind>
</comp>

<comp id="30" class="1001" name="const_30">
<pin_list>
<pin id="31" dir="1" index="0" bw="1" slack="1"/>
</pin_list>
<bind>
<StgValue><ssdm name=""/></StgValue>
</bind>
</comp>

<comp id="32" class="1001" name="const_32">
<pin_list>
<pin id="33" dir="1" index="0" bw="1" slack="0"/>
</pin_list>
<bind>
<StgValue><ssdm name=""/></StgValue>
</bind>
</comp>

<comp id="34" class="1001" name="const_34">
<pin_list>
<pin id="35" dir="1" index="0" bw="1" slack="2147483647"/>
</pin_list>
<bind>
<StgValue><ssdm name="_ssdm_op_SpecLoopTripCount"/></StgValue>
</bind>
</comp>

<comp id="36" class="1001" name="const_36">
<pin_list>
<pin id="37" dir="1" index="0" bw="1" slack="2147483647"/>
</pin_list>
<bind>
<StgValue><ssdm name=""/></StgValue>
</bind>
</comp>

<comp id="38" class="1001" name="const_38">
<pin_list>
<pin id="39" dir="1" index="0" bw="1" slack="0"/>
</pin_list>
<bind>
<StgValue><ssdm name=""/></StgValue>
</bind>
</comp>

<comp id="40" class="1001" name="const_40">
<pin_list>
<pin id="41" dir="1" index="0" bw="1" slack="0"/>
</pin_list>
<bind>
<StgValue><ssdm name="runTest"/></StgValue>
</bind>
</comp>

<comp id="42" class="1005" name="result_reg_42">
<pin_list>
<pin id="43" dir="0" index="0" bw="1" slack="1"/>
<pin id="44" dir="1" index="1" bw="1" slack="1"/>
</pin_list>
<bind>
<opset="result (phireg) "/>
</bind>
</comp>

<comp id="46" class="1004" name="result_phi_fu_46">
<pin_list>
<pin id="47" dir="0" index="0" bw="1" slack="1"/>
<pin id="48" dir="0" index="1" bw="0" slack="2147483647"/>
<pin id="49" dir="0" index="2" bw="1" slack="1"/>
<pin id="50" dir="0" index="3" bw="0" slack="2147483647"/>
<pin id="51" dir="1" index="4" bw="1" slack="1"/>
</pin_list>
<bind>
<opcode="phi(47) " fcode="phi"/>
<opset="result/2 "/>
</bind>
</comp>

<comp id="54" class="1005" name="i_reg_54">
<pin_list>
<pin id="55" dir="0" index="0" bw="14" slack="1"/>
<pin id="56" dir="1" index="1" bw="14" slack="1"/>
</pin_list>
<bind>
<opset="i (phireg) "/>
</bind>
</comp>

<comp id="58" class="1004" name="i_phi_fu_58">
<pin_list>
<pin id="59" dir="0" index="0" bw="1" slack="1"/>
<pin id="60" dir="0" index="1" bw="0" slack="2147483647"/>
<pin id="61" dir="0" index="2" bw="14" slack="0"/>
<pin id="62" dir="0" index="3" bw="0" slack="2147483647"/>
<pin id="63" dir="1" index="4" bw="14" slack="0"/>
</pin_list>
<bind>
<opcode="phi(47) " fcode="phi"/>
<opset="i/2 "/>
</bind>
</comp>

<comp id="66" class="1004" name="grp_runTest_fu_66">
<pin_list>
<pin id="67" dir="0" index="0" bw="1" slack="0"/>
<pin id="68" dir="0" index="1" bw="32" slack="0"/>
<pin id="69" dir="0" index="2" bw="32" slack="0"/>
<pin id="70" dir="0" index="3" bw="32" slack="0"/>
<pin id="71" dir="0" index="4" bw="9" slack="0"/>
<pin id="72" dir="1" index="5" bw="1" slack="0"/>
</pin_list>
<bind>
<opcode="call(48) " fcode="call"/>
<opset="tmp/2 "/>
</bind>
</comp>

<comp id="78" class="1004" name="exitcond_fu_78">
<pin_list>
<pin id="79" dir="0" index="0" bw="14" slack="0"/>
<pin id="80" dir="0" index="1" bw="14" slack="0"/>
<pin id="81" dir="1" index="2" bw="1" slack="2147483647"/>
</pin_list>
<bind>
<opcode="icmp(45) " fcode="icmp"/>
<opset="exitcond/2 "/>
</bind>
</comp>

<comp id="84" class="1004" name="i_1_fu_84">
<pin_list>
<pin id="85" dir="0" index="0" bw="14" slack="0"/>
<pin id="86" dir="0" index="1" bw="1" slack="0"/>
<pin id="87" dir="1" index="2" bw="14" slack="0"/>
</pin_list>
<bind>
<opcode="add(8) " fcode="add"/>
<opset="i_1/2 "/>
</bind>
</comp>

<comp id="90" class="1004" name="result_1_fu_90">
<pin_list>
<pin id="91" dir="0" index="0" bw="1" slack="0"/>
<pin id="92" dir="0" index="1" bw="1" slack="1"/>
<pin id="93" dir="1" index="2" bw="1" slack="1"/>
</pin_list>
<bind>
<opcode="and(23) " fcode="and"/>
<opset="result_1/3 "/>
</bind>
</comp>

<comp id="99" class="1005" name="i_1_reg_99">
<pin_list>
<pin id="100" dir="0" index="0" bw="14" slack="0"/>
<pin id="101" dir="1" index="1" bw="14" slack="0"/>
</pin_list>
<bind>
<opset="i_1 "/>
</bind>
</comp>

<comp id="104" class="1005" name="result_1_reg_104">
<pin_list>
<pin id="105" dir="0" index="0" bw="1" slack="1"/>
<pin id="106" dir="1" index="1" bw="1" slack="1"/>
</pin_list>
<bind>
<opset="result_1 "/>
</bind>
</comp>

</comp_list>

<net_list>
<net id="45"><net_src comp="28" pin="0"/><net_sink comp="42" pin=0"/></net>

<net id="52"><net_src comp="42" pin="1"/><net_sink comp="46" pin=0"/></net>

<net id="53"><net_src comp="46" pin="4"/><net_sink comp="42" pin=0"/></net>

<net id="57"><net_src comp="30" pin="0"/><net_sink comp="54" pin=0"/></net>

<net id="64"><net_src comp="54" pin="1"/><net_sink comp="58" pin=0"/></net>

<net id="73"><net_src comp="40" pin="0"/><net_sink comp="66" pin=0"/></net>

<net id="74"><net_src comp="0" pin="0"/><net_sink comp="66" pin=1"/></net>

<net id="75"><net_src comp="2" pin="0"/><net_sink comp="66" pin=2"/></net>

<net id="76"><net_src comp="4" pin="0"/><net_sink comp="66" pin=3"/></net>

<net id="77"><net_src comp="6" pin="0"/><net_sink comp="66" pin=4"/></net>

<net id="82"><net_src comp="58" pin="4"/><net_sink comp="78" pin=0"/></net>

<net id="83"><net_src comp="32" pin="0"/><net_sink comp="78" pin=1"/></net>

<net id="88"><net_src comp="58" pin="4"/><net_sink comp="84" pin=0"/></net>

<net id="89"><net_src comp="38" pin="0"/><net_sink comp="84" pin=1"/></net>

<net id="94"><net_src comp="66" pin="5"/><net_sink comp="90" pin=0"/></net>

<net id="95"><net_src comp="42" pin="1"/><net_sink comp="90" pin=1"/></net>

<net id="102"><net_src comp="84" pin="2"/><net_sink comp="99" pin=0"/></net>

<net id="103"><net_src comp="99" pin="1"/><net_sink comp="58" pin=2"/></net>

<net id="107"><net_src comp="90" pin="2"/><net_sink comp="104" pin=0"/></net>

<net id="108"><net_src comp="104" pin="1"/><net_sink comp="46" pin=2"/></net>

</net_list>

</model> 
---------------- Datapath Model END ------------------

* FSMD analyzer results:
  - Output states:
  - Chain level:
	State 1
	State 2
		exitcond : 1
		i_1 : 1
		stg_14 : 2
		stg_16 : 1
	State 3
		result_1 : 1


============================================================
+ Verbose Summary: Datapath Resource usage 
============================================================

* Functional unit list:
|----------|-------------------|---------|---------|---------|---------|
| Operation|  Functional Unit  |   BRAM  |  Delay  |    FF   |   LUT   |
|----------|-------------------|---------|---------|---------|---------|
|   call   | grp_runTest_fu_66 |    1    | 30.8844 |   1193  |   1525  |
|----------|-------------------|---------|---------|---------|---------|
|   icmp   |   exitcond_fu_78  |    0    |    0    |    0    |    17   |
|----------|-------------------|---------|---------|---------|---------|
|    add   |     i_1_fu_84     |    0    |    0    |    0    |    14   |
|----------|-------------------|---------|---------|---------|---------|
|    and   |   result_1_fu_90  |    0    |    0    |    0    |    1    |
|----------|-------------------|---------|---------|---------|---------|
|   Total  |                   |    1    | 30.8844 |   1193  |   1557  |
|----------|-------------------|---------|---------|---------|---------|

Memories:
+----------------------+--------+--------+--------+
|                      |  BRAM  |   FF   |   LUT  |
+----------------------+--------+--------+--------+
|  queueDataHeap_data  |    1   |    0   |    0   |
|queueDataHeap_priority|    1   |    0   |    0   |
|   random_priorities  |    1   |    -   |    -   |
+----------------------+--------+--------+--------+
|         Total        |    3   |    0   |    0   |
+----------------------+--------+--------+--------+

* Register list:
+----------------+--------+
|                |   FF   |
+----------------+--------+
|   i_1_reg_99   |   14   |
|    i_reg_54    |   14   |
|result_1_reg_104|    1   |
|  result_reg_42 |    1   |
+----------------+--------+
|      Total     |   30   |
+----------------+--------+

* Multiplexer (MUX) list: 
|---------------|------|------|------|--------||---------||---------|
|      Comp     |  Pin | Size |  BW  | S x BW ||  Delay  ||   LUT   |
|---------------|------|------|------|--------||---------||---------|
| result_reg_42 |  p0  |   2  |   1  |    2   ||    1    |
|---------------|------|------|------|--------||---------||---------|
|     Total     |      |      |      |    2   ||  1.297  ||    1    |
|---------------|------|------|------|--------||---------||---------|



* Summary:
+-----------+--------+--------+--------+--------+
|           |  BRAM  |  Delay |   FF   |   LUT  |
+-----------+--------+--------+--------+--------+
|  Function |    1   |   30   |  1193  |  1557  |
|   Memory  |    3   |    -   |    0   |    0   |
|Multiplexer|    -   |    1   |    -   |    1   |
|  Register |    -   |    -   |   30   |    -   |
+-----------+--------+--------+--------+--------+
|   Total   |    4   |   32   |  1223  |  1558  |
+-----------+--------+--------+--------+--------+
