
*** Running vivado
    with args -log design_1_wrapper.vdi -applog -m64 -messageDb vivado.pb -mode batch -source design_1_wrapper.tcl -notrace


****** Vivado v2014.2 (64-bit)
  **** SW Build 932637 on Wed Jun 11 13:08:52 MDT 2014
  **** IP Build 924643 on Fri May 30 09:20:16 MDT 2014
    ** Copyright 1986-2014 Xilinx, Inc. All Rights Reserved.

source design_1_wrapper.tcl -notrace
CRITICAL WARNING: [Board 49-4] Problem parsing board_part file - /Xilinx/Vivado/2014.2/data/boards/board_parts/zynq/zc706/1.0/board_part.xml, The board part 'xc7z045ffg900-2' is either not supported or invalid.
CRITICAL WARNING: [Board 49-4] Problem parsing board_part file - /Xilinx/Vivado/2014.2/data/boards/board_parts/zynq/zc706/0.9/board_part.xml, The board part 'xc7z045ffg900-2' is either not supported or invalid.
CRITICAL WARNING: [Board 49-4] Problem parsing board_part file - /Xilinx/Vivado/2014.2/data/boards/board_parts/kintex7/kc705/1.0/board_part.xml, The board part 'xc7k325tffg900-2' is either not supported or invalid.
CRITICAL WARNING: [Board 49-4] Problem parsing board_part file - /Xilinx/Vivado/2014.2/data/boards/board_parts/kintex7/kc705/0.9/board_part.xml, The board part 'xc7k325tffg900-2' is either not supported or invalid.
Design is defaulting to srcset: sources_1
Design is defaulting to constrset: constrs_1
INFO: [Netlist 29-17] Analyzing 91 Unisim elements for replacement
INFO: [Netlist 29-28] Unisim Transformation completed in 0 CPU seconds
INFO: [Project 1-479] Netlist was created with Vivado 2014.2
Loading clock regions from /Xilinx/Vivado/2014.2/data/parts/xilinx/zynq/zynq/xc7z020/ClockRegion.xml
Loading clock buffers from /Xilinx/Vivado/2014.2/data/parts/xilinx/zynq/zynq/xc7z020/ClockBuffers.xml
Loading clock placement rules from /Xilinx/Vivado/2014.2/data/parts/xilinx/zynq/ClockPlacerRules.xml
Loading package pin functions from /Xilinx/Vivado/2014.2/data/parts/xilinx/zynq/PinFunctions.xml...
Loading package from /Xilinx/Vivado/2014.2/data/parts/xilinx/zynq/zynq/xc7z020/clg484/Package.xml
Loading io standards from /Xilinx/Vivado/2014.2/data/./parts/xilinx/zynq/IOStandards.xml
INFO: [Opt 31-140] Inserted 0 IBUFs to IO ports without IO buffers.
INFO: [Opt 31-141] Inserted 0 OBUFs to IO ports without IO buffers.
Parsing XDC File [/home/michael/ecen5139_final_project/CAV_Vivado_NoHdmi/CAV_Vivado_NoHdmi.srcs/sources_1/bd/design_1/ip/design_1_processing_system7_0_0/design_1_processing_system7_0_0.xdc] for cell 'design_1_i/processing_system7_0/inst'
Finished Parsing XDC File [/home/michael/ecen5139_final_project/CAV_Vivado_NoHdmi/CAV_Vivado_NoHdmi.srcs/sources_1/bd/design_1/ip/design_1_processing_system7_0_0/design_1_processing_system7_0_0.xdc] for cell 'design_1_i/processing_system7_0/inst'
Parsing XDC File [/home/michael/ecen5139_final_project/CAV_Vivado_NoHdmi/CAV_Vivado_NoHdmi.srcs/sources_1/bd/design_1/ip/design_1_rst_processing_system7_0_100M_0/design_1_rst_processing_system7_0_100M_0.xdc] for cell 'design_1_i/rst_processing_system7_0_100M'
Finished Parsing XDC File [/home/michael/ecen5139_final_project/CAV_Vivado_NoHdmi/CAV_Vivado_NoHdmi.srcs/sources_1/bd/design_1/ip/design_1_rst_processing_system7_0_100M_0/design_1_rst_processing_system7_0_100M_0.xdc] for cell 'design_1_i/rst_processing_system7_0_100M'
Parsing XDC File [/home/michael/ecen5139_final_project/CAV_Vivado_NoHdmi/CAV_Vivado_NoHdmi.srcs/sources_1/bd/design_1/ip/design_1_rst_processing_system7_0_100M_0/design_1_rst_processing_system7_0_100M_0_board.xdc] for cell 'design_1_i/rst_processing_system7_0_100M'
Finished Parsing XDC File [/home/michael/ecen5139_final_project/CAV_Vivado_NoHdmi/CAV_Vivado_NoHdmi.srcs/sources_1/bd/design_1/ip/design_1_rst_processing_system7_0_100M_0/design_1_rst_processing_system7_0_100M_0_board.xdc] for cell 'design_1_i/rst_processing_system7_0_100M'
Parsing XDC File [/home/michael/ecen5139_final_project/CAV_Vivado_NoHdmi/CAV_Vivado_NoHdmi.srcs/sources_1/ipshared/ngn.cs.colorado.edu/pqueue_v1_0/1d519e33/constrs_1/imports/verilog/runQueue.xdc] for cell 'design_1_i/pqueue_0'
WARNING: [Vivado 12-663] port, pin or net 'ap_clk' not found. [/home/michael/ecen5139_final_project/CAV_Vivado_NoHdmi/CAV_Vivado_NoHdmi.srcs/sources_1/ipshared/ngn.cs.colorado.edu/pqueue_v1_0/1d519e33/constrs_1/imports/verilog/runQueue.xdc:1]
CRITICAL WARNING: [Vivado 12-1387] No valid object(s) found for create_clock constraint with option '-objects ap_clk'. [/home/michael/ecen5139_final_project/CAV_Vivado_NoHdmi/CAV_Vivado_NoHdmi.srcs/sources_1/ipshared/ngn.cs.colorado.edu/pqueue_v1_0/1d519e33/constrs_1/imports/verilog/runQueue.xdc:1]
Resolution: Check if the specified object(s) exists in the current design. If it does, ensure that the correct design hierarchy was specified for the object.
Finished Parsing XDC File [/home/michael/ecen5139_final_project/CAV_Vivado_NoHdmi/CAV_Vivado_NoHdmi.srcs/sources_1/ipshared/ngn.cs.colorado.edu/pqueue_v1_0/1d519e33/constrs_1/imports/verilog/runQueue.xdc] for cell 'design_1_i/pqueue_0'
INFO: [Opt 31-138] Pushed 0 inverter(s) to 0 load pin(s).
INFO: [Project 1-111] Unisim Transformation Summary:
No Unisim elements were transformed.

link_design: Time (s): cpu = 00:00:07 ; elapsed = 00:00:12 . Memory (MB): peak = 1006.301 ; gain = 259.441
Command: opt_design
Attempting to get a license for feature 'Implementation' and/or device 'xc7z020'
INFO: [Common 17-349] Got license for feature 'Implementation' and/or device 'xc7z020'
Running DRC as a precondition to command opt_design

Starting DRC Task
INFO: [Drc 23-27] Running DRC with 4 threads
INFO: [Project 1-461] DRC finished with 0 Errors
INFO: [Project 1-462] Please refer to the DRC report (report_drc) for more information.

Time (s): cpu = 00:00:00.12 ; elapsed = 00:00:00.13 . Memory (MB): peak = 1014.312 ; gain = 8.008
INFO: [Timing 38-35] Done setting XDC timing constraints.

Starting Logic Optimization Task

Phase 1 Retarget

INFO: [Opt 31-138] Pushed 0 inverter(s) to 0 load pin(s).
INFO: [Opt 31-49] Retargeted 0 cell(s).
Phase 1 Retarget | Checksum: 1a8cdb2b7

Time (s): cpu = 00:00:00.15 ; elapsed = 00:00:00.15 . Memory (MB): peak = 1399.812 ; gain = 0.000

Phase 2 Constant Propagation
INFO: [Opt 31-138] Pushed 0 inverter(s) to 0 load pin(s).
INFO: [Opt 31-10] Eliminated 164 cells.
Phase 2 Constant Propagation | Checksum: 17ff78166

Time (s): cpu = 00:00:00.62 ; elapsed = 00:00:00.62 . Memory (MB): peak = 1399.812 ; gain = 0.000

Phase 3 Sweep
INFO: [Opt 31-12] Eliminated 595 unconnected nets.
INFO: [Opt 31-140] Inserted 0 IBUFs to IO ports without IO buffers.
INFO: [Opt 31-141] Inserted 0 OBUFs to IO ports without IO buffers.
INFO: [Opt 31-11] Eliminated 325 unconnected cells.
Phase 3 Sweep | Checksum: e39aa8f8

Time (s): cpu = 00:00:01 ; elapsed = 00:00:01 . Memory (MB): peak = 1399.812 ; gain = 0.000
Ending Logic Optimization Task | Checksum: e39aa8f8

Time (s): cpu = 00:00:01 ; elapsed = 00:00:01 . Memory (MB): peak = 1399.812 ; gain = 0.000
Implement Debug Cores | Checksum: 202430762
Logic Optimization | Checksum: 202430762

Starting Power Optimization Task
INFO: [Pwropt 34-132] Will skip clock gating for clocks with period < 3.12 ns.
INFO: [Pwropt 34-9] Applying IDT optimizations ...
INFO: [Pwropt 34-10] Applying ODC optimizations ...


Starting PowerOpt Patch Enables Task
INFO: [Pwropt 34-162] WRITE_MODE attribute of 0 BRAM(s) out of a total of 1 has been updated to save power.
    Run report_power_opt to get a complete listing of the BRAMs updated.
INFO: [Pwropt 34-201] Structural ODC has moved 0 WE to EN ports
Number of BRAM Ports augmented: 0 newly gated: 0 Total Ports: 2
Ending PowerOpt Patch Enables Task | Checksum: e39aa8f8

Time (s): cpu = 00:00:00.01 ; elapsed = 00:00:00 . Memory (MB): peak = 1471.820 ; gain = 0.000
Ending Power Optimization Task | Checksum: e39aa8f8

Time (s): cpu = 00:00:00.55 ; elapsed = 00:00:00.68 . Memory (MB): peak = 1471.820 ; gain = 72.008
INFO: [Common 17-83] Releasing license: Implementation
26 Infos, 1 Warnings, 5 Critical Warnings and 0 Errors encountered.
opt_design completed successfully
opt_design: Time (s): cpu = 00:00:11 ; elapsed = 00:00:11 . Memory (MB): peak = 1471.820 ; gain = 465.516
Writing XDEF routing.
Writing XDEF routing logical nets.
Writing XDEF routing special nets.
Write XDEF Complete: Time (s): cpu = 00:00:00.17 ; elapsed = 00:00:00.17 . Memory (MB): peak = 1471.824 ; gain = 0.000
Command: place_design
Attempting to get a license for feature 'Implementation' and/or device 'xc7z020'
INFO: [Common 17-349] Got license for feature 'Implementation' and/or device 'xc7z020'
Running DRC as a precondition to command place_design
INFO: [Drc 23-27] Running DRC with 4 threads
INFO: [Vivado_Tcl 4-198] DRC finished with 0 Errors
INFO: [Vivado_Tcl 4-199] Please refer to the DRC report (report_drc) for more information.

Starting Placer Task
INFO: [Place 30-611] Multithreading enabled for place_design using a maximum of 4 CPUs

Phase 1 Placer Runtime Estimator
Phase 1 Placer Runtime Estimator | Checksum: ae52cc7a

Time (s): cpu = 00:00:00.04 ; elapsed = 00:00:00.04 . Memory (MB): peak = 1471.824 ; gain = 0.000

Phase 2 Placer Initialization

Phase 2.1 Placer Initialization Core
Netlist sorting complete. Time (s): cpu = 00:00:00 ; elapsed = 00:00:00.01 . Memory (MB): peak = 1471.824 ; gain = 0.000

Phase 2.1.1 Mandatory Logic Optimization
Netlist sorting complete. Time (s): cpu = 00:00:00 ; elapsed = 00:00:00.01 . Memory (MB): peak = 1471.824 ; gain = 0.000
Phase 2.1.1 Mandatory Logic Optimization | Checksum: a0cc9548

Time (s): cpu = 00:00:00.05 ; elapsed = 00:00:00.06 . Memory (MB): peak = 1471.824 ; gain = 0.000

Phase 2.1.2 Build Super Logic Region (SLR) Database
Phase 2.1.2 Build Super Logic Region (SLR) Database | Checksum: a0cc9548

Time (s): cpu = 00:00:00.06 ; elapsed = 00:00:00.08 . Memory (MB): peak = 1471.824 ; gain = 0.000

Phase 2.1.3 Add Constraints
Phase 2.1.3 Add Constraints | Checksum: a0cc9548

Time (s): cpu = 00:00:00.07 ; elapsed = 00:00:00.08 . Memory (MB): peak = 1471.824 ; gain = 0.000

Phase 2.1.4 Build Shapes/ HD Config

Phase 2.1.4.1 Build Macros
Phase 2.1.4.1 Build Macros | Checksum: f42f1292

Time (s): cpu = 00:00:00.41 ; elapsed = 00:00:00.53 . Memory (MB): peak = 1495.832 ; gain = 24.008
Phase 2.1.4 Build Shapes/ HD Config | Checksum: f42f1292

Time (s): cpu = 00:00:00.42 ; elapsed = 00:00:00.53 . Memory (MB): peak = 1495.832 ; gain = 24.008

Phase 2.1.5 IO Placement/ Clock Placement/ Build Placer Device

Phase 2.1.5.1 Pre-Place Cells
Phase 2.1.5.1 Pre-Place Cells | Checksum: a0cc9548

Time (s): cpu = 00:00:00.43 ; elapsed = 00:00:00.54 . Memory (MB): peak = 1495.832 ; gain = 24.008
WARNING: [Place 30-12] An IO Bus FIXED_IO_mio with more than one IO standard is found. Components associated with this bus are: 
	FIXED_IO_mio[53] of IOStandard LVCMOS18
	FIXED_IO_mio[52] of IOStandard LVCMOS18
	FIXED_IO_mio[51] of IOStandard LVCMOS18
	FIXED_IO_mio[50] of IOStandard LVCMOS18
	FIXED_IO_mio[49] of IOStandard LVCMOS18
	FIXED_IO_mio[48] of IOStandard LVCMOS18
	FIXED_IO_mio[47] of IOStandard LVCMOS18
	FIXED_IO_mio[46] of IOStandard LVCMOS18
	FIXED_IO_mio[45] of IOStandard LVCMOS18
	FIXED_IO_mio[44] of IOStandard LVCMOS18
	FIXED_IO_mio[43] of IOStandard LVCMOS18
	FIXED_IO_mio[42] of IOStandard LVCMOS18
	FIXED_IO_mio[41] of IOStandard LVCMOS18
	FIXED_IO_mio[40] of IOStandard LVCMOS18
	FIXED_IO_mio[39] of IOStandard LVCMOS18
	FIXED_IO_mio[38] of IOStandard LVCMOS18
	FIXED_IO_mio[37] of IOStandard LVCMOS18
	FIXED_IO_mio[36] of IOStandard LVCMOS18
	FIXED_IO_mio[35] of IOStandard LVCMOS18
	FIXED_IO_mio[34] of IOStandard LVCMOS18
	FIXED_IO_mio[33] of IOStandard LVCMOS18
	FIXED_IO_mio[32] of IOStandard LVCMOS18
	FIXED_IO_mio[31] of IOStandard LVCMOS18
	FIXED_IO_mio[30] of IOStandard LVCMOS18
	FIXED_IO_mio[29] of IOStandard LVCMOS18
	FIXED_IO_mio[28] of IOStandard LVCMOS18
	FIXED_IO_mio[27] of IOStandard LVCMOS18
	FIXED_IO_mio[26] of IOStandard LVCMOS18
	FIXED_IO_mio[25] of IOStandard LVCMOS18
	FIXED_IO_mio[24] of IOStandard LVCMOS18
	FIXED_IO_mio[23] of IOStandard LVCMOS18
	FIXED_IO_mio[22] of IOStandard LVCMOS18
	FIXED_IO_mio[21] of IOStandard LVCMOS18
	FIXED_IO_mio[20] of IOStandard LVCMOS18
	FIXED_IO_mio[19] of IOStandard LVCMOS18
	FIXED_IO_mio[18] of IOStandard LVCMOS18
	FIXED_IO_mio[17] of IOStandard LVCMOS18
	FIXED_IO_mio[16] of IOStandard LVCMOS18
	FIXED_IO_mio[15] of IOStandard LVCMOS33
	FIXED_IO_mio[14] of IOStandard LVCMOS33
	FIXED_IO_mio[13] of IOStandard LVCMOS33
	FIXED_IO_mio[12] of IOStandard LVCMOS33
	FIXED_IO_mio[11] of IOStandard LVCMOS33
	FIXED_IO_mio[10] of IOStandard LVCMOS33
	FIXED_IO_mio[9] of IOStandard LVCMOS33
	FIXED_IO_mio[8] of IOStandard LVCMOS33
	FIXED_IO_mio[7] of IOStandard LVCMOS33
	FIXED_IO_mio[6] of IOStandard LVCMOS33
	FIXED_IO_mio[5] of IOStandard LVCMOS33
	FIXED_IO_mio[4] of IOStandard LVCMOS33
	FIXED_IO_mio[3] of IOStandard LVCMOS33
	FIXED_IO_mio[2] of IOStandard LVCMOS33
	FIXED_IO_mio[1] of IOStandard LVCMOS33
	FIXED_IO_mio[0] of IOStandard LVCMOS33
INFO: [Timing 38-35] Done setting XDC timing constraints.

Phase 2.1.5.2 IO & Clk Clean Up
Phase 2.1.5.2 IO & Clk Clean Up | Checksum: a0cc9548

Time (s): cpu = 00:00:01 ; elapsed = 00:00:03 . Memory (MB): peak = 1495.832 ; gain = 24.008

Phase 2.1.5.3 Implementation Feasibility check On IDelay
Phase 2.1.5.3 Implementation Feasibility check On IDelay | Checksum: a0cc9548

Time (s): cpu = 00:00:01 ; elapsed = 00:00:03 . Memory (MB): peak = 1495.832 ; gain = 24.008

Phase 2.1.5.4 Commit IO Placement
Phase 2.1.5.4 Commit IO Placement | Checksum: 3f27748e

Time (s): cpu = 00:00:01 ; elapsed = 00:00:03 . Memory (MB): peak = 1495.832 ; gain = 24.008
Phase 2.1.5 IO Placement/ Clock Placement/ Build Placer Device | Checksum: 9289f1d8

Time (s): cpu = 00:00:01 ; elapsed = 00:00:03 . Memory (MB): peak = 1495.832 ; gain = 24.008

Phase 2.1.6 Build Placer Netlist Model

Phase 2.1.6.1 Place Init Design

Phase 2.1.6.1.1 Init Lut Pin Assignment
Phase 2.1.6.1.1 Init Lut Pin Assignment | Checksum: 1426a402d

Time (s): cpu = 00:00:01 ; elapsed = 00:00:03 . Memory (MB): peak = 1495.832 ; gain = 24.008

Phase 2.1.6.1.2 Build Clock Data
Phase 2.1.6.1.2 Build Clock Data | Checksum: 17f10b29d

Time (s): cpu = 00:00:03 ; elapsed = 00:00:04 . Memory (MB): peak = 1495.832 ; gain = 24.008

Phase 2.1.6.1.3 setBudgets in placeInitDesign
Phase 2.1.6.1.3 setBudgets in placeInitDesign | Checksum: 9300ac80

Time (s): cpu = 00:00:03 ; elapsed = 00:00:04 . Memory (MB): peak = 1495.832 ; gain = 24.008
Phase 2.1.6.1 Place Init Design | Checksum: 1312758de

Time (s): cpu = 00:00:03 ; elapsed = 00:00:04 . Memory (MB): peak = 1495.832 ; gain = 24.008
Phase 2.1.6 Build Placer Netlist Model | Checksum: 1312758de

Time (s): cpu = 00:00:03 ; elapsed = 00:00:04 . Memory (MB): peak = 1495.832 ; gain = 24.008

Phase 2.1.7 Constrain Clocks/Macros

Phase 2.1.7.1 Constrain Global/Regional Clocks
Phase 2.1.7.1 Constrain Global/Regional Clocks | Checksum: 1312758de

Time (s): cpu = 00:00:03 ; elapsed = 00:00:04 . Memory (MB): peak = 1495.832 ; gain = 24.008
Phase 2.1.7 Constrain Clocks/Macros | Checksum: 1312758de

Time (s): cpu = 00:00:03 ; elapsed = 00:00:04 . Memory (MB): peak = 1495.832 ; gain = 24.008
Phase 2.1 Placer Initialization Core | Checksum: 1312758de

Time (s): cpu = 00:00:03 ; elapsed = 00:00:04 . Memory (MB): peak = 1495.832 ; gain = 24.008
Phase 2 Placer Initialization | Checksum: 1312758de

Time (s): cpu = 00:00:03 ; elapsed = 00:00:04 . Memory (MB): peak = 1495.832 ; gain = 24.008

Phase 3 Global Placement
Phase 3 Global Placement | Checksum: 1eb98620b

Time (s): cpu = 00:00:12 ; elapsed = 00:00:08 . Memory (MB): peak = 1495.832 ; gain = 24.008

Phase 4 Detail Placement

Phase 4.1 Commit Multi Column Macros
Phase 4.1 Commit Multi Column Macros | Checksum: 1eb98620b

Time (s): cpu = 00:00:12 ; elapsed = 00:00:08 . Memory (MB): peak = 1495.832 ; gain = 24.008

Phase 4.2 Commit Most Macros & LUTRAMs
Phase 4.2 Commit Most Macros & LUTRAMs | Checksum: e39ad997

Time (s): cpu = 00:00:12 ; elapsed = 00:00:09 . Memory (MB): peak = 1495.832 ; gain = 24.008

Phase 4.3 Area Swap Optimization
Phase 4.3 Area Swap Optimization | Checksum: b375020c

Time (s): cpu = 00:00:12 ; elapsed = 00:00:09 . Memory (MB): peak = 1495.832 ; gain = 24.008

Phase 4.4 Timing Path Optimizer
Phase 4.4 Timing Path Optimizer | Checksum: 110e348ad

Time (s): cpu = 00:00:13 ; elapsed = 00:00:09 . Memory (MB): peak = 1495.832 ; gain = 24.008

Phase 4.5 Commit Small Macros & Core Logic

Phase 4.5.1 setBudgets
Phase 4.5.1 setBudgets | Checksum: 10c795411

Time (s): cpu = 00:00:13 ; elapsed = 00:00:09 . Memory (MB): peak = 1495.832 ; gain = 24.008
Phase 4.5 Commit Small Macros & Core Logic | Checksum: 1c32c0ba5

Time (s): cpu = 00:00:14 ; elapsed = 00:00:10 . Memory (MB): peak = 1519.844 ; gain = 48.020

Phase 4.6 Re-assign LUT pins
Phase 4.6 Re-assign LUT pins | Checksum: 1c32c0ba5

Time (s): cpu = 00:00:14 ; elapsed = 00:00:10 . Memory (MB): peak = 1519.844 ; gain = 48.020
Phase 4 Detail Placement | Checksum: 1c32c0ba5

Time (s): cpu = 00:00:14 ; elapsed = 00:00:10 . Memory (MB): peak = 1519.844 ; gain = 48.020

Phase 5 Post Placement Optimization and Clean-Up

Phase 5.1 PCOPT Shape updates
Phase 5.1 PCOPT Shape updates | Checksum: 2174aa48b

Time (s): cpu = 00:00:14 ; elapsed = 00:00:10 . Memory (MB): peak = 1519.844 ; gain = 48.020

Phase 5.2 Post Placement Optimization

Phase 5.2.1 Post Placement Timing Optimization
INFO: [Place 30-746] Post Placement Timing Summary WNS=1.019. For the most accurate timing information please run report_timing.
Phase 5.2.1 Post Placement Timing Optimization | Checksum: 1b0296530

Time (s): cpu = 00:00:15 ; elapsed = 00:00:11 . Memory (MB): peak = 1519.844 ; gain = 48.020
Phase 5.2 Post Placement Optimization | Checksum: 1b0296530

Time (s): cpu = 00:00:15 ; elapsed = 00:00:11 . Memory (MB): peak = 1519.844 ; gain = 48.020

Phase 5.3 Post Placement Cleanup
Phase 5.3 Post Placement Cleanup | Checksum: 1b0296530

Time (s): cpu = 00:00:15 ; elapsed = 00:00:11 . Memory (MB): peak = 1519.844 ; gain = 48.020

Phase 5.4 Placer Reporting

Phase 5.4.1 Restore STA
Phase 5.4.1 Restore STA | Checksum: 1b0296530

Time (s): cpu = 00:00:15 ; elapsed = 00:00:11 . Memory (MB): peak = 1519.844 ; gain = 48.020
Phase 5.4 Placer Reporting | Checksum: 1b0296530

Time (s): cpu = 00:00:15 ; elapsed = 00:00:11 . Memory (MB): peak = 1519.844 ; gain = 48.020

Phase 5.5 Final Placement Cleanup
Phase 5.5 Final Placement Cleanup | Checksum: 168c09813

Time (s): cpu = 00:00:15 ; elapsed = 00:00:11 . Memory (MB): peak = 1519.844 ; gain = 48.020
Phase 5 Post Placement Optimization and Clean-Up | Checksum: 168c09813

Time (s): cpu = 00:00:15 ; elapsed = 00:00:11 . Memory (MB): peak = 1519.844 ; gain = 48.020
Ending Placer Task | Checksum: eab10157

Time (s): cpu = 00:00:15 ; elapsed = 00:00:11 . Memory (MB): peak = 1519.844 ; gain = 48.020
INFO: [Common 17-83] Releasing license: Implementation
34 Infos, 2 Warnings, 5 Critical Warnings and 0 Errors encountered.
place_design completed successfully
place_design: Time (s): cpu = 00:00:15 ; elapsed = 00:00:11 . Memory (MB): peak = 1519.844 ; gain = 48.020
Writing XDEF routing.
Writing XDEF routing logical nets.
Writing XDEF routing special nets.
Write XDEF Complete: Time (s): cpu = 00:00:00.32 ; elapsed = 00:00:00.32 . Memory (MB): peak = 1519.848 ; gain = 0.000
report_utilization: Time (s): cpu = 00:00:00.10 ; elapsed = 00:00:00.14 . Memory (MB): peak = 1519.848 ; gain = 0.000
Command: route_design
Attempting to get a license for feature 'Implementation' and/or device 'xc7z020'
INFO: [Common 17-349] Got license for feature 'Implementation' and/or device 'xc7z020'
Running DRC as a precondition to command route_design
INFO: [Drc 23-27] Running DRC with 4 threads
INFO: [Vivado_Tcl 4-198] DRC finished with 0 Errors, 1 Warnings
INFO: [Vivado_Tcl 4-199] Please refer to the DRC report (report_drc) for more information.


Starting Routing Task
INFO: [Route 35-254] Multithreading enabled for route_design using a maximum of 4 CPUs

Starting Route Task

Phase 1 Build RT Design
Phase 1 Build RT Design | Checksum: 1c30c5240

Time (s): cpu = 00:00:21 ; elapsed = 00:00:17 . Memory (MB): peak = 1617.516 ; gain = 97.668

Phase 2 Router Initialization

Phase 2.1 Create Timer
Phase 2.1 Create Timer | Checksum: 1c30c5240

Time (s): cpu = 00:00:21 ; elapsed = 00:00:17 . Memory (MB): peak = 1617.520 ; gain = 97.672
 Number of Nodes with overlaps = 0

Phase 2.2 Update Timing
Phase 2.2 Update Timing | Checksum: 13dea98fa

Time (s): cpu = 00:00:23 ; elapsed = 00:00:18 . Memory (MB): peak = 1649.570 ; gain = 129.723
INFO: [Route 35-57] Estimated Timing Summary | WNS=1.1    | TNS=0      | WHS=-0.18  | THS=-36.8  |

Phase 2 Router Initialization | Checksum: 13dea98fa

Time (s): cpu = 00:00:23 ; elapsed = 00:00:18 . Memory (MB): peak = 1649.570 ; gain = 129.723

Phase 3 Initial Routing
Phase 3 Initial Routing | Checksum: 101d96812

Time (s): cpu = 00:00:24 ; elapsed = 00:00:19 . Memory (MB): peak = 1649.570 ; gain = 129.723

Phase 4 Rip-up And Reroute

Phase 4.1 Global Iteration 0
 Number of Nodes with overlaps = 366
 Number of Nodes with overlaps = 14
 Number of Nodes with overlaps = 5
 Number of Nodes with overlaps = 1
 Number of Nodes with overlaps = 3
 Number of Nodes with overlaps = 1
 Number of Nodes with overlaps = 1
INFO: [Route 35-325] The following overlapped node exist in the design and there is low overall congestion. 
Resolution: Check for routing resource conflicts on the identified nets or significant localized congestion using the Route Congestion Metrics in the Device View. 
1. INT_R_X27Y75/IMUX38
Overlapping nets: 2
	design_1_i/runQueue_0/inst/runQueue_U/cmdOut_V_preg1010_out
	design_1_i/runQueue_0/inst/runQueue_U/n_4_cmdOut_V[1]_INST_0_i_8

 Number of Nodes with overlaps = 0

Phase 4.1.1 Update Timing
Phase 4.1.1 Update Timing | Checksum: c4ca4893

Time (s): cpu = 00:00:27 ; elapsed = 00:00:20 . Memory (MB): peak = 1649.570 ; gain = 129.723
INFO: [Route 35-57] Estimated Timing Summary | WNS=0.795  | TNS=0      | WHS=N/A    | THS=N/A    |

Phase 4.1 Global Iteration 0 | Checksum: 16787fc3f

Time (s): cpu = 00:00:27 ; elapsed = 00:00:20 . Memory (MB): peak = 1649.570 ; gain = 129.723
Phase 4 Rip-up And Reroute | Checksum: 16787fc3f

Time (s): cpu = 00:00:27 ; elapsed = 00:00:20 . Memory (MB): peak = 1649.570 ; gain = 129.723

Phase 5 Delay CleanUp

Phase 5.1 Update Timing
Phase 5.1 Update Timing | Checksum: 16787fc3f

Time (s): cpu = 00:00:27 ; elapsed = 00:00:20 . Memory (MB): peak = 1649.570 ; gain = 129.723
INFO: [Route 35-57] Estimated Timing Summary | WNS=0.91   | TNS=0      | WHS=N/A    | THS=N/A    |

Phase 5 Delay CleanUp | Checksum: 16787fc3f

Time (s): cpu = 00:00:27 ; elapsed = 00:00:20 . Memory (MB): peak = 1649.570 ; gain = 129.723

Phase 6 Clock Skew Optimization
Phase 6 Clock Skew Optimization | Checksum: 16787fc3f

Time (s): cpu = 00:00:27 ; elapsed = 00:00:20 . Memory (MB): peak = 1649.570 ; gain = 129.723

Phase 7 Post Hold Fix

Phase 7.1 Update Timing
Phase 7.1 Update Timing | Checksum: 16787fc3f

Time (s): cpu = 00:00:27 ; elapsed = 00:00:21 . Memory (MB): peak = 1649.570 ; gain = 129.723
INFO: [Route 35-57] Estimated Timing Summary | WNS=0.91   | TNS=0      | WHS=0.03   | THS=0      |

Phase 7 Post Hold Fix | Checksum: 16787fc3f

Time (s): cpu = 00:00:27 ; elapsed = 00:00:21 . Memory (MB): peak = 1649.570 ; gain = 129.723

Phase 8 Route finalize

Router Utilization Summary
  Global Vertical Routing Utilization    = 0.398623 %
  Global Horizontal Routing Utilization  = 0.473208 %
  Routable Net Status*
  *Does not include unroutable nets such as driverless and loadless.
  Run report_route_status for detailed report.
  Number of Failed Nets               = 0
  Number of Unrouted Nets             = 0
  Number of Partially Routed Nets     = 0
  Number of Node Overlaps             = 0

Phase 8 Route finalize | Checksum: 16787fc3f

Time (s): cpu = 00:00:28 ; elapsed = 00:00:21 . Memory (MB): peak = 1649.570 ; gain = 129.723

Phase 9 Verifying routed nets

 Verification completed successfully
Phase 9 Verifying routed nets | Checksum: 16787fc3f

Time (s): cpu = 00:00:28 ; elapsed = 00:00:21 . Memory (MB): peak = 1649.570 ; gain = 129.723

Phase 10 Depositing Routes
Phase 10 Depositing Routes | Checksum: 12f28d7e3

Time (s): cpu = 00:00:28 ; elapsed = 00:00:21 . Memory (MB): peak = 1649.570 ; gain = 129.723

Phase 11 Post Router Timing
INFO: [Route 35-57] Estimated Timing Summary | WNS=0.91   | TNS=0      | WHS=0.03   | THS=0      |

INFO: [Route 35-327] The final timing numbers are based on the router estimated timing analysis. For a complete and accurate timing signoff, please run report_timing_summary.
Phase 11 Post Router Timing | Checksum: 12f28d7e3

Time (s): cpu = 00:00:28 ; elapsed = 00:00:21 . Memory (MB): peak = 1649.570 ; gain = 129.723
INFO: [Route 35-16] Router Completed Successfully
Ending Route Task | Checksum: 12f28d7e3

Time (s): cpu = 00:00:28 ; elapsed = 00:00:21 . Memory (MB): peak = 1649.570 ; gain = 129.723

Routing Is Done.

Time (s): cpu = 00:00:28 ; elapsed = 00:00:21 . Memory (MB): peak = 1649.570 ; gain = 129.723
INFO: [Common 17-83] Releasing license: Implementation
48 Infos, 2 Warnings, 5 Critical Warnings and 0 Errors encountered.
route_design completed successfully
route_design: Time (s): cpu = 00:00:29 ; elapsed = 00:00:22 . Memory (MB): peak = 1649.570 ; gain = 129.723
Writing XDEF routing.
Writing XDEF routing logical nets.
Writing XDEF routing special nets.
Write XDEF Complete: Time (s): cpu = 00:00:00.41 ; elapsed = 00:00:00.42 . Memory (MB): peak = 1649.574 ; gain = 0.000
INFO: [Drc 23-27] Running DRC with 4 threads
INFO: [Coretcl 2-168] The results of DRC are in file /home/michael/ecen5139_final_project/CAV_Vivado_NoHdmi/CAV_Vivado_NoHdmi.runs/impl_1/design_1_wrapper_drc_routed.rpt.
INFO: [Timing 38-91] UpdateTimingParams: Speed grade: -1, Delay Type: min_max, Constraints type: SDC.
INFO: [Timing 38-191] Multithreading enabled for timing update using a maximum of 4 CPUs
Running Vector-less Activity Propagation...

Finished Running Vector-less Activity Propagation
Attempting to get a license for feature 'Implementation' and/or device 'xc7z020'
INFO: [Common 17-349] Got license for feature 'Implementation' and/or device 'xc7z020'
Running DRC as a precondition to command write_bitstream
INFO: [Drc 23-27] Running DRC with 4 threads
INFO: [Vivado 12-3199] DRC finished with 0 Errors, 1 Warnings
INFO: [Vivado 12-3200] Please refer to the DRC report (report_drc) for more information.
Loading data files...
Loading site data...
Loading route data...
Processing options...
Creating bitmap...
Creating bitstream...
Writing bitstream ./design_1_wrapper.bit...
INFO: [Vivado 12-1842] Bitgen Completed Successfully.
INFO: [Project 1-118] WebTalk data collection is enabled (User setting is ON. Install Setting is ON.).
INFO: [Common 17-186] '/home/michael/ecen5139_final_project/CAV_Vivado_NoHdmi/CAV_Vivado_NoHdmi.runs/impl_1/usage_statistics_webtalk.xml' has been successfully sent to Xilinx on Tue Dec  8 05:11:46 2015. For additional details about this file, please refer to the WebTalk help file at /Xilinx/Vivado/2014.2/doc/webtalk_introduction.html.
INFO: [Common 17-83] Releasing license: Implementation
write_bitstream: Time (s): cpu = 00:00:19 ; elapsed = 00:00:23 . Memory (MB): peak = 1971.645 ; gain = 314.066
INFO: [Common 17-206] Exiting Vivado at Tue Dec  8 05:11:46 2015...
